Iteration	Posterior	Likelihood	Prior	rate_log_sd	rate_loss	rate_neo	tree_length
0	-6067.499	-6267.362	199.8629	1.098502	2.070887	0.3942181	5.00416
6	-6066.485	-6266.401	199.9166	0.9957998	1.922454	0.4685169	5.00416
12	-6076.948	-6277.043	200.0951	1.037646	1.806899	0.5646917	4.83478
18	-6070.828	-6271.112	200.2848	1.018154	1.828267	0.5646917	4.73219
24	-6066.512	-6266.927	200.415	1.077146	2.128329	0.3828866	4.702648
30	-6070.411	-6272.431	202.0202	1.179402	2.107455	0.452636	3.66477
36	-6076.668	-6279.525	202.8578	1.522466	2.214719	0.296228	3.123699
42	-6075.851	-6278.3	202.4497	1.431574	2.043292	0.296228	3.474248
48	-6065.475	-6267.624	202.1484	1.427064	2.434893	0.3484542	3.461976
54	-6060.638	-6262.562	201.924	1.298935	2.434893	0.4286792	3.57537
60	-6069.166	-6270.816	201.65	1.119435	2.057548	0.4334644	3.948535
66	-6062.961	-6264.391	201.4303	1.257159	2.590446	0.3903993	3.882566
72	-6065.437	-6264.135	198.6974	0.973099	2.328522	0.4364937	5.595569
78	-6069.054	-6268.765	199.7112	1.084379	2.414433	0.4364937	4.949701
84	-6076.185	-6275.938	199.753	0.9701796	2.522294	0.4469422	4.949701
90	-6065.364	-6265.716	200.3523	1.041122	2.328415	0.4469422	4.630051
96	-6067.241	-6266.801	199.5602	1.064501	2.226804	0.4469422	5.088487
102	-6071.104	-6271.048	199.9445	1.063958	2.226804	0.4469422	4.875196
108	-6070.531	-6269.861	199.3303	1.008361	2.137057	0.3809257	5.342734
114	-6072.683	-6272.493	199.8103	1.001997	1.978611	0.5066206	5.005515
120	-6071.401	-6271.571	200.1697	0.9957629	2.413739	0.5208594	4.663108
126	-6086.167	-6286.781	200.6137	1.02446	2.414267	0.5208594	4.397262
132	-6078.217	-6278.267	200.0507	0.9968163	2.414267	0.5440925	4.708407
138	-6073.578	-6274.334	200.7554	1.074486	1.924025	0.542289	4.422614
144	-6079.524	-6280.072	200.5477	1.064355	2.388052	0.6493518	4.311886
150	-6073.683	-6274.52	200.8377	1.16289	2.178279	0.4363293	4.344251
156	-6080.978	-6280.716	199.7386	1.140181	2.598917	0.4062254	4.884357
162	-6089.759	-6289.414	199.6545	1.081662	1.863923	0.4610797	5.129018
168	-6079.749	-6280.123	200.3739	1.035615	1.863923	0.5507069	4.672106
174	-6081.132	-6281.831	200.6988	0.9941633	2.26278	0.5477866	4.386688
180	-6065.138	-6265.4	200.2618	1.11166	2.05647	0.4374267	4.733966
186	-6062.25	-6262.645	200.3951	1.096102	1.988628	0.5477391	4.586633
192	-6067.012	-6267.465	200.4533	0.9829299	2.252575	0.552436	4.530295
198	-6064.334	-6264.569	200.2357	1.015592	1.985006	0.4553349	4.807502
204	-6066.066	-6266.675	200.6092	1.073216	2.348802	0.4712412	4.437716
210	-6077.246	-6276.904	199.658	0.9725364	2.58767	0.5101221	4.923689
216	-6077.268	-6277.467	200.1993	0.9574588	2.262744	0.5101221	4.721562
222	-6084.156	-6284.724	200.5678	1.14954	2.294083	0.4245841	4.481015
228	-6078.621	-6279.265	200.6439	1.171154	2.294083	0.3739943	4.481015
234	-6079.1	-6279.678	200.578	1.001394	2.352928	0.5050193	4.462579
240	-6070.355	-6270.433	200.0784	0.9891669	2.201014	0.3992828	4.899338
246	-6068.631	-6268.478	199.8472	1.057648	2.201014	0.4776407	4.910821
252	-6078.478	-6279.096	200.6179	1.146087	2.183996	0.4234486	4.48921
258	-6080.776	-6280.103	199.3279	1.065342	1.952275	0.4226145	5.327164
264	-6061.589	-6261.681	200.0921	1.09748	2.475982	0.430447	4.718941
270	-6071.914	-6271.572	199.6585	1.014726	2.168427	0.5098793	5.019639
276	-6075.646	-6276.35	200.7037	1.056025	2.548981	0.5098793	4.301024
282	-6061.223	-6262.997	201.7741	1.193781	2.414793	0.4556585	3.700932
288	-6048.128	-6249.39	201.2617	1.152358	2.220167	0.5278258	4.008157
294	-6063.834	-6265.292	201.4581	1.080052	2.220167	0.561377	3.907208
300	-6065.911	-6265.886	199.9755	0.9769034	1.994296	0.6237047	4.823298
306	-6067.831	-6268.131	200.3003	1.092615	2.070736	0.6236737	4.551989
312	-6057.391	-6256.81	199.419	0.9980614	2.112594	0.5087904	5.179823
318	-6064.393	-6263.893	199.4997	0.9689328	2.10049	0.4819139	5.179823
324	-6059.381	-6261.262	201.8812	1.260519	2.068396	0.5313338	3.634764
330	-6060.017	-6260.571	200.5541	1.121565	1.846509	0.6497381	4.447738
336	-6073.329	-6273.956	200.6272	1.12012	2.093359	0.4508328	4.499044
342	-6072.008	-6272.444	200.4365	1.05149	2.093359	0.5121811	4.58619
348	-6069.474	-6270.682	201.2086	1.066015	2.093359	0.5121811	4.141929
354	-6058.708	-6259.34	200.6315	1.048783	2.249528	0.4738966	4.465724
360	-6068.612	-6267.935	199.3233	0.9997204	2.249528	0.5474241	5.156314
366	-6057.639	-6257.81	200.1713	1.06091	2.551611	0.4942449	4.61193
372	-6070.573	-6270.56	199.9865	1.085436	2.316141	0.4475453	4.812784
378	-6071.475	-6273.084	201.6085	1.133938	1.749862	0.485717	4.018995
384	-6067.055	-6268.652	201.5974	1.153192	1.858173	0.485717	3.974985
390	-6062.964	-6263.016	200.0516	1.007372	1.997744	0.4971535	4.870678
396	-6064.529	-6264.46	199.9317	1.077592	2.111675	0.4536463	4.903423
402	-6071.936	-6271.837	199.9007	0.9647138	2.077053	0.4289025	5.019084
408	-6070.213	-6269.895	199.6821	1.050446	2.077053	0.4289025	5.092825
414	-6068.324	-6268.792	200.4688	1.255145	2.252941	0.3403219	4.583818
420	-6070.025	-6271.132	201.1067	1.152688	2.45036	0.4523036	4.100497
426	-6062.928	-6263.605	200.6769	1.043362	2.178793	0.5291887	4.413366
432	-6064.668	-6265.802	201.1342	1.135469	2.108273	0.5291887	4.124407
438	-6064.474	-6265.101	200.6268	1.033871	2.108273	0.5332153	4.465433
444	-6073.897	-6273.997	200.1003	1.037243	2.108273	0.4461125	4.840482
450	-6074.493	-6274.825	200.3316	1.113849	2.30197	0.4214638	4.634633
456	-6061.769	-6261.974	200.2056	1.074971	2.30197	0.5250505	4.627095
462	-6070.586	-6270.826	200.2396	1.207979	2.204127	0.3574854	4.733098
468	-6066.007	-6266.446	200.4392	1.146372	2.092277	0.4150292	4.626947
474	-6067.109	-6267.905	200.7963	1.223177	2.128051	0.4325644	4.353164
480	-6073.522	-6273.898	200.3763	1.073235	2.128051	0.522847	4.587145
486	-6070.699	-6270.677	199.9774	1.066496	2.128051	0.522847	4.814125
492	-6066.632	-6267.772	201.1399	1.110516	2.277605	0.4075074	4.202813
498	-6061.721	-6262.579	200.8575	1.087983	2.052965	0.4488507	4.402358
504	-6067.968	-6268.244	200.2766	1.087714	2.052965	0.3755901	4.80608
510	-6066.67	-6266.653	199.9836	1.210536	1.946294	0.3755901	4.935757
516	-6068.134	-6268.909	200.7754	1.182098	1.946294	0.3753426	4.509138
522	-6073.399	-6275.07	201.6712	1.233273	2.320004	0.4278832	3.794498
528	-6076.686	-6276.789	200.1031	1.141913	2.320127	0.3996985	4.764545
534	-6069.354	-6269.66	200.3062	0.9636341	2.050309	0.4822028	4.749951
540	-6071.784	-6270.66	198.8752	0.9240042	2.157071	0.4822028	5.531328
546	-6074.692	-6273.603	198.9114	0.9591479	1.946519	0.5122158	5.531328
552	-6060.729	-6260.246	199.5171	1.021861	2.014034	0.4278331	5.221217
558	-6066.296	-6266.739	200.4428	1.023733	2.338069	0.4278331	4.605659
564	-6061.952	-6261.324	199.3722	0.9760359	1.853298	0.4442198	5.363586
570	-6056.187	-6256.492	200.3048	1.120255	2.248805	0.4779704	4.605453
576	-6062.691	-6262.749	200.0583	1.046658	2.129697	0.5608707	4.746299
582	-6060.612	-6260.646	200.0338	0.9705752	2.246712	0.5616241	4.766149
588	-6079.438	-6279.586	200.1475	1.212807	2.354422	0.3333024	4.766149
594	-6070.478	-6271.194	200.7153	1.084648	2.154165	0.5855828	4.327242
600	-6076.38	-6277.801	201.4209	1.084648	2.272782	0.5855828	3.888895
606	-6072.858	-6273.693	200.8341	1.058018	2.272782	0.4582783	4.35459
612	-6074.929	-6276.247	201.3178	1.165872	2.272782	0.4582783	4.018653
618	-6080.492	-6280.74	200.2482	1.097554	2.233884	0.3682402	4.768611
624	-6071.891	-6271.375	199.4836	1.000071	2.333268	0.4029018	5.180566
630	-6091.891	-6293.111	201.2198	1.107145	2.375374	0.3736669	4.168135
636	-6079.242	-6280.515	201.2722	1.212882	2.34891	0.3736669	4.085886
642	-6079.758	-6279.83	200.0718	1.14693	1.798119	0.3736669	4.975203
648	-6079.772	-6278.936	199.1634	1.064266	1.886745	0.3736669	5.492462
654	-6087.957	-6289.443	201.4865	1.089819	1.814496	0.5023116	4.074301
660	-6078.279	-6278.242	199.9629	1.071177	1.823932	0.4430408	4.995351
666	-6071.83	-6271.308	199.4783	1.034462	2.217062	0.4753777	5.125926
672	-6083.416	-6280.536	197.1195	1.012687	1.860251	0.378139	6.63866
678	-6088.939	-6287.489	198.5496	0.9376381	1.860251	0.4193475	5.85884
684	-6073.992	-6271.861	197.8684	0.8325165	2.233623	0.5632853	6.03839
690	-6068.428	-6267.694	199.2658	0.9880716	2.386052	0.5519419	5.151286
696	-6066.73	-6267.182	200.4521	1.062739	2.386052	0.4102432	4.583169
702	-6057.966	-6257.861	199.8952	1.092836	2.598751	0.4268083	4.801981
708	-6062.409	-6262.573	200.1638	1.059691	2.218637	0.4268083	4.778119
714	-6059.011	-6258.902	199.8912	1.016834	2.218637	0.5800971	4.812818
720	-6067.041	-6268.206	201.1652	1.239439	2.470098	0.3848407	4.084059
726	-6067.457	-6267.699	200.2424	1.178235	2.470098	0.3763443	4.64931
732	-6060.43	-6262.004	201.5747	1.272596	2.470098	0.3763443	3.840415
738	-6067.958	-6269.65	201.6922	1.350459	2.301976	0.3243884	3.840415
744	-6074.222	-6276.089	201.8673	1.35097	2.301976	0.3553194	3.700822
750	-6072.656	-6273.353	200.6974	1.122863	2.490645	0.3553194	4.443296
756	-6069.659	-6270.739	201.0793	1.21486	2.650994	0.3720159	4.111874
762	-6064.975	-6265.319	200.3443	1.119805	2.441977	0.4312231	4.573849
768	-6062.735	-6264.074	201.3399	1.124611	2.420265	0.5052487	3.940435
774	-6070.318	-6270.756	200.4381	1.056842	2.377351	0.5625136	4.451883
780	-6066.756	-6267.925	201.1696	1.2026	1.997319	0.5257571	4.105442
786	-6081.949	-6283.419	201.4698	1.176901	1.685768	0.4778011	4.105442
792	-6077.015	-6279.319	202.3041	1.335423	2.170144	0.3936933	3.452172
798	-6065.587	-6267.985	202.3981	1.258037	2.245241	0.3936933	3.418631
804	-6067.929	-6267.826	199.8971	1.123347	1.876163	0.3936933	5.036111
810	-6079.722	-6279.675	199.953	1.061924	2.0148	0.4443644	4.940361
816	-6081.291	-6281.27	199.9791	0.968968	2.131888	0.4443644	4.940361
822	-6070.548	-6270.637	200.0892	1.079208	1.953852	0.5412106	4.784542
828	-6066.208	-6265.726	199.5179	1.01985	1.953852	0.5412106	5.13527
834	-6070.694	-6271.034	200.3398	0.9387943	1.816451	0.5412106	4.770194
840	-6062.435	-6262.128	199.6935	0.9322781	1.816451	0.5293184	5.143643
846	-6065.238	-6266.013	200.775	0.9785871	1.68408	0.5453695	4.548781
852	-6061.305	-6261.952	200.6469	0.9784881	1.7614	0.5727271	4.568648
858	-6068.383	-6268.433	200.0506	1.059863	1.843189	0.5727271	4.827675
864	-6073.671	-6272.877	199.2062	0.9671076	1.843189	0.4966951	5.413541
870	-6069.709	-6270.184	200.4756	1.145355	2.26143	0.4621327	4.507004
876	-6058.839	-6258.23	199.3909	0.9779631	1.934598	0.4228397	5.346233
882	-6070.151	-6270.221	200.0708	0.9583368	1.934598	0.598263	4.820685
888	-6063.961	-6263.809	199.8473	1.038167	1.934598	0.4444987	5.038538
894	-6059.31	-6261.121	201.811	1.203869	2.176289	0.4444987	3.757762
900	-6056.553	-6257.828	201.2748	1.146517	2.204659	0.4516237	4.081831
906	-6060.032	-6261.01	200.9775	1.126743	1.908403	0.4516237	4.35819
912	-6068.446	-6268.268	199.8224	1.02642	2.439169	0.4576068	4.892138
918	-6061.563	-6261.296	199.7329	1.032959	2.439169	0.4576068	4.938315
924	-6059.51	-6259.803	200.2935	1.01127	2.439169	0.4549634	4.640041
930	-6064.727	-6265.534	200.8066	1.08763	2.439876	0.4549634	4.30803
936	-6069.629	-6269.745	200.1154	1.105916	2.168605	0.3676294	4.858577
942	-6073.512	-6273.843	200.331	1.193885	1.954473	0.3676294	4.757618
948	-6072.213	-6272.356	200.1424	1.133411	2.08772	0.4224334	4.793924
954	-6071.998	-6272.696	200.6984	0.9780035	1.803329	0.5670787	4.529661
960	-6064.856	-6266.279	201.423	1.157537	2.13372	0.4959468	3.969758
966	-6057.649	-6259.011	201.3626	1.056348	2.13372	0.6617113	3.92012
972	-6064.325	-6265.102	200.7774	1.08897	2.270909	0.6617113	4.192758
978	-6059.045	-6258.109	199.0637	0.9427805	1.938929	0.6901032	5.31608
984	-6062.589	-6260.99	198.4016	0.9355055	1.938929	0.6054791	5.748107
990	-6073.237	-6272.469	199.232	0.9173802	1.938929	0.6054791	5.301534
996	-6076.859	-6275.29	198.431	0.86111	2.16736	0.600933	5.704415
1002	-6061.775	-6261.217	199.4416	1.041225	2.16736	0.5492618	5.090923
1008	-6057.182	-6257.432	200.2501	1.025391	2.16736	0.4181474	4.773712
1014	-6058.664	-6259.583	200.9189	1.011229	2.16736	0.426805	4.397269
1020	-6060.471	-6261.148	200.6762	1.142601	2.264433	0.3537934	4.511091
1026	-6066.038	-6266.143	200.1053	1.118825	1.933672	0.3537934	4.948172
1032	-6089.613	-6291.376	201.7634	1.217924	2.005446	0.4361727	3.841467
1038	-6099.092	-6301.484	202.3916	1.192736	2.005446	0.5640092	3.368283
1044	-6070.069	-6268.497	198.4278	0.9558725	2.089399	0.426934	5.833465
1050	-6064.734	-6264.01	199.276	0.9994569	2.246881	0.426934	5.295866
1056	-6063.184	-6261.996	198.8114	0.9165905	2.094974	0.4335252	5.636486
1062	-6060.444	-6258.259	197.8144	1.003595	2.094974	0.3152141	6.263961
1068	-6063.542	-6264.905	201.3634	1.1626	2.480087	0.4154148	3.978317
1074	-6058.996	-6259.569	200.5734	1.012649	2.480087	0.4696765	4.456145
1080	-6067.974	-6267.909	199.9357	1.025876	2.480087	0.4027685	4.874084
1086	-6059.377	-6258.9	199.5226	0.9707288	2.181634	0.4734812	5.149144
1092	-6064.001	-6264.021	200.0201	1.100109	2.181634	0.4671201	4.806823
1098	-6058.99	-6258.445	199.4557	1.184439	2.289905	0.4671201	5.041595
1104	-6072.838	-6274.7	201.8612	1.256984	2.429439	0.3307897	3.751078
1110	-6059.45	-6258.398	198.9477	1.051375	2.625316	0.4102723	5.360618
1116	-6065.67	-6265.492	199.8227	1.125438	2.625316	0.3951252	4.850603
1122	-6062.073	-6261.991	199.9177	1.059543	2.228685	0.3951252	4.945793
1128	-6061.227	-6261.078	199.8509	1.047028	2.228685	0.4373387	4.945793
1134	-6066.617	-6266.858	200.2406	0.9991108	2.228685	0.4373387	4.755261
1140	-6058.122	-6256.169	198.0471	0.888756	2.228685	0.4067611	6.056548
1146	-6059.653	-6258.771	199.1179	0.9590447	2.08225	0.4374818	5.444706
1152	-6068.434	-6268.862	200.4276	1.062391	2.300659	0.4521769	4.578812
1158	-6061.126	-6262.169	201.0432	1.133189	2.416322	0.4521769	4.157544
1164	-6058.876	-6259.638	200.7621	1.135623	2.105571	0.4738375	4.387786
1170	-6063.396	-6264.66	201.2642	1.090705	2.084455	0.4738375	4.135546
1176	-6058.13	-6259.795	201.6647	1.098728	2.084455	0.4738375	3.902268
1182	-6058.302	-6257.543	199.2413	1.014458	1.924782	0.4202975	5.41447
1188	-6066.596	-6267.663	201.0668	1.127751	2.2825	0.4121267	4.228086
1194	-6069.457	-6270.435	200.978	1.066936	2.2825	0.4627807	4.260766
1200	-6061.997	-6263.123	201.1265	1.065226	2.663807	0.4184098	4.115413
1206	-6064.136	-6265.253	201.1174	1.175839	2.188609	0.4184098	4.193986
1212	-6063.104	-6263.989	200.8845	1.1241	2.188609	0.4184098	4.355185
1218	-6075.939	-6275.584	199.6453	1.050404	2.239789	0.4618055	5.030651
1224	-6086.667	-6287.351	200.6844	1.131452	2.29565	0.4093012	4.441241
1230	-6076.603	-6277.405	200.8021	1.080394	1.761801	0.5270233	4.463726
1236	-6074.253	-6275.104	200.8511	1.235226	2.219732	0.4961552	4.224121
1242	-6074.281	-6276.678	202.3964	1.190817	2.090036	0.446788	3.451042
1248	-6074.398	-6275.455	201.0571	1.273674	2.031342	0.3552018	4.293566
1254	-6072.053	-6272.635	200.5823	1.157619	1.934902	0.3552018	4.658253
1260	-6065.613	-6265.986	200.3731	1.056173	2.6217	0.4485144	4.526708
1266	-6058.989	-6258.486	199.4964	1.041573	2.101518	0.4073322	5.215235
1272	-6064.023	-6264.816	200.7932	1.222911	2.101518	0.4073322	4.390054
1278	-6072.382	-6274.654	202.2716	1.366032	2.355726	0.4064275	3.381067
1284	-6054.869	-6256.333	201.4635	1.134473	2.137286	0.4526995	4.001049
1290	-6056.966	-6258.092	201.1254	1.111106	2.073083	0.4526995	4.227397
1296	-6054.207	-6254.446	200.2397	1.006849	2.378776	0.5411796	4.609576
1302	-6063.867	-6263.889	200.022	1.017972	2.378776	0.5099513	4.753138
1308	-6073.889	-6272.729	198.8399	0.9562172	1.864471	0.4068266	5.701276
1314	-6060.054	-6259.448	199.3934	1.057106	2.627139	0.4364833	5.08364
1320	-6058.526	-6259.826	201.2996	1.150518	2.307829	0.388783	4.10082
1326	-6057.026	-6257.802	200.7761	1.106352	2.237445	0.5435924	4.290943
1332	-6064.456	-6265.967	201.5111	1.183921	2.09079	0.5435924	3.873996
1338	-6066.778	-6268.57	201.7928	1.264796	2.09079	0.5325087	3.675035
1344	-6077.895	-6279.955	202.06	1.243138	2.001771	0.4725125	3.619807
1350	-6072.273	-6274.184	201.9105	1.286355	2.215611	0.4725125	3.61165
1356	-6069.855	-6271.176	201.3217	1.054434	2.215611	0.4725125	4.083393
1362	-6061.77	-6261.553	199.7835	0.9591372	2.111123	0.4725125	5.033554
1368	-6064.652	-6265.371	200.7195	1.111178	1.977856	0.4467421	4.493809
1374	-6066.374	-6267.36	200.9862	1.162094	2.734803	0.354366	4.193355
1380	-6068.038	-6269.646	201.6081	1.253182	2.41376	0.4535542	3.764917
1386	-6063.16	-6265.393	202.2323	1.257711	2.145836	0.5511616	3.388219
1392	-6067.218	-6268.43	201.2125	1.106292	2.200947	0.5671018	4.033666
1398	-6058.189	-6260.906	202.7177	1.306324	1.997053	0.4531017	3.219004
1404	-6072.083	-6274.062	201.9788	1.306324	2.321016	0.4531017	3.547491
1410	-6077.798	-6279.595	201.7972	1.271093	2.224363	0.4188251	3.73896
1416	-6071.683	-6272.652	200.9691	1.177122	2.100164	0.4254617	4.297742
1422	-6064.542	-6264.445	199.9026	1.07682	2.100164	0.5423041	4.841639
1428	-6071.169	-6270.213	199.0446	0.9790753	2.176521	0.5423041	5.34801
1434	-6062.836	-6263.321	200.4848	1.038635	2.273446	0.4979832	4.523944
1440	-6075.245	-6275.609	200.3642	1.062771	1.986096	0.4979832	4.668156
1446	-6068.144	-6268.942	200.7986	1.162362	1.986096	0.4979832	4.367955
1452	-6078.467	-6278.83	200.3633	1.07186	2.722103	0.5031657	4.444372
1458	-6076.38	-6277.955	201.5756	1.112724	2.615125	0.5031657	3.759024
1464	-6078.01	-6277.939	199.929	0.9783486	2.210065	0.3976125	4.987516
1470	-6072.87	-6273.211	200.3411	1.104948	2.748178	0.4520906	4.480646
1476	-6072.324	-6272.755	200.4318	1.053131	2.739036	0.546955	4.37248
1482	-6069.641	-6270.179	200.5371	1.085794	1.923219	0.3797121	4.699718
1488	-6074.175	-6273.538	199.3624	1.054484	1.924474	0.5429952	5.210357
1494	-6065.321	-6265.122	199.8009	1.016538	2.224989	0.5429952	4.89295
1500	-6071.6	-6270.595	198.9952	0.8502682	2.558595	0.4695725	5.403745
1506	-6077.515	-6275.405	197.8898	0.8482843	2.558595	0.4695725	6.010643
1512	-6080.38	-6280.889	200.5088	1.059034	1.6484	0.4726047	4.733092
1518	-6073.003	-6273.122	200.119	0.9402245	1.6484	0.3951763	5.094923
1524	-6074.436	-6273.563	199.1277	0.8725192	1.702444	0.5889226	5.479444
1530	-6083.075	-6282.926	199.8508	1.096595	1.993772	0.4242954	5.005077
1536	-6080.156	-6280.521	200.3647	1.077869	1.997044	0.4242954	4.728068
1542	-6065.752	-6266.394	200.6419	1.170048	2.044534	0.4836954	4.446285
1548	-6052.012	-6252.821	200.8097	1.082561	2.20801	0.4836954	4.349369
1554	-6052.859	-6252.804	199.9458	1.13165	2.438623	0.3507347	4.879247
1560	-6068.506	-6267.781	199.2751	1.126864	2.223115	0.3616747	5.303286
1566	-6061.755	-6261.573	199.8174	1.01453	2.58588	0.4448254	4.874148
1572	-6060.772	-6260.888	200.1159	0.9963438	2.282566	0.4448254	4.802863
1578	-6063.546	-6263.883	200.3375	1.120836	2.282566	0.4498095	4.604252
1584	-6069.101	-6269.561	200.4597	1.152832	2.388539	0.3992365	4.539371
1590	-6055.509	-6256.125	200.6165	1.189115	2.413389	0.3018454	4.539371
1596	-6062.653	-6263.814	201.1611	1.295048	2.413389	0.3211472	4.146977
1602	-6066.561	-6266.689	200.1279	1.285667	2.138564	0.2694787	4.88374
1608	-6077.754	-6277.9	200.1468	1.286741	2.3284	0.2232408	4.88374
1614	-6078.088	-6278.255	200.1666	1.307257	2.3284	0.2232408	4.86129
1620	-6075.22	-6276.526	201.3068	1.318616	2.3284	0.2732684	4.139384
1626	-6063.485	-6264.049	200.5647	1.123351	2.389577	0.329878	4.576721
1632	-6078.89	-6278.264	199.3741	0.96891	2.072917	0.5331512	5.211589
1638	-6065.247	-6265.119	199.8718	0.9586199	2.072917	0.5331512	4.941235
1644	-6063.442	-6265.503	202.0602	1.401403	2.164635	0.3994281	3.551266
1650	-6072.842	-6275.364	202.5218	1.31485	2.186246	0.3994281	3.324849
1656	-6082.874	-6283.652	200.7783	1.195351	1.950568	0.4694044	4.400017
1662	-6073.814	-6274.408	200.5944	1.159575	1.950616	0.4482645	4.544548
1668	-6085.47	-6285.412	199.942	1.106265	2.453682	0.459736	4.774782
1674	-6076.106	-6276.163	200.0569	1.0773	1.819282	0.4023803	4.983309
1680	-6072.701	-6272.828	200.1276	1.029145	1.909821	0.4023803	4.939547
1686	-6072.956	-6273.885	200.9291	1.125405	1.909821	0.5825605	4.26592
1692	-6056.15	-6257.163	201.0122	1.069103	2.089454	0.5184905	4.247122
1698	-6059.218	-6259.482	200.2634	1.088061	2.149242	0.5000031	4.656353
1704	-6072.046	-6273.075	201.0288	1.119597	2.167402	0.4808942	4.219662
1710	-6069.913	-6270.574	200.661	1.023174	2.178403	0.4808942	4.478485
1716	-6066.934	-6266.524	199.5895	1.010082	2.178403	0.4808942	5.084236
1722	-6068.459	-6268.286	199.8275	0.9667945	2.178403	0.4808942	4.976109
1728	-6059.22	-6259.214	199.9939	1.112092	2.178403	0.4375657	4.844931
1734	-6069.919	-6268.767	198.8476	0.9733287	2.21781	0.5074269	5.47802
1740	-6064.331	-6263.329	198.9987	0.9473512	2.21781	0.4348703	5.47802
1746	-6063.089	-6261.74	198.6509	1.044911	2.21781	0.3915905	5.660321
1752	-6054.484	-6253.425	198.9409	1.039963	2.21781	0.3322353	5.571074
1758	-6068.917	-6269.135	200.2184	1.136511	2.150254	0.3322353	4.831312
1764	-6064.839	-6264.175	199.3356	0.9955608	2.150254	0.4174626	5.303905
1770	-6062.509	-6260.111	197.6016	0.9185821	2.150254	0.4174626	6.295018
1776	-6068.757	-6267.072	198.3148	0.8959767	2.150254	0.4174626	5.918904
1782	-6065.896	-6265.538	199.6419	0.9827874	2.150254	0.47811	5.081526
1788	-6053.28	-6252.888	199.6086	1.150486	2.022338	0.4087687	5.116432
1794	-6066.953	-6268.126	201.1724	1.113345	1.644496	0.5268381	4.280277
1800	-6067.749	-6266.342	198.5933	0.9545983	2.133523	0.4922806	5.667136
1806	-6071.92	-6270.937	199.0173	1.039964	2.133523	0.4355651	5.441592
1812	-6070.629	-6270.825	200.1958	1.097493	2.010952	0.4811269	4.750597
1818	-6060.661	-6261.11	200.4496	1.132229	2.360076	0.4811269	4.481608
1824	-6070.123	-6270.439	200.3161	1.077174	2.022636	0.5006608	4.672595
1830	-6081.497	-6281.752	200.2552	1.126461	2.022636	0.6519282	4.551762
1836	-6076.601	-6276.857	200.2564	1.030327	2.005694	0.4615151	4.774901
1842	-6061.717	-6262.627	200.9103	1.159923	2.068173	0.5955445	4.19323
1848	-6064.877	-6266.654	201.7779	1.138006	2.048493	0.492317	3.808496
1854	-6059.077	-6259.459	200.3813	1.067855	2.197029	0.492317	4.594031
1860	-6068.489	-6267.619	199.1302	0.9085546	2.164623	0.5168703	5.36559
1866	-6070.221	-6268.691	198.4701	0.9275921	2.36999	0.4492714	5.720851
1872	-6062.153	-6260.68	198.527	0.8402437	2.368392	0.4670866	5.720851
1878	-6059.455	-6260.716	201.2605	1.108791	2.025628	0.4670866	4.153197
1884	-6058.494	-6260.982	202.4878	1.206712	2.036637	0.4810337	3.371126
1890	-6062.658	-6264.529	201.8708	1.122513	2.409392	0.4810337	3.662425
1896	-6063.844	-6264.546	200.7017	1.140711	1.838032	0.4846366	4.498065
1902	-6058.622	-6260.452	201.8295	1.140724	2.083675	0.4595996	3.79788
1908	-6058.362	-6258.349	199.9876	1.080787	2.089085	0.4760752	4.855846
1914	-6058.237	-6258.155	199.9176	1.009933	2.035871	0.4463949	4.980099
1920	-6070.728	-6270.83	200.1018	1.073216	2.27644	0.4106574	4.804759
1926	-6073.345	-6273.125	199.7799	1.151741	2.399928	0.4106574	4.904732
1932	-6071.421	-6269.859	198.438	0.9694285	2.092806	0.3861169	5.861984
1938	-6072.229	-6270.75	198.5214	0.9033528	1.951255	0.3951801	5.887822
1944	-6065.859	-6265.369	199.5103	1.008093	1.927958	0.4225619	5.266221
1950	-6074.887	-6275.265	200.3786	0.9334714	2.023936	0.5968254	4.634097
1956	-6070.443	-6270.114	199.6703	1.082896	2.268723	0.5094175	4.945475
1962	-6071.314	-6271.98	200.6662	1.140805	2.325197	0.3513978	4.502548
1968	-6081.576	-6282.873	201.2965	1.183851	2.278685	0.4567657	4.02031
1974	-6071.137	-6270.849	199.7123	0.9949084	1.923478	0.4836454	5.103309
1980	-6073.378	-6272.231	198.8532	0.9436863	2.315554	0.4760676	5.491513
1986	-6083.192	-6281.696	198.5039	0.8757279	1.582917	0.4507355	5.98644
1992	-6074.609	-6274.505	199.8959	1.025105	2.260577	0.3360778	5.034751
1998	-6087.26	-6286.543	199.2825	0.9878104	2.171679	0.3268336	5.432261
2004	-6064.277	-6265.109	200.8327	1.107927	2.017693	0.4566491	4.408808
2010	-6057.164	-6257.932	200.768	1.096668	2.017693	0.5012421	4.408808
2016	-6058.776	-6259.773	200.9964	1.11209	2.011024	0.5164389	4.259172
2022	-6063.576	-6264.225	200.6491	1.073179	2.104123	0.5164389	4.447137
2028	-6069.824	-6270.166	200.3419	1.054163	2.295935	0.5213669	4.567412
2034	-6087.109	-6288.986	201.8777	1.210099	1.859765	0.5234412	3.745082
2040	-6071.989	-6272.582	200.5927	1.115981	2.212329	0.4697184	4.465052
2046	-6074.386	-6275.322	200.9358	1.151701	2.053451	0.4697184	4.301299
2052	-6077.374	-6277.617	200.2433	1.019312	2.43048	0.5174848	4.607015
2058	-6065.021	-6265.225	200.2033	1.059219	2.43048	0.5174848	4.607015
2064	-6061.444	-6262.366	200.9225	1.071139	2.208776	0.5174848	4.260215
2070	-6068.512	-6268.235	199.7231	0.9994514	1.963681	0.5086195	5.058425
2076	-6065.283	-6265.402	200.1193	1.073277	1.833135	0.4226569	4.924707
2082	-6065.064	-6265.002	199.938	0.9801303	1.833135	0.4226569	5.077195
2088	-6076.386	-6277.549	201.1628	1.075179	2.164289	0.5667323	4.0915
2094	-6080.16	-6281.121	200.9604	1.105027	2.164289	0.5667323	4.189639
2100	-6076.552	-6277.075	200.5225	1.122485	2.179279	0.4793653	4.501763
2106	-6069.738	-6270.862	201.1235	1.125447	2.353037	0.4986586	4.089345
2112	-6078.879	-6279.432	200.5528	1.121818	2.340177	0.4187214	4.497662
2118	-6070.273	-6270.471	200.1986	1.106318	2.295148	0.3399451	4.806285
2124	-6073.291	-6273.959	200.668	1.196551	2.357504	0.4284382	4.375424
2130	-6063.541	-6262.922	199.381	1.001968	2.264175	0.4284382	5.229855
2136	-6065.689	-6265.963	200.274	1.047522	2.131284	0.4237932	4.753299
2142	-6071.64	-6271.106	199.4651	0.9664841	2.685453	0.4427794	5.07268
2148	-6064.099	-6263.742	199.6429	1.024769	2.722792	0.4427794	4.931951
2154	-6068.558	-6268.338	199.7802	1.001977	2.165198	0.5627833	4.913746
2160	-6066.154	-6266.262	200.1081	1.000575	2.498342	0.4680453	4.720566
2166	-6051.629	-6250.334	198.7049	1.022905	2.035115	0.4680453	5.621723
2172	-6053.668	-6252.688	199.0201	0.948592	2.074147	0.5905709	5.369543
2178	-6055.925	-6254.818	198.8925	0.9251184	2.118437	0.539328	5.481817
2184	-6050.539	-6249.556	199.0171	0.9127359	2.118437	0.4710476	5.481817
2190	-6055.164	-6254.219	199.0547	1.04376	2.118437	0.5184966	5.345368
2196	-6055.697	-6255.161	199.464	0.9313229	2.118437	0.5326799	5.168811
2202	-6067.853	-6265.926	198.0726	0.9456397	2.118437	0.5326799	5.925679
2208	-6060.881	-6260.921	200.0399	1.026639	2.262161	0.4303741	4.849023
2214	-6078.718	-6279.604	200.8856	1.108485	2.252543	0.5012559	4.261613
2220	-6069.87	-6269.169	199.2987	0.9365501	2.232153	0.5445493	5.212499
2226	-6074.487	-6273.716	199.2297	0.9792822	2.232153	0.5041055	5.262822
2232	-6081.057	-6281.312	200.2551	1.119381	2.232153	0.4805243	4.636388
2238	-6073.732	-6274.009	200.2773	1.120648	2.070994	0.4279473	4.7253
2244	-6072.02	-6272.107	200.0871	1.16643	2.273482	0.3373184	4.844483
2250	-6073.338	-6274.047	200.7092	1.19811	2.264312	0.3479986	4.468169
2256	-6063.925	-6265.015	201.0905	1.13224	2.065319	0.4977674	4.19392
2262	-6067.196	-6267.637	200.4414	1.140222	2.025576	0.5428635	4.527985
2268	-6064.38	-6264.759	200.3789	1.055073	2.113103	0.5428635	4.582804
2274	-6069.58	-6269.128	199.5473	0.9679042	2.241478	0.5545448	5.046064
2280	-6066.644	-6267.178	200.5343	1.03352	2.324028	0.4904262	4.491149
2286	-6058.736	-6259.461	200.7258	1.085052	2.316799	0.4115163	4.435439
2292	-6080.373	-6279.627	199.2542	1.061058	2.282713	0.4410012	5.249199
2298	-6086.385	-6285.153	198.7685	1.021595	2.282713	0.4410012	5.538628
2304	-6066.427	-6267.011	200.5846	0.9764476	2.239623	0.4738264	4.535869
2310	-6074.782	-6273.612	198.8299	0.9606877	2.239623	0.4738264	5.51921
2316	-6073.925	-6273.969	200.044	1.15214	2.239623	0.3569562	4.863331
2322	-6060.105	-6261.06	200.9545	1.154164	2.440948	0.4533408	4.187785
2328	-6065.626	-6266.383	200.7576	1.188274	2.084212	0.443543	4.397412
2334	-6069.411	-6270.507	201.0958	1.042692	2.176189	0.5023638	4.202165
2340	-6068.827	-6270.128	201.3008	1.205646	2.144191	0.3930182	4.114259
2346	-6074.164	-6275.686	201.5223	1.159273	2.020683	0.4216441	4.023377
2352	-6071.479	-6271.286	199.8073	0.967929	2.045297	0.4587683	5.049484
2358	-6063.411	-6263.965	200.5537	1.103756	2.045297	0.5023521	4.515455
2364	-6072.27	-6272.6	200.3302	1.047757	2.492082	0.4471971	4.592
2370	-6078.056	-6279.295	201.2384	1.246213	2.055546	0.392278	4.156009
2376	-6082.73	-6284.731	202.0009	1.16945	2.055546	0.4813153	3.669991
2382	-6058.179	-6258.747	200.5684	1.049259	1.952501	0.3978165	4.672861
2388	-6054.263	-6255.333	201.07	1.115796	1.952501	0.4252059	4.324124
2394	-6063.475	-6264.536	201.0614	1.057276	2.158594	0.5612735	4.165897
2400	-6064.24	-6264.128	199.8878	1.039872	2.251203	0.5359878	4.829749
2406	-6059.833	-6259.818	199.9855	1.037394	2.251203	0.4964432	4.812304
2412	-6070.258	-6269.048	198.7896	0.9663213	2.076084	0.5529236	5.517286
2418	-6075.589	-6273.99	198.4015	0.8545168	2.092818	0.426413	5.902726
2424	-6076.341	-6275.32	198.9788	1.041415	2.514895	0.4343138	5.353615
2430	-6071.481	-6271.006	199.5249	1.118503	2.783712	0.3010037	5.090397
2436	-6069.751	-6268.413	198.6615	0.9955587	2.282051	0.3613007	5.696127
2442	-6067.573	-6267.473	199.9001	1.055593	2.545397	0.4231876	4.838025
2448	-6075.829	-6275.223	199.3942	1.041178	2.512992	0.3553428	5.209787
2454	-6088.159	-6287.04	198.881	1.035933	2.648061	0.3996087	5.411216
2460	-6067.626	-6267.439	199.8123	1.076993	2.256522	0.37669	5.006605
2466	-6060.48	-6261.692	201.2126	1.173337	2.341975	0.4351378	4.07735
2472	-6067.066	-6268.098	201.0317	1.095011	2.694206	0.4351378	4.126785
2478	-6048.127	-6247.874	199.7471	0.9751727	2.161142	0.4351827	5.066024
2484	-6056.509	-6256.887	200.3778	0.9957377	2.3835	0.4972982	4.576618
2490	-6055.785	-6256.298	200.5129	1.06269	2.313061	0.4279601	4.551612
2496	-6067.283	-6268.094	200.8107	0.9972917	2.227129	0.6101545	4.27991
2502	-6058.753	-6258.971	200.2179	1.069651	2.277739	0.4391889	4.712037
2508	-6069.099	-6268.566	199.4679	1.100516	2.018549	0.4391889	5.192003
2514	-6062.348	-6262.739	200.3911	1.181451	2.58572	0.3937538	4.513128
2520	-6055.321	-6254.873	199.5523	1.112901	2.184607	0.3955518	5.131822
2526	-6079.705	-6281.248	201.5428	1.230906	2.184607	0.344266	4.005831
2532	-6053.517	-6255.301	201.7838	1.245222	2.147322	0.4941937	3.709245
2538	-6058.389	-6259.063	200.6741	1.094184	2.224377	0.4941937	4.404435
2544	-6072.973	-6273.79	200.8177	1.042648	2.316134	0.4439098	4.374057
2550	-6069.461	-6269.946	200.4847	1.183838	2.224377	0.3573157	4.603381
2556	-6070.029	-6270.01	199.9813	1.087554	2.412306	0.3780044	4.860235
2562	-6067.797	-6266.694	198.8971	0.9605478	2.311545	0.4691916	5.465736
2568	-6061.887	-6261.142	199.2558	1.038199	2.153497	0.4691916	5.272056
2574	-6075.556	-6275.138	199.5822	1.047126	2.207702	0.4691916	5.070004
2580	-6063.506	-6263.258	199.7521	0.9912177	2.011648	0.4691916	5.06794
2586	-6057.138	-6257.341	200.2031	1.096133	2.011648	0.5882333	4.652381
2592	-6057.771	-6257.934	200.1633	1.067544	1.77287	0.4748498	4.872918
2598	-6067.192	-6267.858	200.6654	1.14206	1.867353	0.4757662	4.515942
2604	-6067.195	-6268.556	201.3617	1.201683	2.256845	0.4032512	4.035633
2610	-6073.707	-6275.098	201.3917	1.130375	2.594416	0.4032512	3.961968
2616	-6065.447	-6266.705	201.258	1.204868	2.32358	0.5059902	3.969033
2622	-6058.989	-6259.246	200.2563	1.134987	2.171078	0.5059902	4.621741
2628	-6048.833	-6249.382	200.5491	1.074251	2.171078	0.5090805	4.488577
2634	-6058.841	-6260.035	201.1941	1.0775	2.171078	0.5090805	4.121858
2640	-6078.119	-6277.776	199.6576	1.02596	2.152929	0.4232936	5.102098
2646	-6072.012	-6273.499	201.4878	1.229078	2.152929	0.4232936	3.958565
2652	-6078.854	-6279.684	200.8295	1.194325	2.367838	0.3438592	4.376954
2658	-6070.746	-6271.739	200.9921	1.233804	2.367838	0.3327121	4.276288
2664	-6090.822	-6293.059	202.2366	1.314022	2.019633	0.4976628	3.44483
2670	-6086.503	-6287.31	200.8068	1.14007	2.324195	0.4379776	4.328867
2676	-6081.532	-6282.55	201.0188	1.156209	1.920798	0.4369405	4.328867
2682	-6082.722	-6283.143	200.4209	1.189475	2.093702	0.4504112	4.576282
2688	-6081.174	-6282.228	201.0537	1.121342	2.102617	0.401955	4.305696
2694	-6070.481	-6272.144	201.6633	1.242645	2.294962	0.5039969	3.72489
2700	-6069.472	-6270.376	200.9043	1.070956	2.196245	0.4590961	4.330034
2706	-6084.111	-6284.944	200.8329	1.119278	2.196245	0.4590961	4.343113
2712	-6080.54	-6279.911	199.371	1.11388	2.408103	0.3623014	5.203329
2718	-6080.42	-6278.793	198.3725	1.058252	2.030158	0.3008779	5.968399
2724	-6069.294	-6269.128	199.8341	1.066019	2.212923	0.4918742	4.896464
2730	-6081.228	-6280.995	199.767	1.004443	1.769377	0.4532664	5.150206
2736	-6080.541	-6280.342	199.8016	1.08993	2.233593	0.428331	4.957081
2742	-6077.623	-6278.54	200.9165	1.0693	2.268652	0.4399041	4.32136
2748	-6076.037	-6276.079	200.042	1.097567	2.268652	0.474076	4.763112
2754	-6065.854	-6265.885	200.0317	1.050247	2.019686	0.4456022	4.900224
2760	-6074.859	-6275.13	200.2708	1.001354	1.954405	0.5024179	4.761177
2766	-6070.566	-6270.589	200.0232	0.9337458	2.454253	0.5024179	4.785126
2772	-6073.567	-6275.239	201.6719	1.282452	2.151955	0.443239	3.801665
2778	-6067.853	-6268.75	200.8971	1.176254	1.972806	0.4043805	4.402946
2784	-6073.143	-6273.771	200.6282	1.123993	2.454253	0.4459094	4.393275
2790	-6078.635	-6278.844	200.2094	1.10831	2.169833	0.3963413	4.772555
2796	-6094.975	-6295.377	200.4025	1.165737	2.2738	0.4007088	4.596187
2802	-6081.395	-6281.106	199.7104	1.141892	2.2738	0.4141774	4.981577
2808	-6078.005	-6278.218	200.2132	1.114457	2.2738	0.4047304	4.726608
2814	-6065.071	-6265.383	200.3117	1.013473	2.128582	0.4182128	4.757899
2820	-6077.626	-6277.956	200.3307	0.9733156	1.851606	0.5215162	4.761087
2826	-6062.56	-6262.847	200.2862	1.071848	2.347873	0.5120349	4.582037
2832	-6058.245	-6258.451	200.2057	1.085308	2.2713	0.4522435	4.698917
2838	-6081.82	-6281.346	199.5258	1.006498	2.683911	0.4522435	5.007783
2844	-6075.685	-6276.312	200.6277	1.151656	2.031314	0.4182371	4.534385
2850	-6070.297	-6270.442	200.145	0.9876952	2.012438	0.480223	4.840641
2856	-6071.922	-6272.023	200.1006	1.106951	2.012438	0.4375597	4.840641
2862	-6068.535	-6269.688	201.1538	1.119146	2.012438	0.4578538	4.221393
2868	-6072.685	-6273.61	200.9252	1.098138	2.243525	0.4578538	4.289623
2874	-6068.656	-6269.687	201.031	1.039447	2.123945	0.4578538	4.300032
2880	-6068.234	-6269.081	200.8473	1.119295	2.123945	0.4064303	4.411836
2886	-6078.57	-6281.308	202.7384	1.205489	2.123945	0.497683	3.178177
2892	-6077.741	-6276.657	198.9166	1.046545	2.274043	0.3951202	5.493202
2898	-6074.46	-6273.653	199.1925	1.043163	2.274043	0.4325099	5.304197
2904	-6066.404	-6264.415	198.011	0.8793868	1.942471	0.4792255	6.098862
2910	-6066.357	-6267.274	200.917	1.138866	2.246766	0.4562399	4.271834
2916	-6074.917	-6274.758	199.841	1.117836	2.246766	0.3701477	4.978208
2922	-6075.66	-6275.681	200.0214	1.041499	2.015303	0.5248615	4.837593
2928	-6064.531	-6263.999	199.4679	0.8784515	2.037388	0.5095598	5.241951
2934	-6059.406	-6258.817	199.4107	1.001474	2.111399	0.4249181	5.263436
2940	-6058.745	-6259.967	201.2214	1.140629	2.086727	0.4745375	4.130068
2946	-6074.764	-6277.182	202.4185	1.299291	2.359148	0.4960486	3.238953
2952	-6077.845	-6278.081	200.2357	1.07846	2.653283	0.3912633	4.642917
2958	-6075.176	-6275.608	200.4328	1.060628	2.653283	0.4743641	4.456789
2964	-6070.363	-6269.987	199.6236	1.033834	2.549558	0.4743641	4.95218
2970	-6065.176	-6264.662	199.4856	1.01827	2.549558	0.4707975	5.040908
2976	-6076.784	-6277.068	200.2841	1.01827	2.549558	0.487189	4.579767
2982	-6068.289	-6268.48	200.1909	1.096236	2.828037	0.4226327	4.579767
2988	-6077.04	-6278.087	201.0464	1.123297	2.471308	0.4226327	4.176165
2994	-6065.605	-6265.586	199.9803	1.188957	2.332654	0.4226327	4.778998
3000	-6066.95	-6268.834	201.8842	1.172109	2.062381	0.454558	3.760376
3006	-6063.439	-6263.991	200.5524	1.087587	2.189904	0.454558	4.525484
3012	-6073.881	-6275.041	201.1608	1.111703	2.417583	0.4810307	4.073986
3018	-6067.774	-6268.089	200.3158	1.100273	2.127978	0.4142849	4.711388
3024	-6068.977	-6269.936	200.959	1.027837	1.911984	0.4334748	4.441623
3030	-6066.832	-6266.818	199.9855	0.9375774	1.911984	0.519186	4.954767
3036	-6071.974	-6272.07	200.0961	1.122845	1.911984	0.4350325	4.870205
3042	-6076.421	-6277.038	200.6166	1.043188	2.411499	0.4432199	4.460197
3048	-6057.523	-6258.046	200.5232	1.070871	2.306273	0.4432199	4.527664
3054	-6066.685	-6266.559	199.8733	1.112167	2.022404	0.4193551	4.979695
3060	-6075.95	-6275.368	199.4181	1.079438	2.022404	0.4640453	5.205597
3066	-6069.952	-6271.231	201.2792	1.15206	2.35108	0.4191674	4.065585
3072	-6075.93	-6278.007	202.0767	1.227529	2.35108	0.4599667	3.520248
3078	-6069.746	-6270.43	200.6845	1.12271	1.935561	0.4745024	4.493912
3084	-6070.026	-6270.22	200.1936	1.208742	2.077334	0.3673296	4.786408
3090	-6066.673	-6266.994	200.3207	0.9976756	2.207871	0.4710806	4.684202
3096	-6071.755	-6271.847	200.0914	0.9997326	2.412344	0.6114741	4.628157
3102	-6076.631	-6276.443	199.8121	1.03551	2.198853	0.4828884	4.938382
3108	-6070.204	-6270.721	200.5168	1.030284	2.130495	0.4828884	4.568552
3114	-6083.453	-6284.032	200.5786	1.017164	1.868865	0.4851527	4.625336
3120	-6063.033	-6263.677	200.6444	1.079352	2.237209	0.4578984	4.460627
3126	-6062.719	-6263.16	200.4408	0.9538649	1.982874	0.5655792	4.62735
3132	-6064.213	-6265.543	201.33	1.132807	2.037312	0.4729378	4.090408
3138	-6066.876	-6268.081	201.2046	1.114792	2.297486	0.4729378	4.090408
3144	-6060.612	-6261.621	201.009	1.110693	2.297486	0.5994195	4.090408
3150	-6051.598	-6252.598	200.9998	1.170529	1.953617	0.4377535	4.319511
3156	-6062.851	-6264.347	201.4965	1.154545	1.953617	0.4272648	4.05744
3162	-6068.925	-6270.226	201.301	1.285213	1.925444	0.5200024	4.013112
3168	-6073.186	-6275.572	202.3862	1.271748	1.925444	0.416241	3.498592
3174	-6065.567	-6267.189	201.622	1.289597	1.961644	0.3853484	3.951553
3180	-6067.281	-6270.293	203.0119	1.296488	1.923037	0.415049	3.117583
3186	-6069.966	-6271.553	201.587	1.270033	2.436052	0.415049	3.80137
3192	-6076.131	-6276.354	200.2226	1.101313	1.932548	0.3477817	4.900052
3198	-6077.541	-6277.16	199.6188	1.063065	1.932548	0.3455342	5.258823
3204	-6062.508	-6262.152	199.644	1.12468	1.867285	0.3611312	5.21481
3210	-6065.748	-6266.533	200.7854	1.11987	2.305633	0.3611312	4.441571
3216	-6058.088	-6258.402	200.3136	1.075026	2.420606	0.4038828	4.650873
3222	-6062.358	-6262.577	200.2188	1.117087	1.921635	0.3618471	4.880736
3228	-6063.514	-6263.62	200.1059	1.117087	1.921635	0.3618471	4.943575
3234	-6064.125	-6264.449	200.3237	1.0144	2.177121	0.4607141	4.692638
3240	-6066.808	-6267.736	200.9285	1.092092	2.072429	0.5126845	4.292273
3246	-6064.688	-6266.462	201.7742	1.177929	2.475863	0.5126845	3.636489
3252	-6062.361	-6261.976	199.6156	1.068952	2.344465	0.4003717	5.068772
3258	-6052.488	-6252.341	199.8526	1.026631	1.828059	0.5189308	5.00825
3264	-6057.896	-6256.651	198.755	0.9599962	2.132224	0.5445644	5.5295
3270	-6057.46	-6256.812	199.3514	0.9694292	2.226705	0.4525388	5.251243
3276	-6064.302	-6264.837	200.5351	1.00161	2.226705	0.5305516	4.500884
3282	-6061.107	-6262.526	201.4187	1.068641	2.226705	0.4120328	4.078665
3288	-6056.949	-6258.956	202.0076	1.240902	2.226705	0.4120328	3.64139
3294	-6063.965	-6266.067	202.1028	1.274323	1.929425	0.3981437	3.680363
3300	-6068.824	-6268.655	199.8312	1.000724	2.18687	0.4933357	4.940976
3306	-6083.077	-6283.157	200.0807	1.053373	1.690961	0.4733055	4.958222
3312	-6071.092	-6270.781	199.689	1.131153	1.839487	0.4486049	5.103121
3318	-6070.864	-6270.674	199.8095	0.9697473	1.836752	0.472965	5.103121
3324	-6070.288	-6269.528	199.2404	0.9697473	1.768164	0.5449917	5.376746
3330	-6061.993	-6261.259	199.2666	0.9745644	1.958455	0.4549732	5.376746
3336	-6059.424	-6259.07	199.6452	0.9532113	2.210649	0.5088161	5.049324
3342	-6068.325	-6268.94	200.6151	0.9485905	2.050912	0.5170082	4.552855
3348	-6066.559	-6267.408	200.8489	1.054024	2.378181	0.4765503	4.299571
3354	-6064.407	-6264.475	200.0675	1.103068	2.155608	0.4765503	4.777595
3360	-6062.749	-6262.795	200.0463	1.035813	1.982865	0.4765503	4.882003
3366	-6068.456	-6268.3	199.8443	1.028636	2.145413	0.4164198	5.006457
3372	-6070.123	-6269.217	199.0945	0.9232934	1.911537	0.4949838	5.477525
3378	-6059.453	-6258.453	198.9998	0.9929291	1.837199	0.5388696	5.477525
3384	-6055.503	-6254.259	198.7564	0.9774243	1.981073	0.44353	5.659516
3390	-6064.159	-6262.74	198.5806	0.9408596	2.366887	0.44353	5.659516
3396	-6076.884	-6275.924	199.0398	0.9605997	2.409276	0.497272	5.333169
3402	-6072.047	-6271.503	199.4558	1.03685	2.085656	0.3501001	5.308499
3408	-6079.437	-6278.072	198.6351	0.9167929	2.032847	0.4273841	5.758674
3414	-6064.091	-6263.816	199.7242	0.981777	2.049613	0.5101734	5.038297
3420	-6070.509	-6269.283	198.774	0.9100507	1.927777	0.4829216	5.666551
3426	-6082.359	-6281.52	199.1604	0.845355	1.927777	0.4829216	5.489903
3432	-6078.517	-6280.231	201.7134	1.211654	2.132232	0.4221115	3.84706
3438	-6075.124	-6276.364	201.24	1.224422	2.132232	0.4438262	4.087899
3444	-6065.592	-6266.428	200.8363	1.120763	2.205261	0.5257638	4.274478
3450	-6078.245	-6278.913	200.6679	1.119923	2.387919	0.4693132	4.368839
3456	-6070.311	-6270.681	200.3702	1.01202	2.346121	0.4789347	4.599881
3462	-6060.405	-6260.094	199.6884	0.9890692	1.723916	0.4789347	5.194005
3468	-6052.159	-6251.568	199.4093	0.9315166	2.030875	0.4789347	5.275293
3474	-6059.748	-6259.676	199.9286	1.055899	1.941077	0.6134757	4.831142
3480	-6059.916	-6259.952	200.0355	0.9454449	1.804635	0.6134757	4.880122
3486	-6072.185	-6271.376	199.1915	0.9582493	2.117439	0.6134757	5.237756
3492	-6080.916	-6280.16	199.2436	0.9281948	2.081695	0.6134757	5.236719
3498	-6085.907	-6286.398	200.4913	1.021896	2.030899	0.6134757	4.505384
3504	-6070.798	-6271.963	201.1655	1.244664	1.969392	0.4697912	4.146053
3510	-6087.161	-6287.921	200.7605	1.11165	2.276646	0.384651	4.442058
3516	-6084.005	-6284.554	200.5493	1.057457	2.344633	0.4503308	4.502155
3522	-6069.301	-6269.948	200.6464	1.150692	2.195322	0.4675921	4.422539
3528	-6060.646	-6259.897	199.2507	1.052019	2.507442	0.4885864	5.147052
3534	-6061.412	-6261.026	199.6137	1.020669	2.644534	0.4885864	4.926401
3540	-6082.542	-6281.666	199.1235	0.9418007	2.15227	0.4660399	5.401597
3546	-6079.787	-6280.004	200.2172	1.026554	2.221946	0.5357686	4.662077
3552	-6072.118	-6271.506	199.3875	0.9733982	1.927516	0.5357686	5.246565
3558	-6082.884	-6282.935	200.0509	1.045047	1.843861	0.6124461	4.803052
3564	-6093.963	-6293.57	199.6073	1.056091	2.033238	0.5098268	5.067517
3570	-6091.776	-6292.878	201.1023	1.136337	2.224576	0.5223975	4.111736
3576	-6082.247	-6282.899	200.6523	1.118491	2.21516	0.5179319	4.383873
3582	-6068.023	-6268.718	200.6952	1.150292	1.937535	0.3878332	4.561068
3588	-6079.118	-6278.691	199.573	1.131203	2.382526	0.4642477	4.982086
3594	-6066.777	-6266.909	200.1318	1.078221	2.208456	0.4830206	4.733222
3600	-6071.769	-6271.724	199.955	0.9305823	2.256029	0.4892453	4.894144
3606	-6079.098	-6278.263	199.1648	1.095949	2.164952	0.4892453	5.268034
3612	-6073.739	-6273.045	199.3056	0.9587497	2.164952	0.5080112	5.248865
3618	-6071.911	-6271.071	199.1601	1.00721	2.164952	0.4846527	5.323913
3624	-6068.236	-6268.074	199.838	0.9366267	1.810311	0.4409007	5.146186
3630	-6061.349	-6261.116	199.7668	1.105177	1.859141	0.4409007	5.075238
3636	-6060.015	-6260.12	200.1047	1.014397	1.859141	0.5315233	4.852739
3642	-6057.011	-6257.29	200.2789	1.076992	1.859141	0.3961231	4.852739
3648	-6063.858	-6265.777	201.9189	1.200513	1.859141	0.4347106	3.814339
3654	-6061.19	-6261.365	200.1744	0.9728607	2.286216	0.4347106	4.792476
3660	-6065.899	-6265.539	199.6399	0.9843446	1.808081	0.5383038	5.139588
3666	-6070.864	-6270.715	199.8513	1.015966	1.966772	0.5383038	4.950594
3672	-6068.358	-6268.809	200.4508	1.00987	2.217673	0.5383038	4.539459
3678	-6078.915	-6279.524	200.6089	1.021705	2.217673	0.5383038	4.44383
3684	-6067.421	-6267.416	199.9955	1.029867	2.217673	0.4877988	4.829089
3690	-6068.515	-6268.601	200.0859	1.03873	2.164519	0.4489461	4.827378
3696	-6068.635	-6268.521	199.8858	1.072165	2.252131	0.3801656	4.965863
3702	-6063.369	-6263.416	200.0471	1.077053	1.925069	0.3862611	4.969998
3708	-6076.086	-6277.834	201.7474	1.124762	2.162888	0.4426585	3.846055
3714	-6071.919	-6271.711	199.7927	1.096316	1.880835	0.4356089	5.063682
3720	-6071.157	-6271.549	200.3912	1.004029	1.967512	0.4356089	4.752663
3726	-6059.997	-6259.766	199.7696	1.052585	1.967512	0.3667558	5.145174
3732	-6062.434	-6262.083	199.6488	0.9908336	2.737892	0.4444864	4.942005
3738	-6060.756	-6259.441	198.6852	0.9205186	2.310449	0.4444864	5.628391
3744	-6063.224	-6262.831	199.6075	1.047683	2.310449	0.4204849	5.073762
3750	-6072.257	-6271.945	199.6884	1.051385	2.310449	0.3613767	5.091071
3756	-6064.329	-6263.084	198.7554	1.007238	2.37381	0.3761667	5.595394
3762	-6068.179	-6267.017	198.8382	1.02718	1.889758	0.4952398	5.568372
3768	-6068.217	-6266.399	198.182	0.9595323	2.058859	0.430279	5.971911
3774	-6071.22	-6271.595	200.3755	1.13822	2.051793	0.559182	4.543453
3780	-6066.954	-6267.473	200.5185	1.018188	2.051793	0.559182	4.53052
3786	-6063.558	-6264.091	200.5324	0.9944594	2.051793	0.5656782	4.53052
3792	-6058.102	-6259.67	201.5685	1.056494	2.06521	0.5656782	3.903081
3798	-6068.083	-6269.048	200.9657	1.216087	1.993913	0.4143615	4.323936
3804	-6066.517	-6269.203	202.6853	1.263657	2.112412	0.5105414	3.166411
3810	-6082.91	-6283.915	201.0045	1.16307	2.607646	0.4736698	4.087884
3816	-6068.966	-6270.702	201.7367	1.179832	2.565352	0.3942343	3.753364
3822	-6075.853	-6277.816	201.9632	1.15157	2.099801	0.5105283	3.659414
3828	-6070.978	-6271.265	200.2874	1.071356	1.965818	0.5105283	4.701549
3834	-6064.097	-6265.093	200.9958	1.094797	2.20936	0.5229977	4.200049
3840	-6065.503	-6265.595	200.0924	0.9820334	2.20936	0.4333096	4.857423
3846	-6062.908	-6263.327	200.4184	1.051601	2.20936	0.4333096	4.636386
3852	-6064.349	-6264.458	200.1089	1.074896	2.20936	0.4371766	4.792496
3858	-6069.764	-6270.024	200.2603	1.147695	2.18971	0.4371766	4.673143
3864	-6066.167	-6265.766	199.5992	0.9879094	2.056707	0.4909213	5.119589
3870	-6066.696	-6267.237	200.5408	1.148063	2.180943	0.3967457	4.56082
3876	-6076.108	-6276.872	200.7637	1.168637	2.576876	0.3818861	4.325811
3882	-6076.01	-6275.803	199.793	1.04561	2.164453	0.5099114	4.928909
3888	-6071.194	-6272.119	200.9246	1.061039	2.317071	0.5461484	4.206318
3894	-6067.689	-6267.904	200.2147	1.061362	1.926531	0.5775649	4.702523
3900	-6057.216	-6256.802	199.586	1.013163	2.085238	0.4186163	5.174724
3906	-6070.75	-6269.227	198.4768	1.163808	2.085238	0.3056374	5.830492
3912	-6067.252	-6268.04	200.7881	1.243471	2.229514	0.4198836	4.328126
3918	-6061.201	-6260.755	199.5545	1.089954	2.119435	0.4410627	5.116142
3924	-6061.665	-6262.421	200.7567	1.030111	2.311526	0.4441765	4.416645
3930	-6072.628	-6272.523	199.8951	0.9864683	2.022838	0.5859941	4.88389
3936	-6072.374	-6271.873	199.4991	1.004972	2.14728	0.4366084	5.189697
3942	-6071.669	-6271.593	199.9242	0.9732115	2.004934	0.4499818	5.003271
3948	-6076.944	-6276.917	199.9729	1.0892	2.222997	0.4840637	4.810495
3954	-6071.375	-6271.537	200.1619	0.983392	2.222997	0.4840637	4.764012
3960	-6074.693	-6273.497	198.8043	1.028345	1.888366	0.4053411	5.674716
3966	-6072.261	-6272.104	199.8422	0.954369	2.068397	0.4399637	5.048904
3972	-6064.059	-6264.592	200.5331	1.000517	2.118718	0.4842873	4.578476
3978	-6076.23	-6275.648	199.418	1.03228	2.118718	0.4912845	5.175562
3984	-6067.199	-6267.981	200.7816	1.056085	2.233869	0.4912845	4.365105
3990	-6058.824	-6260.616	201.7923	1.154496	1.973558	0.5094395	3.799644
3996	-6052.302	-6253.971	201.6697	1.1429	1.973558	0.5693751	3.822767
4002	-6065.072	-6267.169	202.0962	1.17647	1.973558	0.5418437	3.581196
4008	-6071.786	-6273.769	201.9831	1.249438	2.38295	0.4323267	3.581196
4014	-6063.573	-6264.93	201.3568	1.233499	2.38295	0.354092	4.038846
4020	-6074.217	-6275.833	201.6161	1.269414	1.978076	0.3832941	3.963204
4026	-6070.116	-6270.537	200.4209	1.093893	2.613039	0.3832941	4.54983
4032	-6077.857	-6278.093	200.2364	1.139282	2.613039	0.3832941	4.627869
4038	-6075.662	-6276.176	200.5138	1.063358	2.613039	0.4328149	4.461744
4044	-6072.014	-6272.769	200.7549	0.9844593	2.175825	0.5633165	4.373584
4050	-6058.981	-6259.772	200.7906	1.038651	2.326034	0.4589842	4.373584
4056	-6059.449	-6260.31	200.8617	1.100767	2.126814	0.4399505	4.378175
4062	-6078.17	-6277.747	199.5772	1.032275	2.092571	0.5309551	5.059729
4068	-6079.925	-6279.769	199.8435	1.061477	2.092571	0.4114472	5.01029
4074	-6074.527	-6275.588	201.0604	1.047228	2.027929	0.491496	4.277291
4080	-6074.591	-6276.376	201.7854	1.172498	2.357318	0.4726777	3.706523
4086	-6063.623	-6264.671	201.0476	1.082347	2.23292	0.588016	4.113642
4092	-6080.177	-6280.658	200.4812	1.133649	1.921844	0.4869666	4.59472
4098	-6064.255	-6264.63	200.375	1.078651	1.946708	0.4644832	4.698203
4104	-6067.435	-6268.453	201.0177	1.115131	1.935817	0.4644832	4.319936
4110	-6064.315	-6263.893	199.5782	0.9140865	2.390346	0.4861045	5.076737
4116	-6064.183	-6263.599	199.4167	0.9175281	1.931922	0.5915814	5.212928
4122	-6078.122	-6278.295	200.1728	1.06176	1.999248	0.3777808	4.893345
4128	-6073.542	-6273.742	200.2006	1.091735	2.06396	0.3322016	4.893345
4134	-6076.216	-6275.987	199.7707	1.115808	2.254442	0.3855872	4.998945
4140	-6074.295	-6274.415	200.1193	1.085198	2.120521	0.4488629	4.796564
4146	-6078.89	-6280.5	201.6105	1.213364	1.969175	0.4488629	3.930987
4152	-6073.856	-6274.994	201.1379	1.17997	1.969175	0.4337542	4.234839
4158	-6064.613	-6265.811	201.1979	1.184495	2.422899	0.4337542	4.057227
4164	-6063.529	-6264.346	200.8166	1.055135	2.422899	0.496945	4.284931
4170	-6060.013	-6260.568	200.5554	1.055995	2.001623	0.5040989	4.553987
4176	-6063.865	-6264.726	200.8606	1.126365	2.001623	0.4673784	4.377371
4182	-6058.646	-6260.288	201.6425	1.165208	2.500613	0.4970485	3.727862
4188	-6051.933	-6252.454	200.5212	1.021482	2.500613	0.4074574	4.538258
4194	-6056.909	-6258.306	201.3969	1.239921	2.099509	0.3572261	4.095324
4200	-6051.722	-6252.367	200.6452	1.178276	2.099509	0.3572261	4.555216
4206	-6060.279	-6261	200.7206	1.248994	2.273339	0.3556066	4.42138
4212	-6064.856	-6267.309	202.4538	1.293654	2.273339	0.3788019	3.37352
4218	-6056.097	-6258.771	202.6741	1.31806	2.273339	0.3875621	3.219073
4224	-6066.652	-6268.133	201.4809	1.274812	2.273339	0.4319839	3.889763
4230	-6067.83	-6269.022	201.1917	1.090254	1.875698	0.5365537	4.188631
4236	-6067.052	-6267.816	200.7638	1.150616	2.215434	0.5365537	4.285815
4242	-6068.081	-6268.048	199.9665	1.000231	2.215434	0.5365537	4.818204
4248	-6065.72	-6266.251	200.5311	1.011266	2.215434	0.5410333	4.491824
4254	-6065.019	-6264.872	199.8524	0.9749129	1.980063	0.5230585	4.981869
4260	-6063.228	-6263.411	200.1826	1.0198	1.977905	0.5230585	4.77365
4266	-6073.212	-6272.51	199.2982	0.9194183	2.025141	0.5174873	5.30987
4272	-6065.367	-6265.409	200.0429	1.07837	2.025141	0.3831172	4.942053
4278	-6079.449	-6279.06	199.6105	1.023242	2.025141	0.4333682	5.159585
4284	-6066.347	-6266.238	199.8907	0.9678342	2.067075	0.3801476	5.077886
4290	-6058.885	-6257.992	199.1071	0.9492053	2.097207	0.4702559	5.419532
4296	-6070.14	-6269.461	199.3213	0.9480272	2.097207	0.5922107	5.194946
4302	-6077.017	-6276.015	198.9975	0.9782702	2.06592	0.433494	5.509514
4308	-6063.732	-6264.301	200.5691	1.093169	2.06592	0.4204078	4.586654
4314	-6059.84	-6261.34	201.5	1.098116	1.866624	0.5010591	4.04443
4320	-6075.153	-6274.66	199.5073	1.028588	2.169128	0.447548	5.154511
4326	-6092.762	-6292.835	200.0722	1.091481	2.169128	0.4438337	4.809305
4332	-6056.085	-6255.565	199.4797	1.051863	1.875176	0.5284403	5.176296
4338	-6057.61	-6258.141	200.5316	1.075422	1.875176	0.3972837	4.705677
4344	-6058.314	-6258.847	200.5322	1.005336	1.875176	0.5478924	4.598879
4350	-6061.412	-6261.624	200.2125	1.014695	1.875176	0.5478924	4.772579
4356	-6062.585	-6262.018	199.4331	1.026451	1.976263	0.5563138	5.158215
4362	-6065.178	-6264.365	199.1869	1.109192	1.976263	0.4096949	5.386275
4368	-6073.391	-6272.65	199.2597	1.085331	1.976263	0.384399	5.386275
4374	-6074.716	-6275.358	200.6424	1.204476	1.976263	0.3867518	4.548527
4380	-6065.747	-6266.161	200.4145	1.156398	1.914851	0.3694172	4.743211
4386	-6072.402	-6273.021	200.6192	1.16848	2.305331	0.4249041	4.437752
4392	-6076.785	-6277.593	200.8078	0.963852	2.494368	0.4636065	4.353429
4398	-6073.449	-6273.609	200.1598	1.074718	2.494368	0.4636065	4.655541
4404	-6064.606	-6265.121	200.5145	1.076532	1.824007	0.4727277	4.655541
4410	-6070.553	-6270.008	199.4547	1.004925	1.824007	0.5724876	5.196053
4416	-6077.237	-6277.883	200.6463	1.07125	1.824007	0.4372369	4.619724
4422	-6071.698	-6271.788	200.0894	1.105348	1.824007	0.4372369	4.911799
4428	-6067.003	-6267.427	200.4245	1.118064	1.874841	0.451267	4.685911
4434	-6067.656	-6267.312	199.6556	1.064389	1.695011	0.451267	5.207677
4440	-6053.916	-6253.846	199.9301	1.027778	1.695011	0.5497305	4.985426
4446	-6059.297	-6259.999	200.7023	1.089912	1.966396	0.4545789	4.51144
4452	-6063.202	-6263.677	200.4752	1.100597	2.080614	0.4556287	4.59467
4458	-6076.054	-6276.243	200.1883	1.010448	1.935201	0.4168157	4.892365
4464	-6062.081	-6261.969	199.8885	0.9664934	2.215511	0.4568382	4.954258
4470	-6072.917	-6272.681	199.764	0.9684368	2.356815	0.4443474	4.993291
4476	-6070.819	-6270.083	199.2647	1.085327	2.198102	0.4192103	5.277127
4482	-6063.183	-6263.67	200.4874	1.142943	2.198102	0.4192103	4.564463
4488	-6061.046	-6262.512	201.4654	1.134552	1.851623	0.5462804	4.007363
4494	-6066.05	-6266.825	200.7747	1.143063	2.35092	0.420969	4.355102
4500	-6073.324	-6273.708	200.3845	0.9895944	2.101652	0.5359294	4.626127
4506	-6079.46	-6279.138	199.6786	1.067422	1.956312	0.4129924	5.140756
4512	-6074.842	-6275.791	200.9487	1.155494	2.159144	0.4063551	4.323195
4518	-6062.873	-6262.592	199.7188	1.011358	2.159144	0.5561035	4.950207
4524	-6067.784	-6268.185	200.4009	1.043707	2.284695	0.5390974	4.527646
4530	-6059.382	-6260.594	201.2127	1.198772	1.9882	0.4774868	4.131506
4536	-6062.359	-6263.243	200.884	1.184815	2.2144	0.4019034	4.330937
4542	-6070.321	-6272.323	202.0019	1.155608	2.300099	0.4117593	3.671803
4548	-6061.993	-6263.981	201.9876	1.169812	2.300099	0.4117593	3.671803
4554	-6083.173	-6283.4	200.2275	1.131564	2.346965	0.399528	4.693155
4560	-6069.469	-6270.45	200.9809	1.094207	2.432499	0.5424042	4.125227
4566	-6080.048	-6280.64	200.5925	1.153459	2.132412	0.4305108	4.508054
4572	-6076.481	-6275.699	199.218	0.9213632	1.924033	0.4017648	5.498086
4578	-6074.859	-6273.675	198.8157	0.9614999	1.924033	0.4017648	5.696936
4584	-6066.266	-6266.659	200.3936	1.104573	2.021156	0.4783416	4.635304
4590	-6060.207	-6260.491	200.2837	1.096143	2.290217	0.4605991	4.635304
4596	-6071.859	-6272.147	200.2878	0.9606795	2.240938	0.4605991	4.723554
4602	-6073.283	-6272.349	199.0652	0.9264687	2.02865	0.4301741	5.515905
4608	-6071.915	-6271.822	199.9079	1.092988	2.248938	0.4301741	4.889739
4614	-6075.047	-6274.542	199.4956	1.018691	2.248938	0.4495057	5.140593
4620	-6071.775	-6273.474	201.6988	1.116571	2.248938	0.4541223	3.840096
4626	-6063.412	-6265.577	202.1655	1.231891	2.419856	0.4650463	3.440146
4632	-6072.671	-6274.987	202.316	1.284466	2.419856	0.4650463	3.321003
4638	-6071.784	-6273.943	202.1589	1.146982	2.419856	0.4276267	3.532673
4644	-6074.231	-6275.06	200.8284	1.154943	2.604475	0.4102689	4.258318
4650	-6072.189	-6273.107	200.9179	1.200819	2.364885	0.4102689	4.24872
4656	-6068.002	-6268.916	200.9139	1.140665	2.364885	0.5075581	4.188098
4662	-6069.192	-6270.19	200.9974	1.148456	2.164064	0.5014541	4.202634
4668	-6067.971	-6269.26	201.2893	1.151497	1.937292	0.4655887	4.143701
4674	-6088.844	-6287.515	198.6713	0.9741395	1.953016	0.4406747	5.719897
4680	-6071.439	-6271.422	199.9835	1.027125	2.129156	0.3887867	4.964447
4686	-6073.251	-6273.28	200.0295	1.080016	2.129156	0.4141875	4.882232
4692	-6060.726	-6260.435	199.7087	1.014262	1.902218	0.4807433	5.104493
4698	-6069.088	-6268.784	199.6955	1.115014	1.902218	0.4311081	5.104493
4704	-6061.631	-6261.351	199.7197	1.023588	2.405127	0.3864259	5.034011
4710	-6061.878	-6262.737	200.859	1.076395	2.276891	0.3919779	4.398219
4716	-6061.847	-6261.655	199.8084	1.111371	2.234433	0.3919779	4.979401
4722	-6067.343	-6268.453	201.1094	1.16523	2.042881	0.4676368	4.200732
4728	-6069.114	-6268.771	199.6578	0.957702	2.135046	0.4676368	5.101283
4734	-6066.694	-6266.172	199.4784	0.9894185	1.88758	0.5202418	5.21455
4740	-6065.33	-6265.035	199.7052	1.001726	2.365815	0.4857751	4.964805
4746	-6066.134	-6265.821	199.6862	0.975423	2.365815	0.5131433	4.964805
4752	-6069.769	-6269.79	200.0209	1.022406	2.365815	0.458933	4.803173
4758	-6054.787	-6253.673	198.8862	0.8817176	2.269718	0.4607305	5.535325
4764	-6059.004	-6258.186	199.1814	1.14478	2.269718	0.3102018	5.392824
4770	-6051.641	-6251.404	199.7624	1.126004	2.266541	0.3266424	5.062525
4776	-6067.177	-6267.872	200.6947	1.051559	1.93719	0.3989981	4.604659
4782	-6068.319	-6267.884	199.5649	0.98443	2.177376	0.3989981	5.194464
4788	-6063.406	-6263.076	199.6693	1.195994	1.873666	0.3989981	5.117307
4794	-6063.298	-6263.031	199.7335	1.044853	2.18672	0.4186365	5.044021
4800	-6062.609	-6263.044	200.4356	1.032625	1.937578	0.4587577	4.698721
4806	-6058.933	-6259.755	200.8215	1.133634	2.396044	0.4358338	4.305482
4812	-6066.224	-6267.853	201.6293	1.271583	2.467055	0.3756835	3.811222
4818	-6067.354	-6269.467	202.1128	1.316089	2.3466	0.2929474	3.645605
4824	-6071.82	-6271.652	199.8316	1.050257	1.75872	0.3742495	5.17547
4830	-6065.663	-6265.417	199.7536	1.106376	1.784906	0.3767171	5.17547
4836	-6064.626	-6266.069	201.4425	1.159962	2.071628	0.4818797	3.990722
4842	-6073.648	-6273.613	199.9647	1.000508	2.140076	0.4818797	4.891871
4848	-6060.483	-6261.288	200.8049	1.182082	2.140076	0.4937177	4.307417
4854	-6062.533	-6263.429	200.8959	1.164192	2.314173	0.5126933	4.195094
4860	-6084.348	-6284.474	200.1252	1.047737	1.860201	0.4517668	4.896837
4866	-6089.768	-6288.97	199.2015	1.008279	2.037444	0.4238443	5.399465
4872	-6076.038	-6277.55	201.5117	1.134043	2.423274	0.4939464	3.846332
4878	-6078.369	-6279.425	201.0561	1.039328	1.912584	0.4577965	4.355582
4884	-6080.999	-6280.391	199.3914	1.095941	2.061173	0.4231242	5.239518
4890	-6078.307	-6278.416	200.1095	1.106105	1.795103	0.4247799	4.923076
4896	-6069.779	-6270.174	200.3951	1.150963	2.213099	0.4195097	4.606852
4902	-6067.296	-6267.313	200.0171	1.005368	1.960442	0.470938	4.927954
4908	-6079.254	-6278.153	198.8992	0.9589535	1.854408	0.5598201	5.527801
4914	-6087.129	-6286.655	199.5262	1.023854	1.971758	0.4796306	5.178125
4920	-6086.338	-6287.419	201.0815	1.091454	2.139299	0.4796306	4.215791
4926	-6075.634	-6276.785	201.1501	1.221118	2.142588	0.4779743	4.103648
4932	-6075.27	-6276.1	200.8295	1.064211	2.323256	0.5224303	4.27785
4938	-6070.372	-6270.636	200.2641	1.052859	2.323256	0.5224303	4.602829
4944	-6067.966	-6267.209	199.243	1.040943	2.317289	0.3965883	5.302289
4950	-6073.525	-6273.009	199.4841	1.011037	2.131872	0.3950493	5.242569
4956	-6081.389	-6279.996	198.6069	0.9474088	2.32698	0.4356313	5.660655
4962	-6073.58	-6271.86	198.2801	0.9585294	2.363416	0.3291631	5.939183
4968	-6069.532	-6268.477	198.9452	1.143944	2.363416	0.3291631	5.473067
4974	-6065.139	-6264.081	198.9416	1.056564	2.363416	0.3723734	5.473067
4980	-6067.613	-6266.963	199.3501	0.9048568	2.117113	0.4767697	5.297605
4986	-6080.234	-6279.688	199.454	0.9754071	2.271632	0.4220602	5.2085
4992	-6069.521	-6268.92	199.3992	1.00181	2.027495	0.4327751	5.288089
4998	-6076.644	-6275.743	199.0994	0.9561246	2.027495	0.4421849	5.469134
5004	-6066.574	-6265.819	199.2451	0.9122095	2.327049	0.5440164	5.228286
5010	-6069.832	-6269.674	199.8414	1.039268	2.088307	0.4690514	4.967349
5016	-6075.411	-6274.62	199.209	0.8770686	2.088307	0.4690514	5.407032
5022	-6062.8	-6261.753	198.9533	0.9486356	2.245087	0.4015251	5.528523
5028	-6075.759	-6275.638	199.8784	1.128135	2.245087	0.4148511	4.903589
5034	-6062.417	-6262.621	200.2045	1.028878	2.079354	0.4749914	4.767895
5040	-6056.643	-6257.356	200.7133	1.21226	2.315138	0.4749914	4.306705
5046	-6065.634	-6266.141	200.5075	1.029288	2.087053	0.4846	4.586467
5052	-6076.781	-6276.309	199.528	1.034032	1.760705	0.4846	5.239225
5058	-6076.325	-6276.252	199.9265	1.020004	1.907783	0.4876592	4.97201
5064	-6066.112	-6265.272	199.1599	0.9310849	2.569913	0.4368046	5.297313
5070	-6061.803	-6261.249	199.4453	0.9730999	2.328061	0.4368046	5.183205
5076	-6067.933	-6268.112	200.1787	0.9815681	2.132189	0.4949849	4.773272
5082	-6076.477	-6277.035	200.5581	1.050987	1.907654	0.5948897	4.507784
5088	-6066.845	-6267.092	200.247	1.056549	2.314765	0.4643706	4.667143
5094	-6058.471	-6259.467	200.9959	1.114857	2.074429	0.3901281	4.364069
5100	-6066.125	-6266.885	200.7595	1.069107	2.493303	0.4217947	4.364069
5106	-6061.59	-6263.015	201.425	1.163464	1.988377	0.4246213	4.084152
5112	-6056.581	-6257.983	201.4017	1.12891	1.988377	0.4566844	4.084152
5118	-6065.044	-6265.826	200.7816	1.183531	1.988377	0.4665721	4.39491
5124	-6063.243	-6263.219	199.9756	1.076871	2.541892	0.3713636	4.84101
5130	-6078.584	-6278.384	199.8004	1.081755	2.196149	0.5317661	4.875428
5136	-6082.923	-6282.901	199.9787	1.068776	1.918737	0.5016481	4.899205
5142	-6079.992	-6279	199.0085	0.9729636	2.343651	0.4475183	5.409316
5148	-6073.882	-6272.53	198.6476	0.9189744	2.343651	0.4475183	5.637449
5154	-6087.634	-6286.885	199.2519	0.9992951	2.343651	0.334682	5.382828
5160	-6074.843	-6276.138	201.2958	1.111381	1.80583	0.4495791	4.224945
5166	-6071.715	-6272.302	200.5866	1.05443	2.229161	0.5237952	4.447448
5172	-6060.26	-6260.837	200.5763	0.9999657	2.352071	0.5237952	4.447448
5178	-6054.133	-6255.204	201.0707	1.160297	2.100261	0.3911446	4.28666
5184	-6047.616	-6248.635	201.0189	1.212072	2.100261	0.3911446	4.28666
5190	-6060.545	-6261.244	200.6984	1.101122	2.41926	0.4025017	4.42183
5196	-6063.112	-6263.113	200.0003	1.021583	2.46826	0.3990803	4.84769
5202	-6067.486	-6268.84	201.3537	1.085236	1.866847	0.5267718	4.111343
5208	-6071.951	-6271.37	199.4192	0.9371357	1.866847	0.4783117	5.321568
5214	-6061.134	-6261.466	200.3322	0.9773117	1.711566	0.5507681	4.782569
5220	-6068.92	-6269.206	200.2854	1.051072	1.928008	0.4899125	4.74574
5226	-6058.948	-6259.297	200.349	1.050399	1.9516	0.4899125	4.702596
5232	-6078.184	-6279.718	201.5338	1.212643	1.867448	0.3692812	4.096878
5238	-6074.762	-6276.188	201.426	1.241987	1.959648	0.3872484	4.089164
5244	-6070.269	-6270.993	200.7239	1.038732	1.815505	0.4456507	4.588991
5250	-6067.952	-6268.405	200.4535	1.043036	1.974335	0.547036	4.588991
5256	-6070.902	-6271.102	200.1998	1.026728	1.974335	0.4632299	4.81715
5262	-6069.762	-6270.475	200.7132	1.056435	1.846817	0.6246819	4.414357
5268	-6068.95	-6270.182	201.2317	1.056435	1.883757	0.6246819	4.107659
5274	-6053.85	-6254.068	200.2184	0.9444924	1.931739	0.5547423	4.783347
5280	-6063.336	-6263.825	200.4892	1.092813	1.931739	0.480137	4.616282
5286	-6075.727	-6276.171	200.4434	1.014098	2.147122	0.480137	4.616282
5292	-6087.857	-6286.665	198.8081	1.129156	2.372081	0.3659273	5.511329
5298	-6088.882	-6288.128	199.2464	0.9802688	2.106154	0.3715762	5.424333
5304	-6090.555	-6289.643	199.0881	1.029716	2.234305	0.4146879	5.39912
5310	-6093.948	-6295.158	201.2093	1.112442	1.810844	0.4959694	4.226349
5316	-6079.909	-6279.256	199.3466	0.9943444	1.810844	0.4959694	5.333022
5322	-6057.501	-6256.622	199.1219	0.9902363	2.245792	0.4626996	5.350918
5328	-6063.122	-6261.507	198.3851	1.001529	2.245792	0.4167059	5.795104
5334	-6063.818	-6261.971	198.1531	0.9617907	2.245792	0.4167059	5.943653
5340	-6065.18	-6264.247	199.0671	0.9278544	1.848013	0.4167059	5.587531
5346	-6060.96	-6262.195	201.2351	1.278	1.848013	0.3921731	4.210461
5352	-6060.815	-6261.57	200.7551	1.127397	2.093158	0.3946353	4.481747
5358	-6070.103	-6270.738	200.6344	1.248111	2.093158	0.3946353	4.481747
5364	-6074.147	-6274.2	200.0531	1.197181	2.093158	0.3669518	4.866665
5370	-6066.228	-6265.908	199.6794	1.037756	2.453421	0.4833295	4.936761
5376	-6062.3	-6261.861	199.5618	1.036334	2.170536	0.4833295	5.085162
5382	-6070.345	-6269.321	198.9761	1.103111	2.044843	0.3957284	5.498339
5388	-6065.292	-6265.655	200.3631	0.9677599	2.044843	0.4846935	4.715224
5394	-6069.745	-6269.878	200.1333	1.063917	1.991998	0.4680787	4.822938
5400	-6064.975	-6264.83	199.8548	1.069843	2.545555	0.4381527	4.84004
5406	-6069.28	-6268.831	199.5509	1.084304	2.611172	0.3938761	5.029816
5412	-6062.431	-6263.743	201.3118	1.086673	2.301477	0.4546598	4.062304
5418	-6062.973	-6262.748	199.7755	1.111401	2.430957	0.4008472	4.931308
5424	-6063.905	-6262.815	198.91	1.012374	2.001067	0.4156874	5.577613
5430	-6062.96	-6261.865	198.9051	1.005105	2.069199	0.4512899	5.526922
5436	-6063.962	-6262.36	198.3986	1.012629	2.589224	0.4376023	5.665433
5442	-6065.567	-6266.068	200.5009	1.012879	2.314438	0.4278543	4.586019
5448	-6068.493	-6269.632	201.1396	1.143879	2.069891	0.5357744	4.122981
5454	-6062.43	-6262.991	200.561	1.083238	2.320783	0.4522854	4.486057
5460	-6076.279	-6276.058	199.7787	0.9940653	2.274112	0.4418872	4.997309
5466	-6064.359	-6263.957	199.5979	0.9698136	2.20185	0.4418872	5.132619
5472	-6060.675	-6260.88	200.2053	1.078398	2.299776	0.4224069	4.724891
5478	-6061.538	-6261.637	200.0995	0.9864775	2.526902	0.4843693	4.709809
5484	-6055.442	-6255.693	200.2514	1.020022	2.336311	0.4333308	4.709809
5490	-6064.288	-6266.198	201.9096	1.119396	1.962148	0.5812204	3.691617
5496	-6059.735	-6260.324	200.5889	1.093026	2.220671	0.5812204	4.377039
5502	-6065.391	-6267.146	201.7543	1.173792	2.157691	0.5812204	3.6851
5508	-6077.048	-6278.181	201.1337	1.052067	2.157691	0.5812204	4.110969
5514	-6074.842	-6275.58	200.7376	1.101149	2.079845	0.5131559	4.392208
5520	-6078.944	-6279.411	200.4671	1.099809	1.796781	0.6269449	4.544434
5526	-6067.754	-6269.356	201.6019	1.144684	2.412671	0.5093828	3.776716
5532	-6063.179	-6262.978	199.7993	0.9324525	2.198599	0.4808012	5.004816
5538	-6072.298	-6271.895	199.5969	0.9130364	2.415134	0.5475726	5.004816
5544	-6072.599	-6272.637	200.0381	0.9560291	2.411395	0.574273	4.713304
5550	-6058.265	-6258.267	200.0021	0.97229	2.04801	0.5685503	4.838555
5556	-6056.294	-6256.288	199.994	1.025856	2.329061	0.4470681	4.838555
5562	-6074.171	-6274.349	200.178	0.9810183	1.897544	0.5173127	4.829977
5568	-6083.505	-6283.193	199.6882	1.016275	2.072823	0.5173127	5.025325
5574	-6086.331	-6287.889	201.5583	1.161895	2.146748	0.5259302	3.857536
5580	-6072.088	-6272.99	200.9014	1.073901	2.20015	0.4474751	4.340463
5586	-6080.434	-6280.841	200.4076	1.051185	2.262706	0.4474751	4.61227
5592	-6062.64	-6261.873	199.2329	1.062115	2.430898	0.3241073	5.346904
5598	-6057.309	-6258.156	200.8468	1.067431	2.062841	0.5068167	4.360935
5604	-6052.36	-6252.624	200.2644	1.047853	2.495658	0.4535812	4.621462
5610	-6060.309	-6260.85	200.5414	1.055881	2.0864	0.4327987	4.603736
5616	-6062.404	-6263.785	201.3805	1.146776	2.242303	0.4327987	4.029106
5622	-6068.162	-6269.98	201.8181	1.267347	2.246819	0.4395147	3.700155
5628	-6075.76	-6277.413	201.6537	1.281611	2.411879	0.4760244	3.700155
5634	-6068.431	-6270.712	202.2818	1.278433	2.4815	0.4104235	3.384742
5640	-6068.047	-6271.034	202.9868	1.455631	1.975075	0.4803193	2.948877
5646	-6062.148	-6263.934	201.7859	1.313604	1.975075	0.3920767	3.831557
5652	-6070.989	-6270.691	199.7014	0.9872979	2.424378	0.4177325	5.025523
5658	-6070.55	-6268.827	198.2778	0.9909021	2.276958	0.3726351	5.897405
5664	-6063.382	-6262.553	199.171	0.9944567	2.079743	0.487357	5.348767
5670	-6069.328	-6270.593	201.2647	1.142123	2.470358	0.4244112	4.039542
5676	-6060.619	-6260.133	199.5134	1.045555	2.373562	0.4400112	5.089114
5682	-6070.193	-6270.221	200.0274	1.039453	1.93942	0.4926789	4.889725
5688	-6072.853	-6272.847	199.9934	1.073501	1.93942	0.4926789	4.889725
5694	-6064.841	-6265.165	200.3246	0.9922785	2.23035	0.5044444	4.646815
5700	-6071.491	-6271.944	200.453	1.020876	2.215443	0.5044444	4.563257
5706	-6081.019	-6281.52	200.5009	0.9835755	2.019713	0.4932715	4.629316
5712	-6076.44	-6276.879	200.4386	1.045834	2.019713	0.4932715	4.629316
5718	-6078.556	-6279.222	200.666	1.143629	2.011888	0.4932715	4.449153
5724	-6072.561	-6272.961	200.4003	1.165854	2.357012	0.4123586	4.560467
5730	-6072.639	-6272.504	199.8644	1.143464	1.998274	0.3935693	5.002392
5736	-6071.094	-6271.468	200.3745	1.073469	2.380487	0.5337908	4.50247
5742	-6070.987	-6272.391	201.4037	1.259867	2.76842	0.3406008	3.90732
5748	-6065.344	-6266.106	200.7614	1.146122	2.474075	0.4119304	4.335256
5754	-6065.918	-6266.491	200.5725	1.179246	2.412492	0.4415594	4.40976
5760	-6070.297	-6270.395	200.0977	1.030277	2.412492	0.5095072	4.694775
5766	-6070.331	-6270.897	200.5656	1.085441	2.138572	0.5095072	4.482704
5772	-6067.185	-6267.361	200.1762	1.083957	2.138572	0.4312764	4.777597
5778	-6072.583	-6271.91	199.3275	1.038036	2.121733	0.5131221	5.201606
5784	-6069.305	-6268.948	199.643	0.9178112	2.121733	0.5725346	5.04201
5790	-6076.514	-6277.027	200.5128	1.01736	2.09679	0.5156609	4.558222
5796	-6068.038	-6267.189	199.1509	0.87558	2.09679	0.5156609	5.394266
5802	-6067.242	-6267.152	199.9107	1.0263	1.847541	0.5252243	4.963728
5808	-6079.223	-6280.405	201.1812	1.176432	1.847541	0.5252243	4.165772
5814	-6070.263	-6269.598	199.3346	1.000822	1.98582	0.5039529	5.269715
5820	-6074.91	-6274.505	199.5952	0.99377	1.828537	0.5039529	5.18248
5826	-6061.123	-6259.88	198.7573	1.00575	1.987405	0.4771024	5.609154
5832	-6076.596	-6277.125	200.529	1.253752	2.059631	0.2855306	4.680545
5838	-6071.549	-6272.462	200.9135	1.279041	2.444985	0.2855306	4.334112
5844	-6064.361	-6263.551	199.1898	0.977432	2.364635	0.4352219	5.313133
5850	-6087.12	-6286.4	199.2802	0.9979824	2.342912	0.5192541	5.178571
5856	-6083.931	-6283.713	199.7815	0.968461	1.794822	0.5148278	5.095332
5862	-6070.036	-6270.306	200.2697	1.030879	2.152856	0.4493402	4.732363
5868	-6063.628	-6264.595	200.9665	1.079714	2.152856	0.3771568	4.390126
5874	-6071.916	-6272.018	200.1013	1.030013	2.290747	0.4334088	4.801365
5880	-6066.637	-6266.606	199.9697	1.011029	2.09534	0.4334088	4.944671
5886	-6068.469	-6269.235	200.7657	1.130262	1.988965	0.396381	4.506129
5892	-6060.649	-6260.583	199.9338	1.028847	1.833006	0.4868459	4.98953
5898	-6053.388	-6253.677	200.2885	1.109938	1.833006	0.4770766	4.755929
5904	-6056.879	-6257.158	200.2791	1.08295	1.879619	0.5400713	4.702501
5910	-6060.232	-6260.052	199.8207	1.063897	1.866863	0.3904632	5.118134
5916	-6067.651	-6268.22	200.5683	1.201314	1.858913	0.3904632	4.627706
5922	-6066.512	-6267.457	200.9441	1.152323	1.858913	0.3904632	4.444066
5928	-6072.859	-6273.695	200.8358	1.212262	1.688891	0.437923	4.482677
5934	-6070.017	-6271.502	201.4853	1.147731	2.009266	0.4630796	4.012315
5940	-6061.716	-6261.342	199.626	0.9843587	1.915595	0.4682093	5.174248
5946	-6076.767	-6276.182	199.4151	0.9523486	1.915595	0.4811478	5.296262
5952	-6064.556	-6264.566	200.0099	1.098116	2.025949	0.342537	4.995611
5958	-6072.87	-6273.454	200.5838	1.057669	2.025949	0.4391744	4.591911
5964	-6071.42	-6271.227	199.8062	1.024848	2.025949	0.4391744	5.044125
5970	-6066.638	-6266.353	199.7152	1.04234	2.025949	0.4811203	5.044125
5976	-6074.719	-6274.603	199.8838	0.9972212	1.925331	0.4701588	5.019072
5982	-6080.347	-6279.703	199.356	0.966934	1.89841	0.4701588	5.337009
5988	-6082.292	-6283.129	200.8365	1.0624	1.949356	0.4701588	4.441803
5994	-6089.191	-6290.092	200.901	1.218715	1.895581	0.4209223	4.385414
6000	-6072.101	-6271.909	199.8083	1.04182	2.262738	0.4537229	4.945919
6006	-6058.957	-6258.696	199.7398	1.020956	2.262738	0.4932851	4.957866
6012	-6067.168	-6267.068	199.8999	1.099533	2.154258	0.4270558	4.922431
6018	-6062.396	-6262.192	199.7955	1.070195	2.460049	0.4270558	4.907557
6024	-6062.941	-6263.557	200.616	1.112947	2.06958	0.4254862	4.542744
6030	-6079.829	-6279.458	199.6289	1.139491	2.263439	0.4797719	4.966047
6036	-6064.828	-6265.784	200.9562	1.162401	2.516853	0.4797719	4.134753
6042	-6065.341	-6265.916	200.5746	1.092625	2.516853	0.4580636	4.411603
6048	-6074.854	-6275.647	200.7928	1.075811	2.516853	0.4580636	4.29785
6054	-6059.794	-6260.047	200.2527	1.053679	2.103947	0.5295197	4.668997
6060	-6066.03	-6264.995	198.9645	0.9659638	2.284503	0.4881429	5.415676
6066	-6071.57	-6271.182	199.6119	1.090477	1.945824	0.3656727	5.219853
6072	-6056.56	-6256.518	199.9576	1.083692	2.450027	0.4758417	4.764129
6078	-6072.067	-6271.214	199.147	1.158282	2.450027	0.4022019	5.247107
6084	-6065.681	-6264.823	199.1422	1.146049	2.450027	0.4111045	5.247107
6090	-6077.487	-6276.876	199.3884	1.085683	2.116203	0.4745485	5.178859
6096	-6072.357	-6273.487	201.1296	1.123452	2.116203	0.5205174	4.139206
6102	-6074.343	-6277.842	203.499	1.420622	2.503367	0.5357859	2.424872
6108	-6077.895	-6280.67	202.7757	1.337337	1.930963	0.5357859	3.10758
6114	-6078.217	-6278.758	200.5408	1.133726	2.254684	0.4509118	4.490048
6120	-6078.219	-6278.593	200.3743	1.11509	2.207796	0.3656346	4.699153
6126	-6081.765	-6280.918	199.1531	1.005402	2.406411	0.3656346	5.380232
6132	-6080.484	-6281.116	200.6324	1.172999	2.592998	0.3420019	4.439517
6138	-6081.918	-6281.513	199.5946	1.162627	2.592998	0.3420019	5.025588
6144	-6062.259	-6262.964	200.7049	1.046719	2.159719	0.4614844	4.465146
6150	-6060.378	-6260.726	200.3484	1.105468	2.159719	0.4614844	4.632423
6156	-6059.463	-6258.231	198.7672	0.9659769	2.089613	0.5336444	5.542111
6162	-6085.356	-6284.881	199.5251	1.046286	2.890188	0.3741569	5.016296
6168	-6085.757	-6285.791	200.0339	1.089784	2.371241	0.3532579	4.86957
6174	-6071.147	-6269.829	198.6826	0.9217958	1.746242	0.5314696	5.729062
6180	-6068.165	-6267.472	199.3062	1.069978	2.075988	0.3773904	5.344887
6186	-6052.679	-6252.041	199.3624	1.126034	2.075988	0.3806055	5.279375
6192	-6071.015	-6269.737	198.7223	0.9493471	1.997169	0.4282998	5.703569
6198	-6080.686	-6278.504	197.817	1.000399	1.819591	0.4282998	6.228791
6204	-6066.298	-6266.459	200.1606	0.9834693	1.974624	0.5450952	4.787867
6210	-6071.598	-6271.723	200.1252	1.074985	2.094951	0.5737664	4.693063
6216	-6057.879	-6257.99	200.1109	1.095786	1.913454	0.4263815	4.885393
6222	-6064.188	-6264.655	200.4679	0.9675961	2.311362	0.4603022	4.598157
6228	-6064.462	-6264.771	200.3083	1.130542	2.4715	0.4603022	4.550518
6234	-6058.916	-6258.922	200.0066	1.082207	2.045993	0.4992538	4.836439
6240	-6056.97	-6257.851	200.8806	1.075804	2.045993	0.437692	4.40976
6246	-6059.132	-6258.769	199.6364	1.049555	2.130526	0.437692	5.093042
6252	-6069.845	-6269.58	199.7344	1.073302	2.240836	0.4601635	4.969743
6258	-6066.949	-6266.992	200.0431	1.086752	2.240836	0.4059077	4.845589
6264	-6074.162	-6273.095	198.9329	1.038933	2.134938	0.3592435	5.569542
6270	-6065.058	-6265.835	200.7766	1.108304	2.1001	0.4755033	4.395156
6276	-6071.405	-6272.232	200.8265	1.139499	2.33905	0.4807205	4.271227
6282	-6079.201	-6278.526	199.3252	1.013062	2.25132	0.3822816	5.307068
6288	-6066.414	-6267.186	200.7713	1.097598	2.837226	0.3822816	4.293301
6294	-6055.16	-6255.91	200.7503	1.184464	2.257676	0.3822816	4.415124
6300	-6068.136	-6266.402	198.2659	0.9373739	2.293681	0.3805311	5.919657
6306	-6070.938	-6270.916	199.979	1.1157	2.087253	0.3805311	4.939909
6312	-6067.01	-6267.02	200.0093	0.9956115	2.536148	0.3805311	4.858823
6318	-6055.529	-6255.387	199.858	1.03042	2.536148	0.4335849	4.867388
6324	-6078.769	-6280.032	201.263	1.070335	2.431249	0.4071098	4.111085
6330	-6081.934	-6279.588	197.6539	0.9301737	2.056696	0.4422008	6.264302
6336	-6086.622	-6284.832	198.2093	1.012202	2.373681	0.356519	5.913749
6342	-6069.086	-6267.958	198.872	0.9481168	1.957191	0.4558883	5.607874
6348	-6071.141	-6269.392	198.2519	0.9015008	2.111746	0.4558883	5.923862
6354	-6065.509	-6265.634	200.125	1.01247	2.123063	0.4405721	4.841442
6360	-6070.306	-6270.051	199.7452	1.094289	2.123063	0.459138	4.988933
6366	-6072.754	-6272.125	199.3711	1.001487	2.123063	0.459138	5.247643
6372	-6061.2	-6260.29	199.0903	0.9720553	2.125825	0.446603	5.430193
6378	-6068.607	-6269.536	200.9284	1.0642	2.156101	0.4583602	4.333432
6384	-6074.166	-6274.357	200.1904	1.049629	2.156101	0.5020235	4.71477
6390	-6061.23	-6261.404	200.1742	1.033457	2.156101	0.5021858	4.732708
6396	-6064.907	-6264.649	199.7414	1.033457	2.174209	0.3907642	5.079373
6402	-6065.327	-6266.35	201.023	1.077399	2.156353	0.5216361	4.212184
6408	-6072.932	-6274.092	201.1601	1.095555	1.934015	0.4809194	4.235014
6414	-6054.974	-6256.038	201.0635	1.124909	2.032125	0.4835155	4.237781
6420	-6054.203	-6255.237	201.0337	1.056327	2.032125	0.4835155	4.293491
6426	-6051.315	-6252.091	200.7758	1.054465	2.058787	0.4835155	4.431486
6432	-6051.98	-6252.854	200.8739	1.098092	2.058787	0.43292	4.401701
6438	-6074.797	-6275.179	200.3826	0.9545463	2.327836	0.4331902	4.675644
6444	-6061.706	-6261.767	200.0617	0.9225568	2.321219	0.5485117	4.766667
6450	-6054.088	-6254.582	200.4934	1.012483	2.019591	0.5475331	4.568396
6456	-6062.561	-6263.221	200.6597	0.9825217	2.019591	0.5330476	4.504513
6462	-6058.693	-6259.063	200.3696	0.9492799	1.751742	0.5330476	4.778037
6468	-6054.611	-6254.344	199.7329	1.020879	2.105639	0.4455447	5.055302
6474	-6071.355	-6271.889	200.5347	0.9796387	2.357692	0.5359883	4.469799
6480	-6073.292	-6273.417	200.1246	1.073821	2.10491	0.5359883	4.723398
6486	-6073.391	-6273.398	200.0064	1.086243	2.299308	0.5359883	4.723398
6492	-6079.623	-6280.56	200.9369	1.111826	2.174439	0.4576358	4.296719
6498	-6090.807	-6291.776	200.9689	1.046214	2.316822	0.4338256	4.296719
6504	-6060.96	-6262.648	201.6874	1.265768	2.320151	0.3824547	3.816396
6510	-6066.167	-6266.804	200.637	1.075808	1.956217	0.4767675	4.53783
6516	-6066.041	-6266.558	200.5171	1.17208	2.251981	0.4248456	4.509174
6522	-6057.139	-6258.353	201.214	1.178191	2.124227	0.4458746	4.12947
6528	-6060.983	-6262.303	201.3196	1.222637	2.271289	0.4458746	3.998213
6534	-6066.655	-6268.387	201.732	1.268338	2.233796	0.4663983	3.725823
6540	-6069.462	-6270.961	201.4983	1.181371	2.233796	0.4143037	3.964235
6546	-6058.578	-6260.337	201.759	1.224749	2.070113	0.4424847	3.812046
6552	-6068.607	-6269.452	200.845	1.067153	2.070113	0.5591319	4.312987
6558	-6066.768	-6267.316	200.5483	1.116515	2.126641	0.4698659	4.516139
6564	-6085.466	-6286.962	201.4958	1.156741	2.206488	0.4618659	3.938874
6570	-6066.75	-6268.27	201.5208	1.275829	2.206488	0.4618659	3.856207
6576	-6056.717	-6257.435	200.7174	1.050265	2.206488	0.4670377	4.436248
6582	-6053.938	-6254.452	200.5134	1.100335	2.076829	0.4553053	4.574889
6588	-6068.11	-6267.372	199.2628	1.102889	2.163197	0.4553053	5.242852
6594	-6065.956	-6265.927	199.9707	1.021507	2.095766	0.4553053	4.916302
6600	-6073.05	-6273.874	200.8245	1.194525	2.130184	0.5129475	4.274508
6606	-6069.235	-6270.055	200.8205	1.174118	2.130184	0.5281243	4.274508
6612	-6070.25	-6270.946	200.6955	1.082166	1.671988	0.3886734	4.692938
6618	-6062.781	-6263.165	200.3838	1.154216	1.932162	0.4275132	4.692938
6624	-6063.849	-6265.151	201.3019	1.026103	1.932162	0.4275132	4.248117
6630	-6064.726	-6266.434	201.708	1.166977	2.311418	0.4275132	3.814411
6636	-6064.004	-6264.453	200.4489	1.189046	2.311418	0.3621992	4.588962
6642	-6061.542	-6262.773	201.2314	1.108313	2.412069	0.3621992	4.163549
6648	-6053.487	-6254.911	201.4237	1.191482	2.131609	0.4827258	3.963295
6654	-6057.831	-6259.241	201.4095	1.191482	2.045496	0.5209105	3.963295
6660	-6066.258	-6267.295	201.0375	1.111769	2.045496	0.5209105	4.220615
6666	-6067.366	-6268.047	200.6814	1.09102	2.376107	0.5867202	4.275077
6672	-6068.805	-6268.601	199.795	1.092689	2.376107	0.4459948	4.899746
6678	-6066.782	-6267.563	200.7808	1.084019	2.2955	0.4869919	4.335338
6684	-6073.944	-6274.891	200.9471	1.000597	2.2955	0.537669	4.241774
6690	-6067.881	-6266.993	199.1119	0.8686638	2.075356	0.537669	5.406948
6696	-6067.28	-6266.571	199.2906	1.018049	2.075356	0.6036453	5.17084
6702	-6064.066	-6263.541	199.4747	1.043665	2.075356	0.4706896	5.17084
6708	-6065.205	-6266.431	201.2259	1.07529	2.172215	0.4993433	4.113785
6714	-6065.158	-6265.851	200.6939	1.181207	2.172215	0.4513494	4.401769
6720	-6057.17	-6258.113	200.9427	1.203939	2.172215	0.4409416	4.25878
6726	-6072.173	-6272.641	200.468	1.203939	2.172215	0.4331329	4.534577
6732	-6072.69	-6272.605	199.9151	0.9856179	2.171259	0.5400121	4.865458
6738	-6073.856	-6274.842	200.9862	0.984691	2.598075	0.525033	4.153999
6744	-6082.662	-6282.095	199.4337	1.059453	2.598075	0.5391013	4.971601
6750	-6082.273	-6281.841	199.5673	1.044545	2.518793	0.3847139	5.077435
6756	-6077.071	-6277.948	200.8766	1.168897	2.359844	0.4101943	4.291744
6762	-6083.87	-6284.633	200.7624	1.166282	2.333622	0.3766335	4.402375
6768	-6075.855	-6276.867	201.0117	1.121492	2.279108	0.3766335	4.302994
6774	-6061.257	-6261.748	200.4911	1.118992	1.892898	0.4148392	4.679132
6780	-6062.366	-6262.112	199.7455	1.126639	1.892898	0.386194	5.120788
6786	-6075.234	-6274.399	199.164	1.130558	2.23256	0.386194	5.332426
6792	-6080.035	-6279.543	199.5086	1.030081	1.792854	0.386194	5.339782
6798	-6070.125	-6270.879	200.7545	1.068297	2.416954	0.386194	4.427296
6804	-6076.044	-6277.378	201.3347	1.159864	2.375215	0.380622	4.064847
6810	-6062.046	-6262.082	200.0355	1.149477	2.375215	0.3390262	4.851109
6816	-6062.492	-6263.704	201.2121	1.199638	2.375717	0.3390262	4.160833
6822	-6080.8	-6283.113	202.3126	1.216654	1.758542	0.3790184	3.67595
6828	-6067.032	-6268.478	201.4457	1.205012	2.281106	0.3790184	4.005508
6834	-6081.384	-6281.626	200.2424	1.223269	2.492739	0.3450707	4.654009
6840	-6070.761	-6271.635	200.8736	1.239843	2.207959	0.3794884	4.332499
6846	-6059.065	-6260.086	201.0215	1.091855	2.207959	0.3794884	4.332499
6852	-6074.744	-6275.611	200.8667	1.158981	2.250994	0.3794884	4.368973
6858	-6078.369	-6279.283	200.9144	1.183216	2.120284	0.3792854	4.368973
6864	-6076.818	-6274.835	198.0169	1.029243	2.178093	0.4643524	5.954266
6870	-6061.362	-6261.798	200.4362	1.121667	2.184306	0.4998086	4.529901
6876	-6075.399	-6275.528	200.1295	0.9745993	2.184306	0.4164051	4.865943
6882	-6063.831	-6264.099	200.268	0.9748124	2.184306	0.4560663	4.74831
6888	-6066.727	-6265.876	199.1492	0.9859553	1.861341	0.4569186	5.465772
6894	-6070.736	-6270.413	199.6768	1.055904	1.861341	0.5317128	5.066663
6900	-6072.741	-6274.32	201.5799	1.170582	2.22678	0.6031323	3.747377
6906	-6073.491	-6275.581	202.0897	1.118552	2.02644	0.4326871	3.707295
6912	-6071.352	-6271.54	200.1889	1.025365	2.143863	0.4507411	4.781975
6918	-6068.823	-6267.693	198.8694	0.9489965	2.143863	0.4507411	5.554798
6924	-6056.063	-6258.482	202.4192	1.178172	2.02644	0.4609049	3.451806
6930	-6078.98	-6279.227	200.2469	0.9962434	2.309783	0.4507411	4.715848
6936	-6064.979	-6264.854	199.8755	0.9806811	1.845799	0.5209075	5.013109
6942	-6072.009	-6272.008	199.9987	0.9705676	2.288392	0.478449	4.848101
6948	-6062.662	-6262.202	199.5402	1.043274	2.06835	0.478449	5.129613
6954	-6063.324	-6262.718	199.3938	1.006359	2.06835	0.4125892	5.296288
6960	-6065.079	-6266.058	200.9786	1.120276	1.85172	0.5161017	4.319275
6966	-6072.555	-6273.662	201.1075	1.012178	1.748102	0.5161017	4.344875
6972	-6062.841	-6263.817	200.9753	1.098377	2.363231	0.4856697	4.198356
6978	-6064.398	-6264.473	200.0744	0.9324779	2.354209	0.5876335	4.711365
6984	-6070.371	-6269.903	199.532	1.051825	2.53468	0.5252666	4.950314
6990	-6061.144	-6260.907	199.7632	1.029504	2.000113	0.5252666	4.992613
6996	-6065.271	-6265.564	200.293	1.041624	2.068018	0.5252666	4.66838
7002	-6064.974	-6265.624	200.6497	1.091818	2.522962	0.4087132	4.418871
7008	-6083.29	-6283.33	200.04	1.156954	2.408251	0.4429978	4.721026
7014	-6072.47	-6272.911	200.4415	1.009722	2.342061	0.5034586	4.539288
7020	-6076.574	-6277.837	201.2637	1.192186	2.263663	0.5656242	3.937305
7026	-6066.174	-6267.819	201.6457	1.123292	1.732459	0.5656242	3.937305
7032	-6053.843	-6253.109	199.2662	0.9690069	1.732459	0.5656242	5.358252
7038	-6055.11	-6254.04	198.9303	0.9021121	1.972657	0.5656242	5.497614
7044	-6065.735	-6264.71	198.9754	0.8416302	2.15798	0.5656242	5.44771
7050	-6069.396	-6269.247	199.8501	1.099038	1.973027	0.5481549	4.89443
7056	-6064.802	-6265.443	200.6417	1.074899	1.973027	0.5481549	4.464738
7062	-6060.465	-6261.673	201.2086	1.064665	1.967772	0.6290007	4.083739
7068	-6058.755	-6258.677	199.9221	0.9982777	2.235172	0.6903013	4.714889
7074	-6072.647	-6271.582	198.9348	1.032301	1.973027	0.4832261	5.495956
7080	-6083.391	-6284.909	201.5178	1.110491	1.987113	0.5918003	3.90482
7086	-6077.696	-6279.738	202.0415	1.136651	1.970947	0.5918003	3.593069
7092	-6067.617	-6267.877	200.26	1.048609	2.177882	0.6244222	4.565043
7098	-6069.276	-6270.828	201.552	1.203062	2.169771	0.6244222	3.745034
7104	-6065.271	-6266.45	201.1791	1.110584	2.34265	0.6244222	3.959478
7110	-6064.538	-6265.661	201.1227	1.063122	2.068254	0.6244222	4.103882
7116	-6081.479	-6283.227	201.7487	1.2428	2.060766	0.5664043	3.692856
7122	-6085.959	-6288.473	202.5133	1.2255	2.379229	0.5664043	3.154224
7128	-6081.697	-6284.235	202.538	1.279725	2.379229	0.5159992	3.154224
7134	-6084.879	-6287.728	202.8495	1.35033	2.142757	0.4657134	3.051763
7140	-6075.349	-6277.291	201.9418	1.27246	2.142757	0.4872483	3.610141
7146	-6065.389	-6266.827	201.4376	1.123628	2.142757	0.4872483	3.986237
7152	-6064.874	-6265.816	200.9424	1.057684	2.135864	0.5227421	4.274454
7158	-6064.225	-6264.797	200.5725	1.191696	2.011967	0.51799	4.451922
7164	-6057.448	-6256.62	199.1721	1.026687	2.563115	0.4452896	5.231116
7170	-6054.073	-6252.894	198.8202	0.9614812	2.344239	0.4452896	5.521335
7176	-6057.229	-6258.269	201.0397	1.096001	2.662299	0.4316153	4.133786
7182	-6070.958	-6272.392	201.4335	1.176108	2.003062	0.4040387	4.08924
7188	-6076.968	-6278.213	201.2447	1.246601	2.078658	0.4443678	4.08924
7194	-6065.31	-6265.419	200.1097	1.114293	2.386191	0.4516948	4.703526
7200	-6068.349	-6270.027	201.6784	1.15969	2.164475	0.4095055	3.900309
7206	-6078.657	-6278.866	200.2091	0.9556628	2.3333	0.5015782	4.704149
7212	-6078.386	-6278.888	200.5026	0.9840144	2.146907	0.5015782	4.579864
7218	-6075.935	-6277.035	201.0995	1.035063	2.009041	0.5015782	4.258778
7224	-6076.006	-6275.759	199.7537	1.074433	2.661612	0.3906596	4.912841
7230	-6075.42	-6275.232	199.8115	1.067112	2.28841	0.5180345	4.86205
7236	-6068.895	-6269.026	200.1311	0.9650882	1.98095	0.5180345	4.836385
7242	-6075.254	-6275.377	200.1231	1.170768	2.01009	0.3963287	4.836385
7248	-6080.489	-6281.369	200.8796	1.141235	2.206583	0.4219128	4.339057
7254	-6067.353	-6267.787	200.4346	1.160871	2.206583	0.4219128	4.578625
7260	-6057.339	-6257.546	200.2066	1.072746	2.206583	0.4472591	4.729828
7266	-6056.16	-6256.553	200.3926	1.087988	2.057963	0.4472591	4.663597
7272	-6063.228	-6263.739	200.5115	1.005537	2.057963	0.4105793	4.680955
7278	-6075.035	-6275.14	200.1045	1.163838	2.057963	0.3998683	4.831389
7284	-6061.541	-6262.766	201.225	1.144412	2.158945	0.4203751	4.157907
7290	-6062.535	-6264.892	202.3561	1.184226	2.158945	0.4203751	3.484049
7296	-6066.296	-6268.848	202.5519	1.151642	2.035377	0.5078926	3.339946
7302	-6069.797	-6271.634	201.8367	1.141125	2.100619	0.5078926	3.740852
7308	-6075.186	-6276.83	201.6435	1.199908	1.979266	0.5078926	3.858566
7314	-6081.898	-6282.427	200.5293	1.227305	2.125338	0.4245115	4.510509
7320	-6076.452	-6276.357	199.9042	1.05406	2.33274	0.4957874	4.825031
7326	-6070.132	-6269.879	199.7466	1.089323	2.33274	0.3667564	5.025121
7332	-6070.994	-6271.45	200.4556	1.143662	2.288076	0.3841805	4.592606
7338	-6077.749	-6278.237	200.4876	1.168478	2.288076	0.4097265	4.532925
7344	-6075.252	-6276.025	200.7731	1.095087	2.400308	0.4135956	4.376608
7350	-6083.728	-6283.607	199.879	0.9863064	2.55848	0.466613	4.841499
7356	-6082.447	-6282.199	199.7526	1.077864	2.55848	0.3897973	4.939753
7362	-6083.031	-6285.06	202.0286	1.415312	2.015003	0.4306491	3.576761
7368	-6081.536	-6282.906	201.3703	1.159174	2.015003	0.5439211	3.993467
7374	-6065.348	-6265.354	200.0057	1.160173	1.818385	0.419509	4.947961
7380	-6062.096	-6264.638	202.5416	1.231437	1.818385	0.4105952	3.476279
7386	-6059.504	-6260.508	201.0036	1.297265	2.020102	0.4105952	4.251903
7392	-6068.629	-6269.498	200.8696	1.04603	2.10619	0.5001705	4.352392
7398	-6076.898	-6277.426	200.5288	0.9436879	2.336025	0.5001705	4.532133
7404	-6061.118	-6259.477	198.3587	0.9423207	2.261191	0.5519039	5.711891
7410	-6070.73	-6270.695	199.9646	1.096538	1.954917	0.4238788	4.955058
7416	-6069.46	-6269.122	199.6618	1.106139	1.954917	0.4538434	5.087755
7422	-6077.42	-6277.581	200.1618	1.0038	1.792092	0.4191844	4.95777
7428	-6079.136	-6280.267	201.1312	1.326615	1.792092	0.3619203	4.296207
7434	-6070.686	-6270.502	199.8159	1.061835	2.158246	0.4281921	4.987668
7440	-6075.417	-6275.522	200.1053	1.103189	1.934047	0.4009569	4.904152
7446	-6075.69	-6275.63	199.94	1.107811	1.934047	0.4345671	4.958506
7452	-6082.644	-6281.929	199.2851	1.195599	2.074096	0.3590011	5.30851
7458	-6074.727	-6274.911	200.1842	1.165549	1.759229	0.4131688	4.873341
7464	-6086.781	-6287.925	201.1437	1.093003	1.798897	0.5568768	4.223732
7470	-6082.516	-6283.469	200.9529	1.093003	2.074372	0.5732842	4.223732
7476	-6077.79	-6278.075	200.2852	1.007681	2.23129	0.5223837	4.643665
7482	-6060.679	-6261.781	201.1016	1.156439	2.221698	0.3581545	4.271051
7488	-6059.966	-6260.88	200.914	1.177571	2.547345	0.3581545	4.271051
7494	-6068.783	-6268.561	199.7779	1.100629	1.776374	0.3524385	5.195764
7500	-6063.401	-6264.151	200.7498	1.068453	2.020766	0.5260439	4.411239
7506	-6066.924	-6267.172	200.2482	1.005527	2.020766	0.5260439	4.728206
7512	-6064.495	-6264.877	200.382	1.1109	2.055401	0.4682441	4.636881
7518	-6057.1	-6258.006	200.9067	1.13621	2.219712	0.4061803	4.339289
7524	-6054.895	-6254.733	199.8381	1.094579	2.219712	0.4797121	4.887719
7530	-6055.398	-6254.575	199.1776	1.018238	2.239125	0.4056187	5.364168
7536	-6067.473	-6267.345	199.8716	1.029296	2.239125	0.4198903	4.958887
7542	-6080.955	-6281.027	200.0719	1.153474	2.178249	0.3230516	4.90617
7548	-6078.332	-6277.844	199.5119	0.9726729	2.268148	0.4180059	5.183193
7554	-6065.675	-6265.153	199.4779	1.044308	2.002517	0.4180059	5.244263
7560	-6072.948	-6273.864	200.9154	1.140897	2.002517	0.5102411	4.297224
7566	-6077.438	-6278.704	201.2662	1.059565	2.002517	0.5102411	4.144373
7572	-6070.074	-6270.978	200.9043	1.021113	2.119096	0.5197274	4.324769
7578	-6076.574	-6277.142	200.5678	1.112583	1.821331	0.5849443	4.505979
7584	-6067.103	-6268.039	200.936	1.107505	1.997542	0.4462433	4.367827
7590	-6061.526	-6262.739	201.2123	1.122869	2.164908	0.5663199	4.036294
7596	-6064.987	-6265.821	200.8342	1.156218	1.612447	0.43171	4.550768
7602	-6062.917	-6263.856	200.9387	1.160997	2.128845	0.44266	4.297197
7608	-6062.1	-6262.398	200.2976	1.109061	2.128845	0.4441515	4.685679
7614	-6062.561	-6263.696	201.1355	1.177167	2.128845	0.4441515	4.174975
7620	-6076.597	-6277.343	200.7459	1.191323	1.8257	0.413517	4.520413
7626	-6075.931	-6273.916	197.9849	0.9552266	1.799707	0.413517	6.18388
7632	-6070.846	-6273.114	202.2675	1.268549	1.961337	0.3819322	3.595594
7638	-6063.707	-6264.073	200.3667	1.141946	2.390414	0.4355718	4.558989
7644	-6070.898	-6271.994	201.0954	1.033839	2.389584	0.5068403	4.139123
7650	-6059.905	-6260.638	200.7337	1.071343	2.424958	0.5707659	4.256008
7656	-6064.466	-6264.867	200.4013	1.070692	2.33883	0.5707659	4.468978
7662	-6066.236	-6266.806	200.5699	1.124513	2.315234	0.3858974	4.529259
7668	-6054.579	-6254.503	199.9239	1.082979	2.192496	0.3793932	4.957454
7674	-6064.692	-6266.614	201.9218	1.205946	2.04597	0.4277567	3.752495
7680	-6067.708	-6268.136	200.4281	1.165865	2.215293	0.3981986	4.602027
7686	-6067.294	-6266.959	199.6647	1.037606	2.148004	0.4039572	5.113419
7692	-6069.179	-6269.345	200.1658	1.066715	1.821758	0.4156155	4.913766
7698	-6060.604	-6260.735	200.1304	1.102116	1.821758	0.4156155	4.913766
7704	-6066.559	-6267.606	201.0474	1.078241	2.652393	0.4161506	4.158453
7710	-6062.717	-6263.214	200.4971	1.137776	2.652393	0.377998	4.477797
7716	-6069.446	-6269.68	200.2347	1.106038	2.480979	0.3612519	4.708261
7722	-6077.635	-6277.88	200.2454	1.12488	2.480979	0.3801564	4.670247
7728	-6074.793	-6275.497	200.7047	1.104597	2.480979	0.431573	4.368207
7734	-6078.699	-6278.022	199.3228	1.004024	2.460644	0.58418	5.062978
7740	-6072.141	-6271.27	199.1285	0.9962659	2.657913	0.3681713	5.328429
7746	-6085.687	-6285.039	199.3525	0.9899914	2.715938	0.4764141	5.081571
7752	-6075.39	-6276.019	200.6289	1.128864	2.210394	0.4132171	4.495385
7758	-6074.224	-6274.941	200.7168	1.173617	2.10685	0.3802181	4.488911
7764	-6062.889	-6263.126	200.2372	1.014961	2.167567	0.4130483	4.792002
7770	-6063.514	-6264.808	201.2936	1.172363	2.17065	0.4611578	4.057362
7776	-6070.58	-6273.001	202.4208	1.306837	2.483705	0.5229211	3.169929
7782	-6076.905	-6277.705	200.8008	1.228725	2.081527	0.3816533	4.417048
7788	-6069.425	-6269.641	200.2164	1.077054	1.913724	0.3918611	4.873475
7794	-6069.795	-6269.589	199.7942	1.005048	2.660577	0.4444577	4.873024
7800	-6071.332	-6271.414	200.0814	0.9771808	1.985363	0.5074518	4.865486
7806	-6074.769	-6274.635	199.8657	1.02705	1.985363	0.5170684	4.94911
7812	-6066.835	-6266.51	199.675	0.9519964	2.113605	0.534871	5.039963
7818	-6076.927	-6276.98	200.0521	1.001059	2.271381	0.4233846	4.860903
7824	-6059.909	-6259.556	199.6464	1.023338	2.271381	0.4912749	5.007722
7830	-6059.183	-6258.896	199.7122	1.047997	2.271381	0.3923408	5.05668
7836	-6056.881	-6256.733	199.8519	1.084496	2.377254	0.3923408	4.9281
7842	-6069.788	-6269.982	200.1937	1.079059	2.418528	0.3923408	4.728816
7848	-6076.248	-6276.365	200.1171	1.148018	2.09304	0.3037572	4.934828
7854	-6057.912	-6257.743	199.8311	1.058271	2.453382	0.4262013	4.89709
7860	-6056.844	-6256.948	200.1033	0.9653125	2.032912	0.5349076	4.819788
7866	-6062.611	-6262.675	200.0647	1.020285	2.015864	0.4814441	4.864989
7872	-6054.206	-6254.649	200.4422	1.006192	2.015864	0.4814441	4.661955
7878	-6059.949	-6259.799	199.8503	0.9777953	2.050276	0.6043355	4.889866
7884	-6070.091	-6270.902	200.8105	1.020622	2.085302	0.6240413	4.299975
7890	-6078.437	-6277.575	199.1381	0.8487862	2.360495	0.4880768	5.362837
7896	-6076.304	-6276.212	199.9084	0.9753822	2.302431	0.5349088	4.840074
7902	-6074.422	-6274.136	199.714	1.088819	2.34119	0.4752493	4.92851
7908	-6077.837	-6277.765	199.928	1.060119	1.987153	0.5817171	4.839686
7914	-6073.153	-6273.795	200.6423	1.160551	1.903109	0.3915842	4.592608
7920	-6070.027	-6267.645	197.6177	0.884856	1.968436	0.5203824	6.264377
7926	-6074.981	-6272.825	197.8441	0.9731979	1.759885	0.413704	6.264377
7932	-6069.623	-6270.145	200.5223	0.917933	2.360238	0.4928807	4.550011
7938	-6063.227	-6262.974	199.7472	1.09077	2.343875	0.4529694	4.929784
7944	-6057.594	-6257.022	199.428	1.017065	2.343875	0.3618652	5.244017
7950	-6091.668	-6292.185	200.5168	1.082192	2.160152	0.4883617	4.524977
7956	-6079.585	-6279.949	200.3637	1.177424	2.160152	0.5065139	4.540577
7962	-6069.157	-6270.61	201.4535	1.155927	2.202924	0.4295401	3.997735
7968	-6072.459	-6273.611	201.1518	1.161926	2.04541	0.5049862	4.141909
7974	-6072.632	-6272.873	200.241	1.070057	2.04541	0.5110668	4.701699
7980	-6066.796	-6266.493	199.6976	1.056775	2.181774	0.4592661	5.018044
7986	-6074.677	-6275.736	201.0588	1.168009	2.181774	0.4404539	4.210868
7992	-6063.471	-6263.575	200.1041	1.126726	2.181774	0.4404539	4.771315
7998	-6070.56	-6271.609	201.0494	1.262898	2.346268	0.4404539	4.112536
8004	-9858.151	-10062.92	204.7742	1.06845	2.723744	0.4170408	1.887622
8406	-13540.65	-13474.93	-65.72262	47.24228	792.4806	237259.1	94.29381
8802	-140441.7	-25092.57	-115349.1	303.7646	2187.583	9.109001e+09	57580.93
8808	-61532.78	-25173.73	-36359.05	352.5196	2260.493	1.911737e+10	18058.38
9204	-610141.6	-34743.99	-575397.6	254.329	1686812	8.227502e+11	287601.8
