	Command being timed: "/nobackup/pjjg18/revbayes/projects/cmake/build/rb mc3time.Rev"
	User time (seconds): 21329.29
	System time (seconds): 1.17
	Percent of CPU this job got: 99%
	Elapsed (wall clock) time (h:mm:ss or m:ss): 5:57:56
	Average shared text size (kbytes): 0
	Average unshared data size (kbytes): 0
	Average stack size (kbytes): 0
	Average total size (kbytes): 0
	Maximum resident set size (kbytes): 4240320
	Average resident set size (kbytes): 0
	Major (requiring I/O) page faults: 1925
	Minor (reclaiming a frame) page faults: 475916
	Voluntary context switches: 3849
	Involuntary context switches: 50109
	Swaps: 0
	File system inputs: 13824
	File system outputs: 2664
	Socket messages sent: 0
	Socket messages received: 0
	Signals delivered: 0
	Page size (bytes): 4096
	Exit status: 0
