Iteration	Posterior	Likelihood	Prior	rate_log_sd	rate_loss	rate_neo	tree_length
0	-6072.483	-6271.908	199.4242	0.9435003	1.757712	0.546781	5.292019
6	-6063.075	-6263.183	200.1081	1.005106	2.238635	0.546781	4.720507
12	-6074.777	-6275.111	200.3336	1.087069	2.245855	0.546781	4.545962
18	-6063.472	-6264.53	201.0585	1.080453	2.245855	0.5035611	4.179339
24	-6071.652	-6270.989	199.3379	0.9908837	2.245855	0.5035611	5.192984
30	-6069.372	-6269.901	200.5293	1.013477	1.709886	0.4698638	4.726592
36	-6076.177	-6276.547	200.3698	1.170844	1.709886	0.4710934	4.726592
42	-6062.832	-6263.212	200.3795	1.123583	2.218104	0.4710934	4.577589
48	-6063.447	-6263.411	199.9647	1.038191	2.218104	0.3790828	4.952237
54	-6069.799	-6269.05	199.2508	1.002867	2.164455	0.4197687	5.33992
60	-6065.556	-6265.479	199.9226	1.008449	2.193885	0.3664206	5.013714
66	-6067.702	-6267.08	199.3782	0.9455215	2.508165	0.3896126	5.23448
72	-6071.151	-6269.973	198.8222	0.9859015	2.559002	0.3896126	5.505129
78	-6071.404	-6271.781	200.3772	0.9760763	2.196214	0.4952247	4.645347
84	-6059.938	-6261.431	201.493	1.152294	2.196214	0.4952247	3.913621
90	-6063.302	-6264.091	200.7883	1.156736	1.834095	0.3780118	4.551847
96	-6065.179	-6265.711	200.5318	1.132097	2.326857	0.3780118	4.551847
102	-6067.599	-6266.08	198.4811	0.9711984	2.415784	0.4258237	5.701468
108	-6076.182	-6276.641	200.4583	0.9565522	2.153394	0.4351993	4.682513
114	-6065.43	-6264.797	199.3662	0.9960499	2.153394	0.4351993	5.267694
120	-6076.729	-6277.52	200.7904	1.089798	2.009969	0.4931941	4.410105
126	-6069.512	-6269.038	199.5258	1.101565	2.203008	0.4059005	5.136145
132	-6064.593	-6264.554	199.9609	1.163518	2.165293	0.4059005	4.871517
138	-6056.778	-6257.304	200.526	1.13815	2.165821	0.485092	4.489675
144	-6063.327	-6264.63	201.3031	1.076641	2.165821	0.5210495	4.050822
150	-6081.417	-6282.998	201.5813	1.224752	2.342329	0.4097	3.863953
156	-6059.541	-6261.192	201.6505	1.201778	2.254281	0.4097	3.863953
162	-6062.369	-6263.59	201.2211	1.246034	2.274769	0.3774221	4.113918
168	-6061.832	-6262.888	201.0568	1.202372	2.178613	0.3774221	4.261381
174	-6076.517	-6276.635	200.118	1.159971	2.511711	0.2973097	4.813349
180	-6072.128	-6272.467	200.3389	1.048936	2.511711	0.3483663	4.688483
186	-6066.287	-6266.499	200.2118	1.237625	2.217707	0.3306174	4.759921
192	-6060.336	-6260.686	200.3499	1.070198	2.636879	0.3306174	4.65809
198	-6060.784	-6260.723	199.9385	1.047955	2.005888	0.4321568	4.971352
204	-6052.648	-6251.369	198.7212	0.9106312	1.932262	0.5315721	5.650033
210	-6056.923	-6256.947	200.0238	0.95536	2.220256	0.5357674	4.810492
216	-6064.921	-6265.15	200.2292	1.037865	2.220256	0.5357674	4.649542
222	-6064.608	-6265.512	200.9045	1.020739	1.986895	0.5529752	4.338234
228	-6060.034	-6261.501	201.4673	1.092761	1.986895	0.5903015	3.945249
234	-6060.405	-6259.336	198.9314	1.019698	2.116354	0.4367546	5.504091
240	-6066.543	-6266.706	200.1633	0.9850482	1.986895	0.5910728	4.742591
246	-6060.615	-6260.098	199.4834	0.9558688	1.989718	0.439753	5.272195
252	-6059.896	-6260.863	200.9673	1.089804	1.989718	0.5687238	4.249056
258	-6053.809	-6254.591	200.7825	1.02256	1.989718	0.4713631	4.479994
264	-6062.94	-6262.951	200.0111	1.029548	2.162977	0.5705979	4.763698
270	-6064.539	-6264.641	200.1026	1.054743	2.162977	0.5293908	4.734069
276	-6065.208	-6265.519	200.3106	0.978621	1.934115	0.5293908	4.734069
282	-6071.556	-6272.06	200.5042	1.050595	2.181075	0.4666821	4.56412
288	-6064.668	-6264.179	199.5106	1.047227	2.181075	0.4666821	5.120107
294	-6073.593	-6274.071	200.4782	1.015515	2.698885	0.513832	4.407583
300	-6076.249	-6277.544	201.2949	1.135303	2.129592	0.3892771	4.166428
306	-6063.962	-6263.848	199.8859	1.066883	2.129592	0.4858255	4.898332
312	-6065.523	-6266.119	200.5959	1.031076	2.129592	0.4818268	4.524965
318	-6060.826	-6261.346	200.5202	1.102696	2.16826	0.5077077	4.490972
324	-6055.115	-6256.704	201.589	1.219356	2.086637	0.4271119	3.923438
330	-6063.046	-6265.282	202.2364	1.274214	2.185358	0.4714083	3.439521
336	-6058.66	-6260.14	201.4801	1.111797	2.157376	0.5128963	3.939796
342	-6056.844	-6257.882	201.0375	1.156819	2.180794	0.4620854	4.207808
348	-6058.351	-6258.906	200.5553	1.099556	2.180794	0.4568118	4.517706
354	-6061.946	-6263.108	201.1625	1.096903	2.246946	0.4568118	4.155767
360	-6079.039	-6279.591	200.552	1.144949	2.950754	0.3996535	4.343218
366	-6055.954	-6256.779	200.8244	1.105316	2.17736	0.3888714	4.435096
372	-6064.512	-6264.311	199.7991	1.034666	2.128229	0.3894096	5.062275
378	-6077.794	-6277.914	200.1202	1.024274	2.452611	0.429314	4.751814
384	-6056.658	-6257.601	200.9433	1.078372	2.276179	0.4833372	4.255847
390	-6053.806	-6254.821	201.0153	1.17969	2.044872	0.4833372	4.230028
396	-6059.809	-6261.046	201.237	1.174186	2.044872	0.4131158	4.178479
402	-6060.925	-6261.152	200.2266	1.002902	2.592278	0.4222013	4.67348
408	-6054.289	-6253.956	199.6676	1.060427	2.15671	0.401632	5.098976
414	-6057.959	-6257.366	199.4073	1.063426	2.15671	0.3883152	5.255718
420	-6064.47	-6263.906	199.436	1.110233	2.179071	0.4432064	5.150106
426	-6075.913	-6275.705	199.7919	1.028156	2.179071	0.4432064	4.998209
432	-6062.266	-6262.435	200.1692	1.054816	2.179071	0.4432064	4.7732
438	-6072.498	-6272.519	200.0217	1.149536	2.591288	0.3423586	4.795169
444	-6074.527	-6274.89	200.3626	1.204132	2.201494	0.3599611	4.664326
450	-6069.402	-6268.451	199.0491	1.152004	2.201494	0.3214436	5.467959
456	-6070.714	-6270.375	199.6603	1.09391	2.345767	0.3544142	5.080866
462	-6078.233	-6279.359	201.1259	1.178514	2.345767	0.3754095	4.187554
468	-6075.194	-6275.632	200.438	1.142307	2.345767	0.3312686	4.648037
474	-6089.294	-6287.137	197.8427	0.9322695	1.795816	0.4865209	6.204378
480	-6063.252	-6263.695	200.4434	1.077834	2.309629	0.4184037	4.593098
486	-6072.74	-6273.303	200.5628	1.138712	1.985082	0.4184037	4.593098
492	-6061.133	-6260.955	199.8222	1.047545	2.005218	0.4184037	5.050528
498	-6052.652	-6252.198	199.5457	1.002652	2.005218	0.6160796	5.050528
504	-6063.111	-6262.093	198.9822	0.8708845	1.961388	0.658251	5.416766
510	-6069.07	-6270.087	201.017	1.183219	2.27931	0.4066374	4.231731
516	-6058.128	-6259.718	201.5903	1.14563	2.117473	0.6622947	3.742642
522	-6063.395	-6264.253	200.858	1.185952	2.117473	0.5117462	4.265515
528	-6068.474	-6268.791	200.317	1.029406	2.117473	0.5117462	4.658335
534	-6069.725	-6269.844	200.1188	1.092229	2.04948	0.438715	4.825605
540	-6060.611	-6261.181	200.5695	1.124152	1.894639	0.5055025	4.542488
546	-6066.199	-6266.577	200.3777	1.037591	1.894639	0.5055025	4.698519
552	-6073.395	-6274.182	200.7862	1.11289	1.894639	0.443104	4.487164
558	-6078.831	-6280.405	201.5739	1.144949	1.894639	0.443104	4.022666
564	-6077.261	-6277.93	200.6686	1.154501	2.294963	0.3663556	4.48496
570	-6082.412	-6283.744	201.3316	1.157855	2.321963	0.3992137	4.062651
576	-6072.89	-6273.432	200.5416	1.094873	2.349539	0.438768	4.495675
582	-6072.941	-6272.723	199.7815	1.056974	2.155903	0.438768	4.999515
588	-6080.946	-6280.444	199.4979	1.042819	2.569793	0.4796639	5.006633
594	-6063.298	-6263.451	200.1534	1.098555	2.4424	0.4503126	4.673338
600	-6066.238	-6267.027	200.7881	1.115834	2.313107	0.4503126	4.343851
606	-6070.95	-6272.513	201.5638	1.179849	2.364373	0.5982618	3.713603
612	-6074.795	-6276.328	201.5335	1.205072	2.509957	0.6409976	3.639114
618	-6070.656	-6271.439	200.7831	1.125667	2.299873	0.4774603	4.318319
624	-6074.288	-6275.903	201.6157	1.207788	2.636327	0.4774603	3.700087
630	-6078.281	-6279.772	201.491	1.168142	1.941861	0.4850423	3.998667
636	-6069.452	-6270.458	201.0061	1.101996	2.223235	0.4850423	4.221258
642	-6064.549	-6265.446	200.8972	1.109483	2.112967	0.5878695	4.221258
648	-6057.02	-6259.506	202.4852	1.288066	2.086742	0.4100516	3.382751
654	-6047.713	-6247.294	199.5811	0.9689011	2.219793	0.4414772	5.137455
660	-6060.815	-6259.107	198.2927	0.8734645	2.182433	0.4711058	5.881012
666	-6068.119	-6266.171	198.0511	0.8745632	1.894598	0.530707	6.049365
672	-6060.419	-6260.387	199.9678	1.066099	1.894598	0.4698598	4.944792
678	-6069.663	-6269.456	199.7926	0.9449625	2.355127	0.4922374	4.944792
684	-6065.744	-6265.699	199.9554	1.049052	2.355127	0.4277636	4.85917
690	-6068.041	-6268.201	200.1599	1.058289	2.181059	0.4239934	4.795412
696	-6076.351	-6274.786	198.4347	0.9664892	2.132318	0.4920047	5.748162
702	-6081.965	-6281.377	199.4127	0.9639999	1.862204	0.5010852	5.290818
708	-6079.848	-6279.261	199.4139	0.9627882	1.862204	0.5010852	5.290818
714	-6074.417	-6273.818	199.401	0.9528017	1.932233	0.5010852	5.279832
720	-6070.996	-6271.878	200.8827	1.110632	2.362854	0.495881	4.234342
726	-6065.151	-6265.93	200.7786	1.145032	2.362854	0.4380075	4.330634
732	-6083.004	-6284.212	201.2082	1.210361	2.412618	0.5260193	3.949717
738	-6078.963	-6279.907	200.9435	1.133924	2.412618	0.5260193	4.144317
744	-6081.136	-6282.268	201.1317	1.11793	2.11899	0.4782652	4.179987
750	-6077.116	-6277.267	200.1515	1.129504	2.367638	0.373922	4.759103
756	-6075.029	-6277.28	202.2505	1.256093	2.500289	0.373922	3.452538
762	-6085.256	-6286.043	200.7873	1.019956	2.241019	0.468335	4.402154
768	-6071.633	-6272.251	200.618	1.005579	2.381551	0.5218999	4.413931
774	-6063.638	-6263.264	199.6265	0.9981545	2.381551	0.4376953	5.052714
780	-6067.722	-6268.543	200.8206	1.050994	1.933878	0.6163569	4.333316
786	-6071.672	-6272.804	201.132	1.062446	2.131026	0.6452137	4.062224
792	-6069.403	-6271.201	201.7976	1.221414	2.245293	0.480325	3.697659
798	-6077.598	-6279.254	201.6562	1.295493	2.414693	0.4682164	3.697659
804	-6068.602	-6269.727	201.1247	1.191923	2.180916	0.4685097	4.131955
810	-6075.44	-6275.147	199.7069	0.9567474	2.435273	0.4685097	4.985647
816	-6074.045	-6273.768	199.7228	0.9803428	1.935671	0.4685097	5.115886
822	-6067.974	-6267.886	199.9128	1.068699	2.289511	0.4685097	4.850483
828	-6065.074	-6265.083	200.0091	1.137997	2.289511	0.4040777	4.823497
834	-6083.198	-6283.084	199.8857	1.080019	2.289511	0.4040777	4.924522
840	-6076.078	-6274.717	198.6388	0.9320965	2.202283	0.5066179	5.620744
846	-6071.295	-6269.985	198.6902	0.96945	2.367089	0.4069807	5.620744
852	-6066.31	-6266.48	200.1698	1.102388	2.197087	0.4069807	4.778237
858	-6065.984	-6266.926	200.9417	1.174763	2.197087	0.4836505	4.225898
864	-6066.109	-6267.575	201.4654	1.174763	2.197087	0.4147851	3.99767
870	-6078.339	-6277.493	199.1534	0.9653983	2.003218	0.420914	5.463545
876	-6073.427	-6272.483	199.0556	1.060365	2.003218	0.420914	5.465119
882	-6079.598	-6278.522	198.9233	1.018692	2.003218	0.4667581	5.51552
888	-6085.552	-6285.154	199.6017	1.016202	2.003218	0.4667581	5.142545
894	-6077.385	-6277.012	199.6275	0.9983319	2.235661	0.391611	5.142545
900	-6068.307	-6269.231	200.9237	1.115379	1.913494	0.4643609	4.380618
906	-6072.007	-6272.967	200.96	1.051701	2.131361	0.4643609	4.324458
912	-6067.89	-6269.184	201.294	1.072802	2.007058	0.4643609	4.163438
918	-6075.77	-6275.869	200.0987	0.9878833	2.339943	0.4804919	4.765687
924	-6075.68	-6275.229	199.5495	1.039712	2.322046	0.5009978	5.028693
930	-6071.219	-6271.122	199.903	0.997138	2.753295	0.4595442	4.778
936	-6073.337	-6273.529	200.1925	0.9482189	2.2636	0.4595442	4.778
942	-6078.54	-6279.619	201.0795	1.106293	2.336158	0.4229082	4.205665
948	-6080.044	-6280.428	200.3849	1.158607	2.032862	0.4229082	4.661288
954	-6077.272	-6275.811	198.5385	1.028241	2.032862	0.3838458	5.796061
960	-6067.299	-6266.553	199.254	1.014575	1.937056	0.4350101	5.388424
966	-6073.268	-6273.878	200.6094	1.050042	2.075158	0.5081775	4.499327
972	-6062.806	-6263.849	201.0426	1.102741	2.075158	0.5081775	4.224921
978	-6063.223	-6264.192	200.9689	1.163234	2.629329	0.3589433	4.224921
984	-6060.651	-6261.906	201.2553	1.099762	2.629329	0.4549969	3.993582
990	-6055.608	-6256.326	200.7175	1.081834	2.204603	0.4549969	4.430837
996	-6052.87	-6253.155	200.2848	1.073746	1.824214	0.4549969	4.802715
1002	-6059.735	-6259.874	200.1394	0.9604887	2.272257	0.4549969	4.802715
1008	-6054.678	-6255.741	201.0624	1.034209	1.985684	0.4365706	4.351643
1014	-6057.334	-6257.633	200.299	1.128077	1.985684	0.5307457	4.638494
1020	-6065.282	-6266.371	201.0897	1.028851	1.985684	0.4685402	4.307214
1026	-6073.025	-6273.413	200.3882	1.120219	2.080342	0.4771624	4.611598
1032	-6069.614	-6270.332	200.718	1.141233	2.080342	0.4014671	4.491498
1038	-6058.901	-6259.478	200.5776	1.074549	2.305766	0.4014671	4.538762
1044	-6060.026	-6259.843	199.817	0.9529389	2.076055	0.5021188	5.001701
1050	-6059.928	-6259.555	199.6275	1.004157	2.044562	0.521733	5.070797
1056	-6069.801	-6268.579	198.7778	0.9411886	2.217077	0.4303156	5.607638
1062	-6064.651	-6263.984	199.3332	0.9365315	2.217077	0.5801364	5.167955
1068	-6071.63	-6271.576	199.9461	1.000747	2.217077	0.5883774	4.784793
1074	-6068.017	-6268.904	200.8874	1.100968	2.302611	0.455867	4.293693
1080	-6067.981	-6268.82	200.8393	1.116245	1.980166	0.5877672	4.293693
1086	-6062.911	-6262.931	200.0196	1.088515	2.121574	0.411269	4.888449
1092	-6081.817	-6282.987	201.1696	1.260776	2.121574	0.380758	4.178457
1098	-6073.455	-6274.518	201.0633	1.121684	1.891096	0.4934353	4.277864
1104	-6071.829	-6273.157	201.328	1.114408	1.864545	0.5294863	4.107709
1110	-6069.356	-6270.131	200.7754	1.084857	2.515112	0.5294863	4.235559
1116	-6066.369	-6266.26	199.8904	1.04147	2.284943	0.5294863	4.82318
1122	-6053.078	-6252.095	199.0172	0.9845706	2.005044	0.5523652	5.40504
1128	-6058.52	-6258.608	200.0883	1.070579	2.005044	0.4727231	4.835592
1134	-6066.408	-6266.679	200.2708	1.026422	2.005044	0.5411013	4.695734
1140	-6069.003	-6269.287	200.2838	1.079583	2.175558	0.4438229	4.695734
1146	-6076.01	-6276.383	200.3733	1.026648	1.923902	0.5172382	4.686492
1152	-6083.12	-6281.579	198.4596	1.014055	1.853733	0.5172382	5.775641
1158	-6079.063	-6278.343	199.2804	1.040407	1.888644	0.4846532	5.32784
1164	-6071.287	-6271.719	200.4314	1.084917	1.880547	0.4846532	4.666282
1170	-6085.027	-6284.518	199.4917	0.9429738	1.723501	0.6930927	5.152171
1176	-6067.238	-6267.088	199.8508	0.9738001	2.499292	0.5052588	4.843902
1182	-6064.318	-6263.124	198.8058	1.067628	1.943241	0.3920038	5.648213
1188	-6065.326	-6265.528	200.2021	1.131595	1.760056	0.4073449	4.888133
1194	-6068.957	-6269.41	200.4525	1.023769	1.844496	0.4654744	4.7196
1200	-6067.138	-6267.677	200.539	1.093708	2.202941	0.4413202	4.538843
1206	-6067.577	-6267.941	200.364	1.053183	2.628803	0.4413202	4.538843
1212	-6066.003	-6265.403	199.3999	0.9771397	2.599566	0.5119675	5.059716
1218	-6059.447	-6259.615	200.1686	0.9397835	2.512511	0.4610986	4.723591
1224	-6078.75	-6277.793	199.043	0.9003153	2.324756	0.4539502	5.42946
1230	-6063.903	-6264.218	200.315	1.040904	2.385441	0.4539502	4.627601
1236	-6061.428	-6260.75	199.3215	0.9198821	2.117553	0.4304906	5.350186
1242	-6066.975	-6265.649	198.6746	1.00581	2.055912	0.4861447	5.624228
1248	-6077.659	-6276.761	199.1027	0.9866155	1.938285	0.4528633	5.469082
1254	-6086.884	-6286.017	199.1328	0.9214572	1.938285	0.5013025	5.442769
1260	-6072.836	-6273.009	200.1732	1.008853	1.816195	0.4560339	4.9029
1266	-6064.206	-6263.086	198.88	1.088372	1.814875	0.4560339	5.574354
1272	-6053.163	-6253.554	200.3904	1.053266	2.048136	0.5019647	4.634903
1278	-6060.279	-6259.336	199.0568	0.9132122	2.429937	0.5019647	5.339901
1284	-6066.733	-6265.842	199.1088	0.9329392	2.042128	0.4312191	5.483041
1290	-6066.797	-6266.626	199.8293	1.15996	2.042128	0.3552987	5.041392
1296	-6067.793	-6269.143	201.3502	1.234166	2.142629	0.3845093	4.079937
1302	-6076.108	-6276.274	200.1666	1.00091	2.177962	0.4681101	4.780583
1308	-6072.922	-6273.459	200.537	1.031902	1.9609	0.4145481	4.679505
1314	-6076.756	-6279.063	202.3077	1.270693	1.942844	0.484776	3.467733
1320	-6071.006	-6272.498	201.4913	1.144707	2.30708	0.465848	3.913603
1326	-6070.613	-6272.256	201.6431	1.209248	2.500001	0.465848	3.732876
1332	-6070.741	-6271.596	200.8554	1.149776	1.879141	0.4166743	4.46012
1338	-6062.72	-6264.336	201.6157	1.261912	2.120061	0.3770776	3.928024
1344	-6072.237	-6272.485	200.2482	1.197005	2.15374	0.465848	4.634888
1350	-6069.446	-6271.608	202.162	1.296777	1.928512	0.3461873	3.694291
1356	-6066.233	-6267.288	201.0546	1.183322	1.928512	0.4907922	4.237458
1362	-6071.716	-6272.87	201.154	1.192941	1.878253	0.4907922	4.193002
1368	-6071.262	-6270.029	198.7662	0.9701147	2.080768	0.4129904	5.657252
1374	-6070.045	-6268.6	198.5554	1.00216	2.304888	0.3848863	5.717938
1380	-6062.686	-6263.024	200.3382	1.083341	2.164806	0.4366039	4.673802
1386	-6069.794	-6272.237	202.4429	1.205772	2.213782	0.5684028	3.257379
1392	-6074.459	-6276.529	202.0702	1.266525	2.652721	0.4364109	3.439189
1398	-6057.149	-6259.504	202.3551	1.325222	2.652721	0.3994612	3.277966
1404	-6060.249	-6262.296	202.0476	1.150802	2.109235	0.4803519	3.637018
1410	-6057.988	-6258.526	200.5385	1.119946	2.2138	0.5142219	4.450997
1416	-6051.398	-6252.061	200.6632	1.027034	2.2138	0.4313104	4.513453
1422	-6067.205	-6268.072	200.8674	1.143791	2.406179	0.4691501	4.237384
1428	-6065.534	-6266.576	201.0413	1.142547	2.406179	0.4371069	4.171604
1434	-6069.297	-6270.47	201.1729	1.124779	2.053318	0.4805955	4.171604
1440	-6058.795	-6259.426	200.631	1.081483	2.055156	0.4394285	4.542353
1446	-6074.716	-6275.786	201.0698	1.044901	2.016182	0.5215256	4.249279
1452	-6063.248	-6264.199	200.9516	1.106651	2.349546	0.5215256	4.177621
1458	-6069.132	-6270.09	200.9585	1.195131	2.349546	0.5215256	4.123379
1464	-6073.906	-6275.24	201.3347	1.124602	2.349546	0.4162754	4.053176
1470	-6070.013	-6270.751	200.7379	1.181709	2.352606	0.4936386	4.281235
1476	-6066.707	-6267.973	201.2658	1.127194	2.352606	0.4440928	4.06094
1482	-6072.655	-6273.739	201.0836	1.171187	2.257364	0.5718686	4.048746
1488	-6067.873	-6268.019	200.1465	1.182528	2.257364	0.3369775	4.807523
1494	-6085.237	-6285.156	199.9191	1.177827	2.257364	0.3369775	4.936898
1500	-6085.393	-6285.323	199.93	1.049468	2.257364	0.4553627	4.873904
1506	-6087.819	-6288.006	200.1873	1.042184	2.050626	0.4652528	4.788672
1512	-6073.254	-6274.401	201.1468	1.095215	2.050626	0.4652528	4.219052
1518	-6070.263	-6270.96	200.6966	1.027462	1.968103	0.6250446	4.398106
1524	-6064.029	-6265.017	200.9887	1.022958	2.182521	0.4422707	4.330591
1530	-6068.131	-6267.855	199.724	1.164434	2.382446	0.3750983	4.972312
1536	-6070.435	-6271.29	200.8554	1.256446	2.201413	0.3750983	4.34038
1542	-6084.506	-6285.79	201.284	1.134344	2.201413	0.3761458	4.165522
1548	-6071.058	-6270.428	199.3698	1.021133	2.107871	0.3761458	5.328142
1554	-6060.969	-6262.218	201.2495	1.216741	2.230567	0.3761458	4.12927
1560	-6056.44	-6257.256	200.8163	1.086818	2.167464	0.4217375	4.417777
1566	-6060.995	-6261.612	200.6169	1.121995	2.659265	0.4217375	4.369751
1572	-6057.932	-6258.738	200.806	1.191362	2.263137	0.4718865	4.284608
1578	-6063.624	-6264.13	200.5061	0.9962609	2.15961	0.5709261	4.505644
1584	-6055.043	-6255.58	200.5376	1.014968	2.244692	0.5093786	4.505644
1590	-6052.563	-6252.245	199.6818	1.017784	2.244692	0.5146309	4.977674
1596	-6067.189	-6267.427	200.2378	1.058182	2.244692	0.4055254	4.752085
1602	-6072.811	-6273.795	200.9841	1.201706	1.809102	0.4693275	4.329465
1608	-6060.859	-6261.046	200.1868	1.120108	2.243007	0.4141822	4.737323
1614	-6065.782	-6266.44	200.6579	1.119577	2.243007	0.4141822	4.473359
1620	-6069.242	-6269.907	200.6646	1.182045	2.243007	0.445804	4.401734
1626	-6064.603	-6265.728	201.1252	1.182045	2.243007	0.445804	4.14084
1632	-6061.211	-6260.748	199.5372	0.9706294	2.161214	0.4931408	5.128882
1638	-6061.334	-6261.332	199.9982	1.125738	2.161214	0.3497778	4.935678
1644	-6064.446	-6264.091	199.645	1.049618	2.22461	0.3497778	5.15473
1650	-6053.759	-6254.201	200.4414	1.120102	2.22461	0.396769	4.618984
1656	-6061.81	-6261.103	199.2933	1.09207	2.22461	0.396769	5.273279
1662	-6071.248	-6271.35	200.1021	1.146391	2.22461	0.4354014	4.753563
1668	-6076.577	-6276.073	199.4959	1.045727	2.22461	0.4044609	5.178682
1674	-6068.401	-6267.421	199.0199	0.9405886	1.847116	0.4087833	5.614986
1680	-6069.847	-6270.359	200.5115	1.072436	1.900438	0.4705137	4.635064
1686	-6082.572	-6283.861	201.2888	1.084728	2.283718	0.4646369	4.071897
1692	-6071.16	-6271.729	200.5684	1.165723	2.221533	0.4109912	4.507679
1698	-6058.566	-6257.702	199.136	0.9746467	2.466437	0.4109912	5.340808
1704	-6066	-6265.616	199.6155	1.07845	1.818657	0.4271698	5.201764
1710	-6058.54	-6258.35	199.8101	0.9868686	1.818657	0.4271698	5.144721
1716	-6079.288	-6278.561	199.2732	0.8741069	2.485443	0.5156065	5.214386
1722	-6064.024	-6264.253	200.2285	1.015072	1.959262	0.4633891	4.812454
1728	-6056.997	-6257.011	200.0142	1.015072	2.126566	0.4633891	4.878122
1734	-6075.073	-6275.969	200.8962	1.17481	2.066521	0.3757338	4.405126
1740	-6076.279	-6277.162	200.8828	0.9712161	2.210488	0.4582404	4.395011
1746	-6070.484	-6270.672	200.1878	1.047095	2.210488	0.4582404	4.74264
1752	-6069.01	-6268.593	199.5829	1.067767	2.210488	0.5035786	5.025163
1758	-6059.43	-6259.265	199.8346	1.093928	2.210488	0.4246709	4.947145
1764	-6064.969	-6265.295	200.3254	1.011011	2.326878	0.4246709	4.685084
1770	-6067.726	-6267.691	199.9645	1.048014	2.574116	0.4246709	4.797102
1776	-6072.366	-6272.375	200.0084	0.9842953	2.421751	0.4266015	4.847977
1782	-6081.8	-6282.319	200.5189	1.05148	2.175315	0.5319052	4.496435
1788	-6081.207	-6282.267	201.0607	1.150117	2.004264	0.4033262	4.315953
1794	-6078.468	-6278.789	200.3213	1.15148	2.666303	0.3420318	4.607022
1800	-6068.23	-6269.016	200.7865	1.177105	1.767504	0.3420318	4.607022
1806	-6065.033	-6265.562	200.5287	1.220577	2.144665	0.391947	4.543369
1812	-6056.489	-6256.597	200.1079	1.104525	2.488013	0.4278263	4.705543
1818	-6063.563	-6263.295	199.7326	1.185985	2.329207	0.3014665	5.059098
1824	-6063.153	-6264.026	200.8733	1.226669	2.266835	0.3014665	4.416927
1830	-6069.328	-6269.93	200.6019	1.228474	2.158332	0.3014665	4.60161
1836	-6069.523	-6269.394	199.8708	1.06654	2.028035	0.5384676	4.891434
1842	-6066.036	-6265.987	199.9508	0.9865536	2.028035	0.5384676	4.891434
1848	-6066.909	-6268.522	201.6131	1.147877	2.028035	0.5414351	3.858705
1854	-6075.206	-6276.855	201.6494	1.155321	2.028035	0.5140036	3.858705
1860	-6074.391	-6274.853	200.4626	1.056906	2.356255	0.5140036	4.487039
1866	-6072.488	-6272.481	199.993	1.085012	1.953901	0.3962906	4.975125
1872	-6058.971	-6258.571	199.5996	0.9932508	2.55774	0.4576449	5.002017
1878	-6057.697	-6257.8	200.103	0.9932508	2.197512	0.5139531	4.771475
1884	-6056.792	-6257.305	200.5129	1.057269	1.946717	0.4687431	4.628833
1890	-6061.306	-6261.704	200.3982	1.000206	1.986823	0.4687431	4.711651
1896	-6065.554	-6264.202	198.6478	0.9737062	1.986823	0.4687431	5.694865
1902	-6064.697	-6264.873	200.1762	1.009382	2.397542	0.4728064	4.701163
1908	-6067.004	-6267.986	200.9821	1.130313	1.907803	0.4728064	4.332895
1914	-6068.632	-6269.162	200.5304	1.109827	2.093788	0.4671112	4.543034
1920	-6055.009	-6255.044	200.0352	1.044946	2.034732	0.5037293	4.840808
1926	-6057.867	-6257.913	200.0465	1.033659	2.034732	0.5037293	4.840808
1932	-6065.047	-6265.498	200.4511	1.063238	2.869331	0.4766896	4.387425
1938	-6066.134	-6266.921	200.7871	1.069377	2.173371	0.4795053	4.384267
1944	-6069.122	-6268.593	199.4713	0.997552	2.27073	0.4795053	5.130407
1950	-6061.426	-6261.264	199.8379	1.007574	2.27073	0.4879662	4.913325
1956	-6067.371	-6266.971	199.6005	1.065458	2.225321	0.4892518	5.025428
1962	-6092.111	-6291.204	199.093	0.9539434	2.694917	0.38643	5.341665
1968	-6088.844	-6288.053	199.2092	1.026813	2.42646	0.3841989	5.311243
1974	-6083.536	-6283.496	199.9601	1.024737	2.679916	0.3841989	4.82783
1980	-6078.172	-6278.729	200.5569	1.102861	2.116103	0.4518733	4.540023
1986	-6077.516	-6277.622	200.1058	1.073108	2.116103	0.4518733	4.809215
1992	-6073.697	-6274.601	200.9038	1.147143	2.280205	0.4453509	4.275532
1998	-6064.817	-6265.674	200.8566	1.047221	2.280205	0.5818803	4.232918
2004	-6069.004	-6268.908	199.9036	1.102259	2.280205	0.4464685	4.861231
2010	-6073.988	-6273.124	199.1354	1.08642	2.218	0.4336216	5.327256
2016	-6074.842	-6274.539	199.697	0.9810777	2.218	0.4336216	5.074862
2022	-6067.654	-6267.52	199.8655	0.978176	2.078954	0.4336216	5.025803
2028	-6069.016	-6268.983	199.967	1.064277	2.078954	0.5479139	4.814523
2034	-6069.86	-6271.907	202.0476	1.219783	2.046916	0.4008532	3.700787
2040	-6065.23	-6266.848	201.6175	1.164618	2.046916	0.5172936	3.86233
2046	-6066.804	-6266.51	199.7052	1.081686	2.286742	0.4431778	4.984456
2052	-6078.847	-6279.188	200.3413	1.168565	2.286742	0.433713	4.590403
2058	-6073.679	-6272.299	198.6198	0.9830981	2.286742	0.4219361	5.65937
2064	-6078.303	-6278.028	199.7244	0.9863236	2.363952	0.4827458	4.96607
2070	-6068.467	-6267.965	199.4981	0.9534736	2.004209	0.4827458	5.219109
2076	-6086.781	-6287.267	200.4865	0.9485536	2.004209	0.4852325	4.669638
2082	-6071.754	-6272.675	200.9203	1.095852	2.005425	0.4852325	4.342401
2088	-6071.797	-6271.865	200.0681	1.036169	2.049377	0.4852325	4.839802
2094	-6077.45	-6277.445	199.9958	1.008098	1.764957	0.6137495	4.881272
2100	-6071.138	-6271.062	199.9237	0.9495432	1.764957	0.4984849	5.052484
2106	-6078.746	-6277.757	199.0113	0.9377497	2.123888	0.4507179	5.489126
2112	-6071.985	-6272.48	200.4954	0.9823335	2.248902	0.5001162	4.555013
2118	-6061.125	-6262.436	201.3118	1.093085	2.266273	0.4395888	4.084559
2124	-6065.079	-6266.191	201.1125	1.109463	2.140498	0.5446344	4.127472
2130	-6069.696	-6271.459	201.7623	1.131761	2.266413	0.5446344	3.702903
2136	-6064.656	-6266.18	201.5236	1.090456	2.266413	0.4329665	3.972018
2142	-6066.003	-6263.909	197.9056	0.9863181	1.972772	0.466472	6.100126
2148	-6062.127	-6261.71	199.5825	0.9535201	2.003374	0.6145001	5.059232
2154	-6073.467	-6273.059	199.5921	1.021599	2.218465	0.3898637	5.156268
2160	-6066.807	-6266.152	199.3453	0.9405315	2.516679	0.3898637	5.252857
2166	-6071.768	-6271.719	199.9512	1.052238	2.356987	0.3898637	4.899268
2172	-6066.749	-6267.7	200.9509	1.029807	2.304804	0.4745209	4.278999
2178	-6075.099	-6275.45	200.3509	0.9921705	2.304804	0.4521568	4.659956
2184	-6061.099	-6260.465	199.3665	1.010081	2.304804	0.4182053	5.231998
2190	-6070.311	-6271.566	201.2547	1.173709	2.070592	0.5170477	4.057236
2196	-6070.979	-6271.528	200.5497	1.113379	2.070592	0.4985476	4.507636
2202	-6069.962	-6269.996	200.0344	1.038729	2.346234	0.4970111	4.755849
2208	-6068.342	-6268.362	200.0205	1.038729	2.346234	0.5054789	4.755849
2214	-6076.422	-6277.141	200.7191	1.097188	2.346234	0.4148576	4.420218
2220	-6075.222	-6276.041	200.819	1.119417	2.4553	0.4699524	4.26382
2226	-6064.088	-6263.798	199.71	1.073089	2.443666	0.4639036	4.92135
2232	-6069.366	-6268.722	199.3563	0.9364329	2.170536	0.4800759	5.257255
2238	-6066.403	-6265.719	199.3152	0.9291443	2.201211	0.4988935	5.257255
2244	-6074.044	-6273.209	199.1646	0.9508579	2.3621	0.4484095	5.32933
2250	-6065.635	-6265.6	199.965	1.030323	2.506505	0.3993821	4.851646
2256	-6073.198	-6272.892	199.6938	1.048718	2.506505	0.4038809	4.987505
2262	-6074.029	-6272.423	198.3944	1.029004	2.344361	0.4109629	5.752524
2268	-6072.202	-6271.263	199.0612	1.013601	2.115879	0.4109629	5.462472
2274	-6067.839	-6266.935	199.0961	0.9509983	2.115879	0.4258041	5.462472
2280	-6066.204	-6268.384	202.1799	1.261754	2.062462	0.4070284	3.58778
2286	-6061.906	-6263.404	201.4981	1.230654	2.202619	0.4952656	3.863689
2292	-6057.713	-6259.081	201.3675	1.151791	2.059519	0.4613616	4.062317
2298	-6057.391	-6258.199	200.8071	1.085948	2.543874	0.4613616	4.273328
2304	-6057.891	-6258.728	200.8373	1.153333	2.372192	0.4613616	4.266511
2310	-6062.886	-6263.794	200.9081	1.093669	2.372192	0.454989	4.266511
2316	-6060.13	-6261.26	201.1294	1.120026	2.372192	0.4930554	4.088756
2322	-6059.61	-6260.564	200.9542	1.074516	2.372192	0.4930554	4.214215
2328	-6062.497	-6263.442	200.9444	1.145865	1.924012	0.4930554	4.320455
2334	-6068.29	-6268.655	200.3651	1.080595	2.071694	0.4497873	4.676209
2340	-6067.522	-6268.321	200.7992	1.122407	2.351829	0.4043669	4.370349
2346	-6074.196	-6274.868	200.6727	1.101116	2.391005	0.4749807	4.370349
2352	-6077.835	-6278.873	201.0375	1.077061	2.391005	0.455542	4.196586
2358	-6091.565	-6292.582	201.0174	1.08886	2.175714	0.5284626	4.196586
2364	-6076.904	-6276.195	199.2906	1.064569	2.281304	0.426705	5.241958
2370	-6063.104	-6263.723	200.6191	1.120961	2.08914	0.426705	4.529023
2376	-6061.309	-6262.505	201.1962	1.087142	2.119607	0.513315	4.127492
2382	-6059.299	-6260.595	201.2952	1.050933	2.119607	0.513315	4.091737
2388	-6061.007	-6262.267	201.2596	1.094055	2.106322	0.513315	4.091737
2394	-6061.954	-6262.229	200.2748	0.9362259	2.106322	0.4700664	4.776588
2400	-6074.768	-6273.927	199.1587	0.8566391	2.106322	0.4700664	5.439419
2406	-6067.723	-6267.723	199.9995	1.080485	1.891775	0.4211082	4.968684
2412	-6073.095	-6273.603	200.5076	1.231899	2.1347	0.4148298	4.527364
2418	-6068.011	-6268.604	200.593	1.124557	2.277799	0.582046	4.338948
2424	-6069.712	-6270.215	200.5024	1.039122	2.277799	0.582046	4.438281
2430	-6067.271	-6268.68	201.4097	1.179532	1.997909	0.3960437	4.111341
2436	-6081.093	-6282.069	200.9759	1.090241	2.557408	0.3963927	4.239237
2442	-6078.229	-6278.426	200.1974	1.174696	2.557408	0.3030384	4.740927
2448	-6078.948	-6279.381	200.4329	1.234204	2.31975	0.3030384	4.642525
2454	-6083.781	-6283.75	199.9685	1.111356	2.31975	0.3030384	4.970287
2460	-6087.145	-6287.8	200.6545	1.052257	2.125118	0.471782	4.491161
2466	-6077.118	-6278.106	200.9884	1.091844	1.945223	0.471782	4.339324
2472	-6079.565	-6280.411	200.8451	1.170458	2.108789	0.4234376	4.370938
2478	-6069.387	-6268.466	199.0797	0.8978968	2.340708	0.514301	5.349689
2484	-6075.782	-6276.378	200.5959	1.133943	1.761662	0.4765439	4.596411
2490	-6076.859	-6277.505	200.6462	0.9638309	2.023881	0.5047997	4.546821
2496	-6074.705	-6274.666	199.9603	1.023981	2.253905	0.4387221	4.888843
2502	-6072.974	-6272.787	199.8129	1.043889	2.278649	0.4387221	4.952454
2508	-6069.192	-6269.633	200.4411	1.124197	2.278649	0.4389586	4.556337
2514	-6063.858	-6264.406	200.5482	1.04239	2.231108	0.4389586	4.556337
2520	-6063.62	-6263.794	200.1739	0.9723488	2.231108	0.4396962	4.804345
2526	-6061.252	-6261.647	200.3954	1.117337	2.346038	0.3989248	4.608008
2532	-6072.104	-6272.02	199.9157	1.004598	1.984366	0.457969	4.989454
2538	-6071.935	-6272.862	200.9276	1.061503	1.984366	0.5240936	4.328578
2544	-6067.292	-6267.602	200.3096	1.001772	1.984366	0.5240936	4.709648
2550	-6063.389	-6264.069	200.6796	1.051369	2.006298	0.4012578	4.58779
2556	-6069.542	-6269.132	199.5901	0.9604111	1.69062	0.4694098	5.285434
2562	-6073.972	-6273.719	199.747	1.064612	1.69062	0.4694098	5.141017
2568	-6076.309	-6276.132	199.8225	1.066207	1.69062	0.426228	5.141017
2574	-6070.932	-6269.914	198.9817	1.013466	2.112812	0.4462997	5.471519
2580	-6076.099	-6275.619	199.5202	1.015334	1.949867	0.4526299	5.219293
2586	-6071.643	-6271.668	200.025	1.030654	1.913446	0.5401363	4.861974
2592	-6066.2	-6265.756	199.5565	0.9330286	2.109243	0.5401363	5.112968
2598	-6069.9	-6268.547	198.6471	0.9079344	1.969595	0.5401363	5.67251
2604	-6071.632	-6270.478	198.8463	1.053175	1.969595	0.3987175	5.618098
2610	-6074.596	-6274.198	199.6018	1.013353	1.969595	0.5626479	5.068832
2616	-6079.306	-6279.761	200.4547	1.107831	1.969595	0.4384442	4.655455
2622	-6078.914	-6279.277	200.3623	0.9954636	2.106864	0.5115712	4.655455
2628	-6078.05	-6279.513	201.4635	1.298398	2.106864	0.3258366	4.060023
2634	-6066.875	-6267.847	200.9721	1.113988	2.461056	0.419009	4.230305
2640	-6073.574	-6272.346	198.7718	0.917714	2.159202	0.497716	5.576638
2646	-6079.438	-6278.556	199.1184	0.8771007	1.723307	0.5083878	5.543144
2652	-6064.196	-6264.296	200.1	1.067792	2.353343	0.3927549	4.805573
2658	-6062.295	-6261.681	199.3863	1.004274	2.346232	0.3927549	5.239225
2664	-6079.837	-6281.09	201.2524	1.235039	2.346232	0.3575882	4.104062
2670	-6073.751	-6274.057	200.3066	1.179695	2.111211	0.4537678	4.637021
2676	-6080.578	-6280.783	200.2041	1.194223	2.375635	0.3786203	4.68593
2682	-6083.453	-6283.702	200.2489	1.177772	2.167103	0.4096568	4.698182
2688	-6073.872	-6273.849	199.9768	1.105501	2.167103	0.4096568	4.89041
2694	-6074.366	-6275.667	201.3013	1.224917	2.261456	0.3673421	4.095876
2700	-6074.537	-6276.482	201.9453	1.271695	2.219071	0.3583107	3.723503
2706	-6073.106	-6274.128	201.0223	1.28327	2.117233	0.512934	4.115945
2712	-6070.405	-6271.943	201.5381	1.181288	2.117233	0.4672981	3.923386
2718	-6072.152	-6272.883	200.7312	1.107922	2.117233	0.4288292	4.462183
2724	-6076.271	-6276.727	200.4557	1.063813	1.959886	0.5120615	4.612061
2730	-6068.193	-6267.658	199.4653	0.983859	2.184242	0.5535697	5.100734
2736	-6053.613	-6253.216	199.6027	1.06327	2.184242	0.4248428	5.100734
2742	-6056.986	-6256.094	199.1077	1.020035	2.184242	0.456908	5.366296
2748	-6068.629	-6268.551	199.9213	1.019307	2.184242	0.591841	4.795407
2754	-6064.856	-6264.965	200.1087	1.037036	2.184242	0.4633319	4.795407
2760	-6075.818	-6276.797	200.979	1.079405	2.184242	0.4875628	4.259052
2766	-6079.667	-6279.604	199.9375	1.155572	2.094713	0.4875628	4.829463
2772	-6068.954	-6269.091	200.1369	1.036082	2.700098	0.3768767	4.72568
2778	-6051.292	-6250.816	199.524	1.070963	2.307622	0.4923794	5.037651
2784	-6064.767	-6264.601	199.8335	1.047936	2.307622	0.4809424	4.889082
2790	-6065.707	-6266.602	200.8952	1.089638	2.455115	0.501386	4.207508
2796	-6071.096	-6270.194	199.0984	0.941024	2.158123	0.4779595	5.402784
2802	-6067.401	-6267.058	199.6568	1.042535	2.125532	0.4704005	5.055106
2808	-6067.382	-6267.252	199.8697	1.034421	2.125532	0.4704005	4.941351
2814	-6067.82	-6268.022	200.2015	1.116725	2.239371	0.4137487	4.732536
2820	-6074.333	-6274.063	199.7307	1.074364	2.239371	0.3804893	5.054253
2826	-6073.637	-6273.83	200.1925	1.190839	2.239371	0.4177105	4.691996
2832	-6079.824	-6280.045	200.221	1.11361	2.239371	0.4177105	4.719261
2838	-6067.02	-6266.782	199.7621	1.110891	2.24564	0.4063145	4.986704
2844	-6065.686	-6265.712	200.0263	1.052131	2.24564	0.4063145	4.872351
2850	-6063.455	-6264.362	200.9071	1.031136	2.24564	0.4312291	4.364135
2856	-6070.243	-6269.573	199.3293	1.032747	2.084085	0.4312291	5.293236
2862	-6070.527	-6270.729	200.2012	1.07183	2.050025	0.4312291	4.79839
2868	-6073.052	-6271.403	198.3508	0.9086555	2.028801	0.4134608	5.934053
2874	-6074.851	-6275.128	200.277	1.094568	2.034272	0.4737853	4.706297
2880	-6065.711	-6265.39	199.6786	0.9773612	2.083605	0.4089213	5.153863
2886	-6060.883	-6260.202	199.3186	1.015874	2.083605	0.427987	5.31188
2892	-6067.318	-6267.443	200.1247	1.049726	1.887902	0.427987	4.910395
2898	-6063.3	-6263.717	200.4178	1.030271	2.435986	0.4529544	4.562542
2904	-6071.928	-6272.12	200.1918	0.9774997	2.13226	0.5160023	4.748912
2910	-6071.72	-6271.087	199.3668	1.050887	2.13226	0.4808404	5.199169
2916	-6066.871	-6267.783	200.9122	1.03441	2.13226	0.5219162	4.30664
2922	-6065.976	-6266.594	200.6175	1.020073	1.838906	0.5219162	4.578404
2928	-6071.06	-6270.936	199.8768	1.06279	2.144721	0.5462614	4.846487
2934	-6073.66	-6272.46	198.7998	1.025548	2.088656	0.426704	5.591911
2940	-6060.659	-6259.241	198.582	1.015766	2.088656	0.426704	5.716708
2946	-6057.001	-6257.888	200.8868	1.08956	2.088656	0.3686283	4.459506
2952	-6072.166	-6272.977	200.8106	1.187513	2.190347	0.4669182	4.311206
2958	-6067.965	-6269.449	201.4837	1.132833	1.971985	0.4669182	4.030472
2964	-6063.931	-6264.35	200.4187	1.129193	1.971985	0.4795803	4.622415
2970	-6056.11	-6256.717	200.6072	1.069044	2.208192	0.5174468	4.439749
2976	-6067.246	-6268.386	201.1404	1.133344	2.228608	0.5337204	4.080282
2982	-6063.344	-6263.71	200.3661	1.065418	1.964134	0.5160461	4.656378
2988	-6063.804	-6265.097	201.2923	1.07394	1.869049	0.5616677	4.120948
2994	-6062.751	-6264.486	201.7348	1.12139	1.83155	0.4601088	3.949279
3000	-6069.647	-6271.902	202.255	1.210195	1.83155	0.4601088	3.598186
3006	-6071.847	-6272.402	200.5543	1.158375	1.83155	0.4338168	4.623299
3012	-6073.45	-6274.463	201.0124	0.9969436	2.120125	0.5365572	4.261805
3018	-6070.634	-6271.247	200.6124	1.072921	1.945045	0.5365572	4.501922
3024	-6076.17	-6277.939	201.7694	1.302445	2.491586	0.356295	3.728536
3030	-6077.389	-6279.59	202.2011	1.370403	2.491586	0.356295	3.438185
3036	-6068.853	-6271.151	202.2986	1.349683	2.415644	0.4556102	3.303821
3042	-6080.904	-6281.776	200.8719	1.308591	2.521818	0.4556102	4.12196
3048	-6067.096	-6267.98	200.8842	1.177075	2.521818	0.3973487	4.250786
3054	-6074.861	-6275.827	200.9661	1.237394	2.521818	0.3973487	4.17008
3060	-6076.813	-6277.824	201.0108	1.24341	2.454355	0.3181144	4.253727
3066	-6077.805	-6278.113	200.3084	1.172085	2.283183	0.3687387	4.678033
3072	-6072.381	-6272.408	200.0268	1.076828	2.262233	0.4779381	4.781381
3078	-6079.705	-6280.057	200.3514	1.113629	2.00749	0.4818005	4.655049
3084	-6075.645	-6275.513	199.8688	1.044199	2.00749	0.6205289	4.843485
3090	-6064.39	-6264.683	200.2931	1.06841	1.870187	0.5306487	4.714329
3096	-6068.983	-6269.335	200.3511	1.04277	1.894703	0.5503039	4.670586
3102	-6067.054	-6266.147	199.0936	0.9884572	1.894703	0.4900028	5.452365
3108	-6065.568	-6264.559	198.9915	0.9584341	1.894703	0.5716973	5.453732
3114	-6063.703	-6263.026	199.323	1.003798	2.045542	0.4209002	5.335401
3120	-6065.952	-6265.724	199.7721	1.010899	2.259466	0.4795051	4.959353
3126	-6062.963	-6262.768	199.8047	1.074238	2.259466	0.3660796	5.023386
3132	-6068.104	-6268.736	200.6327	1.14636	2.024834	0.5003954	4.455462
3138	-6079.072	-6278.8	199.7279	1.082331	2.111625	0.5003954	4.969724
3144	-6074.628	-6276.299	201.6709	1.331576	2.44721	0.3572166	3.780185
3150	-6073.545	-6274.208	200.6627	1.08001	2.056599	0.4975923	4.468233
3156	-6064.651	-6266.697	202.046	1.275626	2.273592	0.3544261	3.650776
3162	-6066.299	-6267.556	201.2577	1.228761	2.612496	0.3544261	4.03322
3168	-6058.892	-6259.98	201.0881	1.258122	2.612496	0.3623643	4.103781
3174	-6060.124	-6261.362	201.2378	1.160609	2.469133	0.3749635	4.099109
3180	-6060.625	-6261.934	201.3092	1.212847	2.039219	0.4384386	4.090667
3186	-6063.615	-6262.613	198.9988	0.9745697	2.039219	0.4290612	5.523759
3192	-6076.662	-6275.901	199.2391	1.100036	2.294819	0.4036014	5.270868
3198	-6075.926	-6275.961	200.0355	1.094026	2.294819	0.3918101	4.844966
3204	-6082.829	-6283.539	200.7098	1.118581	2.429409	0.4922828	4.311982
3210	-6070.312	-6270.817	200.5041	1.056368	2.507746	0.4922828	4.441231
3216	-6059.415	-6259.881	200.4656	1.153364	2.198045	0.4922828	4.498371
3222	-6064.595	-6265.213	200.6176	1.05739	2.198045	0.4922828	4.466819
3228	-6068.569	-6268.45	199.8811	0.9387324	2.198045	0.5348857	4.906828
3234	-6068.73	-6269.11	200.3797	0.9561219	2.418224	0.5377904	4.551223
3240	-6083.375	-6283.15	199.7744	1.043088	2.658958	0.3917724	4.918216
3246	-6067.24	-6267.936	200.6953	1.093293	2.19185	0.3999675	4.497943
3252	-6076.915	-6277.464	200.5491	1.08396	2.119562	0.3999675	4.607758
3258	-6088.27	-6287.391	199.1202	1.085465	2.119562	0.3880381	5.413657
3264	-6061.362	-6261.736	200.3742	1.055722	2.111625	0.4869074	4.63641
3270	-6070.999	-6271.506	200.5064	1.150131	2.245699	0.4869074	4.467825
3276	-6073.158	-6273.877	200.7192	1.205672	2.279936	0.3958638	4.398988
3282	-6083.813	-6283.412	199.5991	1.138428	2.035678	0.4192181	5.113192
3288	-6084.993	-6286.948	201.9554	1.191404	2.039007	0.4130821	3.759556
3294	-6076.631	-6277.22	200.5887	1.17393	2.255662	0.4130821	4.479126
3300	-6068.815	-6269.339	200.5239	1.132122	2.255662	0.4486739	4.502367
3306	-6074.581	-6275.75	201.1692	1.135864	1.789407	0.4868069	4.252194
3312	-6056.236	-6257.859	201.6237	1.217707	2.207533	0.4534505	3.838648
3318	-6060.52	-6261.924	201.4038	1.187812	2.207533	0.4526189	3.982679
3324	-6057.567	-6257.603	200.0364	1.104503	1.881768	0.4452303	4.913724
3330	-6063.092	-6263.177	200.0851	1.097932	1.70284	0.4674424	4.932173
3336	-6074.585	-6273.308	198.7222	0.8894349	1.772622	0.4990381	5.744495
3342	-6073.572	-6272.572	199.0001	0.8934847	1.772622	0.4990381	5.589881
3348	-6078.568	-6277.51	198.9424	0.9371097	2.028894	0.5531661	5.464026
3354	-6068.742	-6269.106	200.364	1.084447	2.462607	0.4449537	4.562874
3360	-6072.981	-6274.264	201.2824	1.097343	2.462607	0.4449537	4.035861
3366	-6071.077	-6272.365	201.288	1.195024	1.955546	0.4449537	4.134195
3372	-6075.33	-6276.578	201.248	1.092745	2.135073	0.4668993	4.134195
3378	-6069.396	-6270.883	201.4871	1.20017	2.408544	0.54743	3.777197
3384	-6067.346	-6267.655	200.3082	1.131481	2.01282	0.3752993	4.777315
3390	-6064.894	-6264.937	200.0428	1.093864	2.01282	0.3769707	4.944334
3396	-6064.065	-6264.311	200.2467	1.111246	2.313538	0.3769707	4.728341
3402	-6082.775	-6283.406	200.6311	1.112548	2.411835	0.4358387	4.420345
3408	-6075.858	-6276.973	201.115	1.11315	2.195581	0.4887359	4.158092
3414	-6055.811	-6257.085	201.274	1.106712	2.180233	0.4079833	4.158092
3420	-6058.377	-6259.79	201.4137	1.139396	2.180233	0.4028857	4.065494
3426	-6063.66	-6264.311	200.6507	1.122849	2.180233	0.4479628	4.459912
3432	-6056.583	-6257.877	201.294	1.144227	2.117674	0.4276	4.124223
3438	-6057.748	-6258.443	200.6951	1.013445	1.95879	0.5025662	4.515018
3444	-6052.544	-6253.994	201.4494	1.262431	1.929848	0.417902	4.040845
3450	-6065.926	-6267.946	202.0197	1.181931	1.872154	0.4997893	3.697115
3456	-6057.933	-6259.637	201.7042	1.174879	2.206955	0.4206858	3.851376
3462	-6058.359	-6260.372	202.0132	1.292637	2.311268	0.4206858	3.572616
3468	-6075.223	-6277.22	201.9964	1.264116	2.311268	0.4206858	3.598943
3474	-6056.078	-6257.532	201.4537	1.264116	2.311268	0.3639285	3.975499
3480	-6061.051	-6261.758	200.7063	1.114002	2.276135	0.4289177	4.42387
3486	-6058.561	-6259.139	200.5773	1.052674	2.046536	0.4108844	4.621041
3492	-6064.125	-6265.425	201.3	1.166355	2.287947	0.447391	4.034965
3498	-6074.63	-6274.805	200.1752	0.9756949	2.006888	0.5402767	4.777658
3504	-6070.579	-6270.23	199.651	1.056286	2.006888	0.5402767	5.024616
3510	-6062.35	-6263.878	201.5287	1.160135	2.424218	0.4283176	3.88727
3516	-6045.974	-6246.03	200.0562	1.107421	2.263967	0.4328946	4.791762
3522	-6046.846	-6246.437	199.5905	1.046263	2.196239	0.3638735	5.179025
3528	-6058.743	-6258.862	200.1182	1.071416	2.271721	0.571866	4.646381
3534	-6074.113	-6275.138	201.0249	1.11017	2.315007	0.4974216	4.166499
3540	-6066.364	-6268.072	201.7086	1.09224	2.251038	0.4974216	3.805168
3546	-6062.409	-6264.209	201.7998	1.218297	1.9447	0.5093576	3.768542
3552	-6053.998	-6253.997	199.9996	1.032127	2.001372	0.5093576	4.873501
3558	-6067.969	-6268.383	200.4132	1.089418	2.247034	0.5093576	4.53306
3564	-6079.2	-6278.993	199.793	1.113897	2.225355	0.4834456	4.896846
3570	-6063.919	-6263.912	199.993	1.020243	2.162941	0.546802	4.799312
3576	-6071.406	-6271.046	199.6395	1.067805	1.98674	0.6141799	4.969787
3582	-6072.635	-6272.644	200.0093	1.07588	1.912173	0.4106577	4.969787
3588	-6066.291	-6266.327	200.036	1.094951	1.903152	0.4428892	4.914286
3594	-6062.186	-6261.12	198.9344	1.068014	2.116125	0.4428892	5.469828
3600	-6070.545	-6269.923	199.3788	1.038165	2.114721	0.4016815	5.284001
3606	-6062.801	-6262.162	199.3611	1.058536	2.109967	0.4016815	5.284001
3612	-6059.721	-6259.189	199.4673	1.041896	2.153317	0.4527803	5.169007
3618	-6071.505	-6271.958	200.4531	1.085518	2.153317	0.4236098	4.625126
3624	-6063.99	-6265.454	201.464	1.144314	2.153317	0.4687459	3.97403
3630	-6063.055	-6262.396	199.3413	1.113922	2.031652	0.4088232	5.281472
3636	-6062.844	-6261.895	199.0518	0.9720851	2.130517	0.4088232	5.488223
3642	-6058.67	-6258.079	199.4092	1.063349	1.948209	0.4211546	5.286235
3648	-6068.632	-6269.831	201.199	1.069476	1.948209	0.4551904	4.248129
3654	-6071.46	-6271.833	200.3732	1.143625	1.728504	0.4246546	4.779365
3660	-6074.054	-6274.847	200.793	1.002204	1.896847	0.5384963	4.454798
3666	-6081.877	-6283.225	201.3476	1.112532	1.896847	0.5384963	4.078176
3672	-6071.417	-6273.239	201.8225	1.26612	1.804662	0.4644365	3.821321
3678	-6071.727	-6275.024	203.2968	1.401426	1.804662	0.448505	2.89103
3684	-6062.218	-6265.285	203.0664	1.371258	2.002992	0.390075	3.040603
3690	-6054.695	-6256.806	202.1118	1.256343	2.002992	0.4051829	3.652437
3696	-6061.853	-6263.509	201.6564	1.269965	2.417804	0.4543461	3.725397
3702	-6049.805	-6251.078	201.2731	1.145274	2.011066	0.4611741	4.135977
3708	-6054.595	-6255.353	200.7578	1.134428	2.112309	0.4611741	4.401092
3714	-6077.427	-6278.817	201.3897	1.238796	2.098958	0.3337691	4.12861
3720	-6072.096	-6273.258	201.1622	1.183562	2.098958	0.3578323	4.260128
3726	-6075.056	-6276.064	201.0084	1.152115	2.098958	0.3807298	4.338594
3732	-6079.593	-6279.184	199.5902	0.9605831	1.751353	0.4976122	5.236742
3738	-6074.799	-6274.92	200.1211	0.9627402	1.889483	0.5177017	4.874265
3744	-6079.971	-6280.539	200.5684	1.124394	1.986804	0.5101153	4.507609
3750	-6067.297	-6268.003	200.7051	1.142686	1.986804	0.505572	4.424495
3756	-6067.818	-6268.794	200.9758	1.07636	2.274025	0.505572	4.218199
3762	-6071.678	-6271.209	199.5313	1.019037	2.274025	0.5725637	5.001732
3768	-6073.917	-6273.583	199.6661	0.9822948	2.16646	0.544033	5.003806
3774	-6065.472	-6265.199	199.7265	0.964723	2.240218	0.5013486	4.995763
3780	-6080.018	-6279.028	199.0101	1.033499	1.971038	0.4056339	5.53122
3786	-6065.917	-6265.18	199.2634	0.9540316	2.373813	0.3950465	5.324559
3792	-6066.146	-6265.395	199.2491	1.024453	2.382327	0.3647338	5.324559
3798	-6067.862	-6268.642	200.78	1.149932	2.319832	0.4231834	4.355009
3804	-6058.473	-6260.048	201.5753	1.248928	2.138661	0.4074807	3.918663
3810	-6066.586	-6267.745	201.1592	1.16023	2.138661	0.4074807	4.206484
3816	-6066.246	-6266.505	200.2589	1.098424	2.138661	0.3869916	4.770241
3822	-6076.937	-6277.859	200.9219	1.125569	1.947603	0.5492197	4.285602
3828	-6080.878	-6282.555	201.6772	1.189634	1.947603	0.5034037	3.860203
3834	-6076.339	-6275.751	199.4123	1.071329	2.027267	0.373484	5.30541
3840	-6074.849	-6275.981	201.1321	1.055914	2.02691	0.4686977	4.254057
3846	-6076.307	-6277.412	201.1054	1.055914	2.02691	0.4843452	4.254057
3852	-6069.622	-6269.701	200.0787	1.255765	2.28957	0.3059414	4.833562
3858	-6068.38	-6268.682	200.3018	1.173751	2.28957	0.3059414	4.754854
3864	-6072.549	-6272.427	199.8778	1.163237	1.885242	0.3276834	5.097309
3870	-6086.582	-6287.998	201.4162	1.111294	2.111715	0.3933618	4.112231
3876	-6076.77	-6277.965	201.1946	1.2027	2.35513	0.392987	4.112231
3882	-6079.007	-6280.159	201.1517	1.268025	2.135221	0.4365983	4.119828
3888	-6072.101	-6272.552	200.4511	1.050658	1.985818	0.4081077	4.7156
3894	-6069.579	-6270.41	200.8312	1.01909	1.985818	0.5939327	4.346185
3900	-6081.22	-6282.172	200.9522	1.0794	2.000786	0.4629956	4.356769
3906	-6076.874	-6276.532	199.6585	0.9822686	2.000786	0.5060059	5.094008
3912	-6075.001	-6274.566	199.5646	1.08824	2.134049	0.4398284	5.108163
3918	-6072.575	-6273.393	200.8185	1.137093	2.134049	0.4223566	4.397939
3924	-6069.728	-6270.436	200.7082	1.16179	1.960772	0.4149952	4.510159
3930	-6073.771	-6275.274	201.5024	1.202274	1.960772	0.555936	3.900843
3936	-6066.252	-6267.151	200.8988	1.098556	1.960772	0.555936	4.303656
3942	-6076.073	-6277.308	201.2348	1.000579	1.738322	0.555936	4.247479
3948	-6089.224	-6289.959	200.7354	1.047496	1.738322	0.4313062	4.620059
3954	-6085.319	-6285.741	200.4222	1.047496	1.641305	0.4824024	4.781251
3960	-6081.284	-6280.701	199.4166	0.9861986	2.107481	0.4824024	5.213588
3966	-6082.016	-6281.439	199.423	1.063207	2.107481	0.4349498	5.213588
3972	-6083.442	-6281.594	198.1523	0.9913662	2.176537	0.4337453	5.931214
3978	-6075.342	-6274.244	198.9014	0.9505186	2.222474	0.4605205	5.503218
3984	-6068.77	-6269.235	200.4657	1.068565	2.222474	0.496617	4.534464
3990	-6069.296	-6270.168	200.8728	1.156719	1.97921	0.4721284	4.356214
3996	-6066.313	-6265.69	199.3765	0.9687818	2.490348	0.4721284	5.14362
4002	-6069.208	-6269.175	199.9672	1.055419	2.490348	0.5102989	4.731195
4008	-6062.376	-6264.058	201.6822	1.125023	1.767483	0.5414066	3.923718
4014	-6072.216	-6273.625	201.4084	1.159508	2.095071	0.5683749	3.923718
4020	-6064.273	-6265.238	200.9657	1.077432	2.309128	0.5578368	4.165798
4026	-6073.955	-6274.616	200.661	1.061341	2.309128	0.4292023	4.468987
4032	-6068.768	-6268.566	199.7985	0.9866669	2.309128	0.488934	4.934716
4038	-6069.384	-6269.963	200.5789	1.177986	1.959728	0.4042213	4.585522
4044	-6062.285	-6263.408	201.1235	1.25762	2.174079	0.4042213	4.163885
4050	-6056.981	-6257.534	200.5535	1.135006	1.979541	0.5450553	4.481096
4056	-6062.44	-6262.036	199.5961	1.001661	2.49433	0.4520931	5.021912
4062	-6062.921	-6262.581	199.6606	1.018839	2.49433	0.4076106	5.021912
4068	-6062.927	-6263.306	200.3789	1.039	2.093413	0.4934674	4.642736
4074	-6071.943	-6271.733	199.7906	0.9660965	1.696824	0.4601857	5.177985
4080	-6071.334	-6271.861	200.5272	1.033057	2.251199	0.4601857	4.546114
4086	-6063.604	-6264.441	200.8374	0.9762486	2.251199	0.5509745	4.319261
4092	-6056.226	-6256.709	200.4834	1.034664	2.251199	0.4281779	4.602077
4098	-6065.036	-6264.32	199.284	1.154595	2.192235	0.3159007	5.346734
4104	-6074.079	-6273.873	199.7937	1.128302	2.229354	0.3159007	5.068222
4110	-6081.404	-6281.76	200.3557	1.128302	1.929298	0.3424067	4.818295
4116	-6085.931	-6285.201	199.2698	1.087264	1.929298	0.3578737	5.424762
4122	-6076.017	-6275.122	199.1048	0.9869838	1.737317	0.3831069	5.608811
4128	-6073.206	-6273.117	199.911	0.9798925	1.919249	0.4373261	5.047894
4134	-6063.345	-6262.775	199.43	0.9264555	2.190789	0.5145515	5.184207
4140	-6064.339	-6263.256	198.9173	1.027947	1.971115	0.420717	5.56959
4146	-6055.577	-6255.438	199.8614	1.066124	2.043617	0.420717	5.003666
4152	-6054.035	-6253.935	199.9003	1.136137	2.043617	0.3649446	5.003666
4158	-6066.259	-6266.158	199.8992	1.055493	1.82945	0.4213699	5.05948
4164	-6082.464	-6283.014	200.55	1.161038	1.82945	0.4919959	4.567965
4170	-6070.139	-6270.668	200.5288	1.117056	2.206209	0.4053389	4.567965
4176	-6068.377	-6269.067	200.6901	1.098643	2.206209	0.3709464	4.52573
4182	-6064.489	-6264.636	200.1471	1.055608	1.988279	0.526998	4.766521
4188	-6078.192	-6278.757	200.5655	1.034062	1.898645	0.4503585	4.646728
4194	-6080.211	-6281.524	201.3128	1.273957	2.423708	0.3848489	3.993363
4200	-6083.446	-6284.873	201.4271	1.132859	2.143426	0.4503585	4.02318
4206	-6069.448	-6271.212	201.7634	1.086463	2.20887	0.4503585	3.836533
4212	-6064.474	-6266.345	201.8704	1.319032	2.20887	0.3751085	3.722781
4218	-6064.909	-6266.009	201.0995	1.118332	2.272976	0.3442095	4.294846
4224	-6062.465	-6262.468	200.0026	1.080529	2.015415	0.3759221	4.974423
4230	-6051.97	-6251.754	199.7837	0.9992984	2.405844	0.4215036	4.974423
4236	-6050.951	-6250.213	199.2616	0.979499	2.319636	0.4177521	5.303009
4242	-6057.093	-6255.242	198.1489	0.876533	2.281991	0.4686549	5.930912
4248	-6056.721	-6256.356	199.6344	1.015662	2.312245	0.485431	5.012183
4254	-6059.693	-6259.498	199.8047	0.9452451	2.393633	0.485431	4.933334
4260	-6065.12	-6264.7	199.5794	0.9452451	2.393633	0.485431	5.058469
4266	-6062.116	-6263.225	201.1085	1.104265	2.393633	0.4466054	4.149035
4272	-6058.714	-6259.089	200.3758	0.9802958	2.005809	0.5312317	4.671218
4278	-6057.448	-6258.037	200.5892	1.055874	2.158639	0.5312317	4.460143
4284	-6061.676	-6261.637	199.9607	1.020856	1.939072	0.4594986	4.968892
4290	-6061.312	-6260.375	199.0632	1.003729	2.158639	0.5390032	5.332445
4296	-6066.869	-6267.473	200.6045	1.023666	2.158639	0.5030506	4.495282
4302	-6085.228	-6285.457	200.2292	1.081735	2.119267	0.6397818	4.569912
4308	-6084.019	-6282.734	198.7145	0.9200289	2.119267	0.6397818	5.500831
4314	-6077.243	-6276.823	199.5797	0.9894759	2.319731	0.4611353	5.078044
4320	-6072.606	-6271.316	198.7097	0.8845834	2.068086	0.4498762	5.702038
4326	-6077.197	-6277.06	199.8625	1.031215	2.068086	0.5028644	4.934745
4332	-6061.083	-6261.389	200.3055	1.061647	2.183275	0.5028644	4.634422
4338	-6061.175	-6262.004	200.8297	1.110268	2.201672	0.4046435	4.404576
4344	-6057.276	-6258.234	200.9585	1.156004	2.201672	0.423082	4.286367
4350	-6071.591	-6272.641	201.0497	1.107326	2.201672	0.5687818	4.124188
4356	-6064.614	-6266.151	201.5361	1.086259	2.201672	0.4628046	3.956702
4362	-6065.039	-6265.815	200.7757	1.112124	2.651718	0.4628046	4.245721
4368	-6081.131	-6281.656	200.5246	1.035827	2.098548	0.6156924	4.45527
4374	-6078.463	-6277.496	199.0335	1.01628	2.033747	0.6592261	5.284107
4380	-6069.066	-6269.395	200.329	1.143012	2.033747	0.398359	4.727041
4386	-6062.799	-6263.135	200.3351	1.154991	1.767579	0.3818908	4.82583
4392	-6064.314	-6263.976	199.6621	1.000708	2.253253	0.4881135	5.019904
4398	-6067.221	-6268.455	201.2339	1.152423	2.505665	0.4881135	3.977129
4404	-6073.204	-6274.218	201.0138	1.180164	2.505665	0.3788478	4.200609
4410	-6062.691	-6263.586	200.8952	1.161382	2.493106	0.3788478	4.282
4416	-6059.601	-6259.864	200.2624	1.081802	2.190755	0.5263612	4.623629
4422	-6057.42	-6259.06	201.6405	1.06822	2.190755	0.5263612	3.849801
4428	-6075.37	-6275.904	200.5344	1.035789	2.190755	0.4764667	4.543061
4434	-6064.274	-6264.882	200.6079	1.09451	1.994568	0.4642218	4.543061
4440	-6070.018	-6271.187	201.1693	1.172782	1.994568	0.4137901	4.2336
4446	-6075.531	-6276.537	201.0063	1.358546	2.062061	0.3450681	4.276379
4452	-6066.451	-6267.5	201.0488	1.20774	2.321935	0.3450681	4.257318
4458	-6058.254	-6258.882	200.6275	1.1421	2.214247	0.374413	4.530105
4464	-6055.246	-6255.81	200.5642	1.126832	2.214247	0.4998055	4.445823
4470	-6064.64	-6264.502	199.8616	0.9651977	2.214247	0.465746	4.961693
4476	-6057.561	-6257.363	199.802	1.028239	2.217847	0.4270267	4.997188
4482	-6053.85	-6253.515	199.6653	1.06339	2.269318	0.4270267	5.038276
4488	-6061.717	-6260.833	199.1157	1.081831	2.067518	0.4270267	5.393453
4494	-6071.365	-6269.982	198.6163	0.9087024	2.067518	0.4542609	5.735932
4500	-6074.3	-6274.507	200.2076	1.040307	1.915895	0.48861	4.800493
4506	-6074.507	-6274.487	199.9806	1.023443	1.915895	0.48861	4.936384
4512	-6085.567	-6285.633	200.0661	1.029115	1.993215	0.4411496	4.905938
4518	-6069.639	-6269.167	199.528	0.8916837	1.993215	0.432156	5.289509
4524	-6066.152	-6266.135	199.9836	0.9449503	1.993215	0.5115866	4.931562
4530	-6063.493	-6264.095	200.6019	1.074056	1.993215	0.5115866	4.513601
4536	-6076.389	-6277.694	201.3044	1.104013	2.182649	0.5946005	3.964823
4542	-6073.695	-6275.282	201.587	1.09702	2.23823	0.5038422	3.870187
4548	-6065.042	-6265.801	200.7585	1.213004	2.23823	0.5152069	4.265857
4554	-6077.941	-6279.403	201.4614	1.305636	2.23823	0.5152069	3.811806
4560	-6086.947	-6287.659	200.712	0.9972869	2.108031	0.6179577	4.366447
4566	-6076.11	-6276.964	200.854	1.072388	2.325412	0.6179577	4.176901
4572	-6066.802	-6266.33	199.5278	1.004499	2.073558	0.5798655	5.06681
4578	-6074.21	-6274.293	200.0832	1.006316	2.445224	0.5306511	4.688005
4584	-6086.642	-6286.39	199.748	1.049289	2.353529	0.5306511	4.877192
4590	-6081.133	-6280.758	199.6248	0.9757289	1.920197	0.4867209	5.160665
4596	-6077.299	-6276.848	199.5496	0.9606223	1.920197	0.4867209	5.210653
4602	-6059.579	-6259.521	199.942	1.043257	2.161044	0.4867209	4.869676
4608	-6058.454	-6259.364	200.9097	1.135635	2.264603	0.4701023	4.258738
4614	-6065.645	-6266.71	201.0646	1.053943	2.367023	0.4701023	4.186859
4620	-6064.35	-6265.311	200.9615	1.14944	2.367023	0.4745456	4.186859
4626	-6070.156	-6271.19	201.0331	1.184239	2.367023	0.415209	4.186859
4632	-6056.498	-6258.003	201.5045	1.290129	2.367023	0.3584541	3.921453
4638	-6065.165	-6265.648	200.4829	1.090697	2.808601	0.3584541	4.494373
4644	-6063.62	-6263.074	199.4543	1.006233	2.426573	0.3700656	5.202827
4650	-6060.412	-6260.846	200.4339	1.067314	2.416687	0.4621559	4.529087
4656	-6064.204	-6264.839	200.6354	1.077623	2.172729	0.4621559	4.482183
4662	-6065.425	-6265.665	200.2401	1.063129	2.374252	0.4621559	4.652247
4668	-6074.907	-6273.598	198.6909	0.924164	2.040976	0.4970794	5.654747
4674	-6069.931	-6270.38	200.4498	1.040328	2.237502	0.5136778	4.53902
4680	-6076.026	-6275.245	199.2186	0.9391911	2.417219	0.5136778	5.22917
4686	-6073.324	-6273.076	199.7522	0.9643331	2.21305	0.4178012	5.071266
4692	-6077.388	-6277.089	199.7007	1.061512	2.129969	0.4178012	5.071266
4698	-6070.077	-6269.797	199.72	1.042158	2.129969	0.4178012	5.071266
4704	-6066.899	-6267.639	200.7404	1.108337	1.961131	0.420169	4.516544
4710	-6063.479	-6263.993	200.5144	1.102798	2.366634	0.4242068	4.516544
4716	-6058.198	-6259.537	201.3391	1.23721	2.303028	0.3857729	4.033686
4722	-6062.792	-6264.385	201.5931	1.185488	2.228181	0.3857729	3.940803
4728	-6063.786	-6264.156	200.3706	1.132973	2.150669	0.3857729	4.686122
4734	-6071.173	-6271.398	200.2253	1.040027	2.150669	0.5197602	4.686122
4740	-6069.291	-6269.545	200.2543	1.044478	2.288026	0.40976	4.733179
4746	-6068.136	-6268.501	200.3649	1.021697	2.288026	0.5506429	4.549174
4752	-6082.367	-6282.603	200.2366	1.091764	2.279417	0.3743199	4.757888
4758	-6067.883	-6267.969	200.086	1.171136	2.279417	0.35123	4.824175
4764	-6082.372	-6283.934	201.5616	1.221503	2.279417	0.4054206	3.9007
4770	-6071.361	-6270.539	199.1774	1.06428	2.401441	0.41302	5.284366
4776	-6066.99	-6265.928	198.9377	1.019591	2.292959	0.41302	5.472043
4782	-6086.247	-6286.616	200.3683	0.8953124	1.966816	0.4299889	4.832113
4788	-6066.256	-6266.233	199.9774	0.9784232	1.925859	0.5804784	4.879055
4794	-6057.195	-6256.306	199.1107	0.9754077	1.818858	0.5126339	5.455576
4800	-6068.92	-6268.262	199.3419	0.9394644	1.818858	0.4934617	5.365416
4806	-6068.612	-6268.862	200.2504	1.029596	2.225907	0.4595494	4.711436
4812	-6060.993	-6260.447	199.4539	1.029596	2.225907	0.4595494	5.154683
4818	-6058.286	-6259.005	200.7191	1.085784	2.225907	0.4595494	4.416701
4824	-6063.457	-6264.354	200.8972	1.050783	2.134986	0.4605298	4.363088
4830	-6071.033	-6270.84	199.8064	1.062115	2.300264	0.4605298	4.918016
4836	-6076.397	-6276.384	199.9868	1.152959	2.129191	0.3659855	4.918016
4842	-6075.068	-6277.867	202.7986	1.388017	2.290572	0.4543215	3.023759
4848	-6072.456	-6275.269	202.8127	1.354281	2.066597	0.4379599	3.126325
4854	-6070.971	-6271.777	200.8059	1.06718	1.847192	0.633833	4.348614
4860	-6069.597	-6271.05	201.4526	1.142242	1.847192	0.5329887	4.023802
4866	-6075.076	-6276.446	201.3702	1.142242	1.847192	0.5869062	4.023802
4872	-6067.31	-6267.974	200.6638	1.095172	2.231361	0.4588536	4.441612
4878	-6079.603	-6279.146	199.5425	0.8990706	2.231361	0.4223421	5.213385
4884	-6073.179	-6271.677	198.498	1.030823	2.231361	0.4658779	5.672901
4890	-6065.543	-6264.544	199.0013	0.9769569	1.773915	0.5274545	5.517579
4896	-6067.142	-6267.666	200.524	1.066536	2.16529	0.5274545	4.492157
4902	-6071.282	-6272.624	201.3417	1.255668	2.164458	0.5274545	3.920987
4908	-6067.202	-6268.503	201.3018	1.188023	2.006751	0.4488553	4.1091
4914	-6074.505	-6275.881	201.3758	1.213129	2.006751	0.3780626	4.128754
4920	-6070.153	-6272.099	201.9462	1.143551	2.134816	0.4380003	3.734543
4926	-6065.348	-6266.16	200.8119	1.111362	2.233641	0.5232695	4.287217
4932	-6062.408	-6262.359	199.9509	1.002636	2.263221	0.4229344	4.919317
4938	-6066.504	-6265.767	199.263	1.013008	1.724387	0.4229344	5.470239
4944	-6061.651	-6262.606	200.9551	1.001547	2.151737	0.5972274	4.229575
4950	-6069.821	-6271.954	202.1335	1.282698	2.151737	0.5161381	3.461926
4956	-6065.897	-6267.369	201.4717	1.133479	2.134398	0.4039038	4.049172
4962	-6069.668	-6270.495	200.8269	1.186073	2.089247	0.4077848	4.395239
4968	-6061.768	-6262.288	200.5205	1.056167	2.096334	0.4000859	4.646562
4974	-6069.47	-6269.048	199.5783	1.120876	1.959885	0.461355	5.116926
4980	-6069.167	-6268.782	199.6146	1.049814	2.159189	0.4173643	5.116926
4986	-6068.496	-6269.311	200.8149	1.091986	2.159189	0.5727772	4.27594
4992	-6074.723	-6275.722	200.999	1.127362	2.304838	0.4597259	4.210994
4998	-6080.707	-6281.652	200.9448	1.109753	2.188404	0.4849597	4.262431
5004	-6066.482	-6266.595	200.1137	1.014159	2.021981	0.5007265	4.821088
5010	-6074.563	-6275.179	200.6163	1.056075	1.941662	0.5007265	4.542802
5016	-6083.714	-6284.419	200.7044	0.9117347	1.744323	0.6181481	4.542802
5022	-6077.783	-6277.306	199.5237	0.97837	1.744323	0.5968345	5.180907
5028	-6073.397	-6272.579	199.1819	0.9368267	2.330435	0.4757707	5.310171
5034	-6074.299	-6274.594	200.2953	1.041281	2.330435	0.4757707	4.633051
5040	-6063.118	-6261.941	198.8232	0.9780439	2.02948	0.4131849	5.637616
5046	-6061.009	-6260.957	199.9477	1.089753	1.996018	0.4083226	4.970927
5052	-6053.54	-6254.008	200.4683	1.147868	1.996018	0.404882	4.651668
5058	-6074.933	-6276.432	201.4996	1.18044	2.387143	0.5306676	3.802795
5064	-6067.47	-6268.541	201.0714	1.046797	2.393443	0.6278308	4.0398
5070	-6066.507	-6268.52	202.0131	1.173856	2.393443	0.6278308	3.4225
5076	-6069.577	-6269.473	199.8963	1.011931	2.433311	0.5768614	4.752942
5082	-6049.249	-6249.875	200.626	1.020877	2.393279	0.4203241	4.49623
5088	-6049.075	-6249.678	200.603	1.117208	2.015579	0.4954752	4.49623
5094	-6055.67	-6256.36	200.6904	1.060426	1.945167	0.5021344	4.49623
5100	-6060.006	-6260.965	200.9592	1.164566	1.926648	0.5021344	4.292125
5106	-6064.138	-6265.686	201.5475	1.100791	1.926648	0.5876865	3.917509
5112	-6065.269	-6266.846	201.5771	1.151409	2.055865	0.4766075	3.928904
5118	-6061.989	-6263.319	201.33	1.139539	1.991633	0.4664801	4.108071
5124	-6072.594	-6274.167	201.5735	1.2496	2.030554	0.4450401	3.91473
5130	-6061.538	-6263.202	201.6642	1.158913	2.030554	0.4450401	3.91473
5136	-6067.045	-6268.071	201.0264	1.180343	2.030554	0.4849107	4.226537
5142	-6062.616	-6264.279	201.6631	1.203555	2.086578	0.503015	3.814075
5148	-6068.919	-6269.914	200.9949	1.067098	2.32728	0.4951167	4.206568
5154	-6078.646	-6278.669	200.0232	1.083508	2.32728	0.4951167	4.74435
5160	-6060.951	-6260.038	199.0873	1.058049	2.25217	0.4119169	5.381574
5166	-6063.139	-6262.764	199.6254	1.036336	2.25217	0.4460874	5.061272
5172	-6067.855	-6269.188	201.3327	1.122891	2.247436	0.4460874	4.054747
5178	-6077.923	-6279.12	201.1971	1.168895	2.247436	0.4460874	4.10577
5184	-6068.22	-6270.1	201.88	1.234709	1.808176	0.421138	3.849813
5190	-6074.337	-6276.104	201.7672	1.330815	2.199747	0.3238183	3.840731
5196	-6065.893	-6268.243	202.3499	1.330815	2.067425	0.3700651	3.489215
5202	-6071.057	-6270.778	199.7215	1.08086	2.171943	0.3705184	5.087144
5208	-6078.146	-6278.187	200.041	1.017426	2.204679	0.4901775	4.812328
5214	-6080.052	-6279.517	199.4654	1.000551	2.344856	0.4372908	5.151569
5220	-6087.904	-6288.782	200.8774	1.112411	2.293706	0.4333383	4.31836
5226	-6074.561	-6275.62	201.0584	1.122983	1.89877	0.4333383	4.336534
5232	-6074.226	-6275.294	201.0674	1.195179	1.89877	0.4333383	4.290604
5238	-6080.013	-6281.323	201.3103	1.322978	2.317494	0.4133272	3.966436
5244	-6077.136	-6278.305	201.1686	1.175133	2.146515	0.3988415	4.199591
5250	-6079.684	-6280.905	201.2204	1.158294	2.502661	0.3832939	4.091394
5256	-6074.536	-6276.234	201.6978	1.103112	2.502661	0.5177271	3.711657
5262	-6084.506	-6285.676	201.1693	1.176724	2.048059	0.5408573	4.089938
5268	-6074.25	-6275.021	200.7709	1.023296	2.048133	0.4519492	4.486044
5274	-6061.802	-6262.69	200.8878	1.153326	2.126053	0.4804757	4.293837
5280	-6078.859	-6278.822	199.9633	1.073665	2.009706	0.4843883	4.890925
5286	-6080.453	-6281.192	200.7391	1.098091	2.009706	0.4836336	4.443507
5292	-6081.373	-6281.12	199.7464	1.083117	2.021011	0.509153	4.979818
5298	-6081.744	-6281.165	199.42	1.013975	1.924537	0.4735573	5.263677
5304	-6085.88	-6284.064	198.1837	0.9911316	2.504108	0.4493838	5.805902
5310	-6086.478	-6286.704	200.2267	0.9954427	1.924537	0.4438669	4.855298
5316	-6071.068	-6271.04	199.9711	1.089639	2.055873	0.4438669	4.902106
5322	-6073.539	-6273.055	199.5158	0.9605837	2.055873	0.4438669	5.226307
5328	-6076.578	-6275.961	199.383	1.035519	1.863989	0.4438669	5.321473
5334	-6064.34	-6264.253	199.9132	1.200691	2.102397	0.3127531	5.004457
5340	-6082.893	-6282.401	199.5081	1.001998	1.646524	0.4922462	5.302774
5346	-6088.39	-6287.371	198.9816	0.9963064	1.646524	0.4553984	5.630494
5352	-6077.855	-6277.938	200.0829	1.17025	2.012287	0.4612653	4.791719
5358	-6067.915	-6268.826	200.9111	1.156914	1.915823	0.3752814	4.457383
5364	-6076.285	-6277.275	200.9892	1.177076	1.985056	0.3752814	4.378584
5370	-6073.307	-6274.148	200.8414	1.135648	2.15367	0.3752814	4.431019
5376	-6071.785	-6271.578	199.7936	1.121583	2.174962	0.3021941	5.105772
5382	-6062.479	-6262.545	200.0657	1.106036	2.111264	0.3950731	4.873535
5388	-6067.846	-6267.938	200.0921	1.036862	2.207841	0.3740295	4.890844
5394	-6066.44	-6266.082	199.6417	1.080493	2.207841	0.3740295	5.116829
5400	-6077.014	-6277.35	200.336	1.05747	2.510313	0.3744478	4.655573
5406	-6079.972	-6280.145	200.1732	1.001214	2.054012	0.4104588	4.873676
5412	-6079.213	-6279.425	200.2122	1.132972	2.042345	0.4104588	4.782203
5418	-6073.426	-6274.301	200.8755	1.242356	1.929989	0.3653071	4.435851
5424	-6075.313	-6275.638	200.3245	1.182182	2.372891	0.4464457	4.554105
5430	-6066.796	-6267.87	201.0745	1.125694	1.908119	0.4285858	4.327594
5436	-6069.625	-6269.278	199.6537	0.97331	1.957199	0.4285858	5.190312
5442	-6073.823	-6273.689	199.8663	1.139997	2.376909	0.3328601	4.957546
5448	-6080.954	-6281.736	200.782	1.277849	2.254155	0.3494774	4.383456
5454	-6077.25	-6278.421	201.1707	1.226905	1.962053	0.3582499	4.275214
5460	-6072.206	-6273.528	201.3219	1.136663	2.290316	0.4616733	4.024327
5466	-6068.431	-6269.791	201.3604	1.068505	2.399025	0.4616733	4.009162
5472	-6073.427	-6273.676	200.2493	0.9909111	1.956752	0.4654815	4.813156
5478	-6061.985	-6262.36	200.3745	1.040794	1.956752	0.541902	4.644869
5484	-6066.624	-6267.237	200.6121	1.139947	2.32345	0.4864442	4.391262
5490	-6063.899	-6264.64	200.7405	1.039001	2.32345	0.4703896	4.391262
5496	-6079.05	-6278.512	199.462	0.9835753	2.276537	0.4615946	5.158689
5502	-6068.132	-6268.305	200.173	1.035019	1.981927	0.4064566	4.882625
5508	-6075.83	-6276.296	200.4659	1.117016	1.7701	0.4064566	4.746418
5514	-6078.533	-6278.675	200.1418	1.054308	1.696138	0.4195504	4.975279
5520	-6060.675	-6260.937	200.2614	0.9977313	1.696138	0.5285619	4.835805
5526	-6072.174	-6272.241	200.0679	0.9823549	1.696138	0.5426754	4.93977
5532	-6061.717	-6261.174	199.4574	1.042321	2.126272	0.4631633	5.172474
5538	-6067.106	-6266.991	199.8848	0.9934823	2.126272	0.5911094	4.848617
5544	-6060.674	-6259.755	199.0813	0.9400089	2.146978	0.5911094	5.317504
5550	-6063.11	-6262.517	199.4074	0.9754156	2.146978	0.5234701	5.175051
5556	-6060.586	-6259.892	199.3063	0.917362	2.069732	0.5234701	5.287069
5562	-6075.627	-6276.359	200.7321	1.177594	2.29221	0.393397	4.406595
5568	-6065.594	-6266.89	201.2953	1.177594	2.29221	0.4439979	4.033452
5574	-6061.107	-6262.206	201.099	1.071241	2.29221	0.5692802	4.088634
5580	-6054.273	-6254.376	200.1028	1.06559	2.177125	0.5692802	4.689015
5586	-6060.79	-6261.858	201.0679	1.205368	2.177125	0.4143519	4.213234
5592	-6072.12	-6273.288	201.1677	1.195259	2.474186	0.4557604	4.031161
5598	-6076.739	-6277.479	200.7398	1.178074	2.015066	0.4412693	4.437978
5604	-6085.005	-6286.024	201.0189	1.152726	2.053678	0.4412693	4.282027
5610	-6062.462	-6264.084	201.6227	1.147281	2.157264	0.4412693	3.907969
5616	-6053.035	-6253.667	200.6322	1.03511	2.17079	0.4412693	4.529342
5622	-6068.273	-6269.028	200.7542	0.9834434	2.439408	0.6149556	4.253388
5628	-6074.768	-6276.417	201.6483	1.181056	1.906856	0.6149556	3.797635
5634	-6082.03	-6282.905	200.8754	1.090998	2.571381	0.414126	4.272749
5640	-6082.963	-6284.819	201.8566	1.271864	2.649128	0.4358719	3.562189
5646	-6078.59	-6281.599	203.0094	1.263457	1.91059	0.5245798	3.030114
5652	-6070.792	-6270.504	199.7123	1.14673	2.844753	0.312784	4.940464
5658	-6068.374	-6268.063	199.6894	1.112269	1.909175	0.312784	5.240148
5664	-6070.272	-6271.483	201.2108	1.112269	2.484659	0.426448	4.081123
5670	-6085.785	-6285.728	199.9422	1.115971	2.443501	0.3790887	4.856199
5676	-6070.787	-6269.545	198.7582	1.033934	1.927829	0.3790887	5.711822
5682	-6080.196	-6279.043	198.8474	1.096697	2.213149	0.2973319	5.635984
5688	-6068.363	-6269.389	201.0261	1.13004	2.213149	0.5157058	4.168342
5694	-6071.323	-6270.566	199.2427	0.9174344	2.015489	0.6082845	5.268345
5700	-6069.989	-6269.621	199.6315	0.9645056	1.976875	0.4088886	5.221362
5706	-6070.456	-6270.837	200.3804	0.9622888	1.87818	0.5190174	4.732524
5712	-6076.414	-6277.139	200.7243	1.06399	2.158205	0.4587584	4.447641
5718	-6077.446	-6278.493	201.0474	1.0558	1.946756	0.4493951	4.347967
5724	-6082.53	-6283.264	200.7335	1.17187	2.33784	0.415538	4.371693
5730	-6074.932	-6276.753	201.8216	1.186929	2.120515	0.4624953	3.760895
5736	-6076.468	-6277.362	200.8941	1.113479	1.928507	0.4444791	4.413063
5742	-6070.626	-6271.343	200.7167	1.136894	1.928507	0.4454538	4.498833
5748	-6070.474	-6268.92	198.4457	0.9788707	1.928507	0.4146141	5.875069
5754	-6078.465	-6276.551	198.0859	0.9257181	2.020415	0.4168788	6.068378
5760	-6075.847	-6273.682	197.835	0.9331479	2.197804	0.4168788	6.146629
5766	-6064.409	-6265.581	201.1715	1.060472	1.938953	0.4925156	4.235657
5772	-6060.063	-6260.613	200.5497	1.176353	2.031475	0.3849332	4.600231
5778	-6070.062	-6270.159	200.0969	1.085708	2.031475	0.4115532	4.87522
5784	-6053.802	-6253.322	199.5201	1.047299	2.031475	0.5150313	5.116593
5790	-6063.764	-6263.075	199.3116	0.9855468	2.031475	0.502675	5.277247
5796	-6065.923	-6265.046	199.1238	0.9610012	2.014766	0.4777673	5.422795
5802	-6073.19	-6272.872	199.6818	0.9761017	2.093806	0.5284734	5.034625
5808	-6065.947	-6265.657	199.7098	0.9770194	2.093806	0.510511	5.034625
5814	-6064.456	-6265.084	200.6272	1.044017	2.242068	0.4480981	4.498501
5820	-6069.739	-6270.096	200.357	1.147223	2.208963	0.4491154	4.601298
5826	-6058.53	-6258.881	200.3508	1.083248	2.1402	0.4491154	4.661787
5832	-6073.33	-6273.537	200.2069	1.049773	2.05915	0.4491154	4.786567
5838	-6073.452	-6272.307	198.8551	0.9741534	2.05915	0.4491154	5.576688
5844	-6063.884	-6263.869	199.9843	0.9924684	2.322048	0.4727972	4.839483
5850	-6063.951	-6263.613	199.6622	0.9335445	2.322048	0.45755	5.066117
5856	-6063.038	-6262.671	199.6324	1.003635	2.043744	0.524574	5.066117
5862	-6072.621	-6273.053	200.4317	1.130971	2.043744	0.4591536	4.610388
5868	-6067.308	-6268.324	201.0156	1.120218	2.05636	0.4922826	4.251295
5874	-6077.273	-6278.015	200.7418	1.137164	2.05636	0.4311432	4.456769
5880	-6065.089	-6265.799	200.7102	1.072093	2.05636	0.4311432	4.511188
5886	-6063.437	-6263.928	200.4903	1.151778	2.341706	0.406892	4.528095
5892	-6064.844	-6264.017	199.1732	1.041495	2.138636	0.406892	5.382674
5898	-6048.569	-6248.182	199.6129	1.075653	2.138636	0.406892	5.120832
5904	-6058.476	-6258.347	199.8712	1.07812	2.138636	0.3993689	4.984146
5910	-6059.309	-6258.931	199.622	1.104563	2.138636	0.4469157	5.058816
5916	-6054.8	-6254.596	199.7961	1.055055	1.828525	0.4806401	5.058816
5922	-6069.239	-6268.849	199.61	0.9683778	1.894441	0.4806401	5.187314
5928	-6073.336	-6272.876	199.5401	0.9406842	1.894441	0.4806401	5.24126
5934	-6068.623	-6267.996	199.373	0.9406842	1.894441	0.4806401	5.333523
5940	-6079.948	-6281.088	201.1399	1.060972	2.108828	0.4588485	4.229958
5946	-6070.873	-6272.176	201.3031	1.217195	2.182169	0.391963	4.09564
5952	-6062.731	-6263.602	200.8708	1.103405	2.015514	0.4898784	4.358348
5958	-6057.49	-6258.389	200.8993	1.074957	2.015514	0.4898784	4.358348
5964	-6062.535	-6262.429	199.8944	1.002748	2.015514	0.4716716	4.978925
5970	-6071.22	-6271.892	200.6714	1.169731	2.015514	0.3582807	4.571143
5976	-6081.37	-6281.472	200.1017	1.269384	2.015514	0.3403177	4.855273
5982	-6070.392	-6271.145	200.7528	1.207112	2.015514	0.3403177	4.525678
5988	-6059.31	-6260.033	200.723	1.088336	2.015514	0.471264	4.468059
5994	-6069.387	-6269.964	200.5763	1.041972	1.883167	0.471264	4.621022
6000	-6070.377	-6269.121	198.7439	1.070479	1.879504	0.3527378	5.745333
6006	-6068.83	-6268.718	199.888	1.024427	1.935816	0.3527378	5.121757
6012	-6066.097	-6264.826	198.7296	1.006064	1.935816	0.3820374	5.736905
6018	-6063.933	-6264.586	200.6531	1.073028	1.935816	0.4308724	4.582805
6024	-6078.315	-6280.655	202.34	1.342891	2.031245	0.352687	3.521007
6030	-6074.98	-6276.88	201.9004	1.166103	2.263721	0.3933999	3.755818
6036	-6070.446	-6271.72	201.2739	1.241608	2.263721	0.469726	3.99186
6042	-6072.896	-6275.25	202.3539	1.363858	2.163657	0.469726	3.326693
6048	-6072.405	-6274.628	202.2222	1.338023	2.456838	0.4719772	3.326693
6054	-6076.636	-6277.955	201.3189	1.234189	2.315718	0.4719772	3.952461
6060	-6079.799	-6280.588	200.789	1.234096	2.315718	0.4963441	4.230909
6066	-6076.402	-6278.773	202.3709	1.202004	2.103692	0.4963441	3.404913
6072	-6071.282	-6272.93	201.6478	1.133861	2.135896	0.4614676	3.887511
6078	-6084.249	-6286.254	202.0053	1.234685	2.021396	0.4614676	3.660907
6084	-6076.948	-6278.503	201.5555	1.135362	2.420697	0.412643	3.903859
6090	-6064.112	-6264.283	200.171	1.096155	2.021396	0.4992018	4.744884
6096	-6068.482	-6269.805	201.3225	1.091909	2.403427	0.457834	4.019999
6102	-6068.681	-6270.004	201.3235	1.153558	2.403427	0.3942626	4.051274
6108	-6061.806	-6262.602	200.7962	1.081773	2.141806	0.4215107	4.440186
6114	-6059.21	-6259.951	200.7411	1.086531	1.954405	0.4402675	4.50993
6120	-6079.36	-6281.277	201.9167	1.305463	2.305171	0.4747257	3.567021
6126	-6084.185	-6287.481	203.2959	1.358972	2.158521	0.4747257	2.762276
6132	-6071.715	-6272.74	201.0246	1.263247	1.774569	0.4747257	4.279018
6138	-6066.286	-6267.896	201.61	1.161843	1.77268	0.4747257	4.004449
6144	-6084.028	-6283.715	199.6875	1.092742	1.77268	0.4850633	5.113717
6150	-6073.094	-6272.159	199.0649	0.9798459	2.375978	0.402826	5.410837
6156	-6076.412	-6275.547	199.1358	0.8656723	1.776003	0.4856563	5.541693
6162	-6086.47	-6286.934	200.4638	1.026525	2.867679	0.5159209	4.364594
6168	-6092.954	-6292.748	199.7944	1.043331	2.819865	0.5159209	4.743086
6174	-6077.272	-6277.091	199.8197	1.109986	2.128451	0.5017302	4.896759
6180	-6079.137	-6279.752	200.6156	1.104058	2.051576	0.5017302	4.479003
6186	-6061.981	-6262.448	200.4668	1.00776	2.051576	0.5017302	4.616695
6192	-6064.632	-6265.531	200.8991	1.01025	2.051576	0.4349946	4.437229
6198	-6061.364	-6262.624	201.26	1.140665	1.984469	0.4130338	4.204573
6204	-6066.394	-6266.416	200.0215	1.070754	1.984326	0.4036534	4.949232
6210	-6064.859	-6264.4	199.541	0.967964	1.889702	0.4366998	5.269962
6216	-6068.399	-6269.474	201.0754	1.162645	1.677778	0.4640695	4.353624
6222	-6069.958	-6270.507	200.5494	1.115431	1.677778	0.4383829	4.701481
6228	-6060.644	-6261.583	200.9386	1.082215	2.012472	0.5019723	4.321651
6234	-6065.798	-6266.878	201.0795	1.042351	2.091432	0.4596272	4.279517
6240	-6065.019	-6265.053	200.0334	1.026599	2.047214	0.4895483	4.861156
6246	-6075.263	-6275.528	200.2644	1.074559	2.16802	0.6036274	4.567745
6252	-6088.504	-6290.064	201.5603	1.144353	3.01565	0.5082818	3.641065
6258	-6089.143	-6290.026	200.8837	1.189025	3.343008	0.3791428	4.061703
6264	-6076.174	-6277.733	201.5588	1.156545	2.281	0.4184663	3.924901
6270	-6078.323	-6277.639	199.3162	1.047119	1.814044	0.4598225	5.353577
6276	-6070.87	-6270.236	199.3651	1.03005	1.865633	0.4242075	5.353577
6282	-6076.654	-6277.321	200.6668	1.185201	2.312954	0.4127179	4.412078
6288	-6080.632	-6281.474	200.8425	1.206367	2.141989	0.3597217	4.412078
6294	-6070.681	-6271.097	200.4159	1.079077	2.034292	0.428386	4.682336
6300	-6066.047	-6266.482	200.4345	1.111524	2.034292	0.428386	4.653789
6306	-6065.995	-6266.609	200.614	1.201686	2.385227	0.3485462	4.483631
6312	-6069.194	-6269.647	200.4529	1.102755	2.242056	0.3485462	4.67161
6318	-6066.001	-6266.55	200.5488	1.073066	2.242056	0.3969975	4.579608
6324	-6055.25	-6256.428	201.1775	1.119588	2.158255	0.4403222	4.178441
6330	-6070.477	-6270.772	200.2946	1.025337	2.226699	0.449302	4.698987
6336	-6064.14	-6263.819	199.6791	0.9426017	2.180265	0.5066708	5.047544
6342	-6092.415	-6292.42	200.0051	1.150105	2.207664	0.3533576	4.899946
6348	-6086.766	-6286.972	200.2056	0.9578943	1.944094	0.4255892	4.899946
6354	-6075.386	-6274.751	199.3653	0.9522872	2.057543	0.4251716	5.332317
6360	-6088.417	-6288.269	199.8523	0.9556922	2.16408	0.4664782	4.986636
6366	-6087.36	-6287.281	199.9205	0.9748812	2.042904	0.4852945	4.95817
6372	-6084.768	-6284.415	199.6469	0.9748812	2.042904	0.4852945	5.110059
6378	-6090.699	-6290.573	199.8742	0.9752343	1.997622	0.3752602	5.110669
6384	-6088.012	-6288.679	200.6666	1.187111	2.159043	0.4131114	4.457289
6390	-6081.745	-6283.267	201.5223	1.288986	2.162174	0.3530038	3.98084
6396	-6067.488	-6268.104	200.6164	1.243698	2.296345	0.4244453	4.400069
6402	-6071.264	-6272.854	201.5896	1.148379	2.296345	0.4615345	3.86267
6408	-6068.361	-6269.554	201.1932	1.143576	2.305687	0.452575	4.098266
6414	-6080.191	-6279.916	199.7248	0.9807395	2.305687	0.452575	5.014825
6420	-6077.008	-6278.025	201.0166	1.095482	2.305687	0.4387277	4.240055
6426	-6078.787	-6279.745	200.958	1.071072	2.273136	0.4194366	4.3168
6432	-6065.35	-6266.179	200.8296	1.164451	2.323368	0.3880025	4.355711
6438	-6065.752	-6266.36	200.6086	1.106024	2.323368	0.4239307	4.474598
6444	-6066.729	-6267.302	200.5729	1.109735	2.004492	0.4345917	4.580508
6450	-6074.261	-6276.555	202.2939	1.228521	2.303348	0.454968	3.412396
6456	-6072.572	-6273.662	201.0898	1.155238	2.303348	0.4552295	4.14851
6462	-6073.038	-6274.223	201.1846	1.138945	2.303348	0.4085943	4.152402
6468	-6073.35	-6274.684	201.3342	1.11311	2.303348	0.5244538	3.966872
6474	-6065.582	-6267.225	201.6432	1.114872	2.303348	0.5244538	3.788494
6480	-6082.907	-6283.479	200.572	0.9780868	2.025808	0.5387945	4.549209
6486	-6070.002	-6270.608	200.6057	1.128256	1.834075	0.5387945	4.510869
6492	-6057.928	-6258.474	200.5461	1.048844	1.834075	0.5387945	4.588998
6498	-6066.901	-6266.124	199.2232	1.071899	2.023241	0.3971161	5.384919
6504	-6061.858	-6262.711	200.8524	1.102611	2.534652	0.4842427	4.218433
6510	-6060.363	-6261.226	200.8631	1.024518	2.30918	0.5052752	4.301207
6516	-6055.798	-6256.402	200.6035	1.101926	2.109618	0.5052752	4.465121
6522	-6062.776	-6263.216	200.4406	1.194923	2.109618	0.3536672	4.661566
6528	-6072.669	-6274.121	201.4527	1.336307	2.235232	0.3657072	3.955789
6534	-6081.126	-6281.794	200.6674	1.056498	2.412433	0.3606402	4.513304
6540	-6073.249	-6274.191	200.9417	1.242066	2.588465	0.3606402	4.204646
6546	-6071.377	-6272.372	200.995	1.21843	2.588465	0.3464671	4.204646
6552	-6065.591	-6267.076	201.4852	1.206563	2.249846	0.3681073	4.004131
6558	-6083.765	-6285.059	201.2943	1.075312	2.249846	0.4954285	4.054519
6564	-6063.95	-6264.635	200.6846	1.143458	2.276654	0.4229342	4.425583
6570	-6070.509	-6270.823	200.314	1.110705	2.276654	0.4229342	4.652218
6576	-6071.932	-6272.781	200.8491	1.149279	2.276654	0.3945047	4.359983
6582	-6060.091	-6260.971	200.8804	1.149279	2.276654	0.4273443	4.307124
6588	-6071.994	-6273.48	201.486	1.175945	2.155834	0.4748502	3.936508
6594	-6088.408	-6288.717	200.3085	0.9667825	2.249361	0.5704717	4.606223
6600	-6069.597	-6270.209	200.6119	1.068697	2.099972	0.4967885	4.490046
6606	-6073.715	-6274.478	200.7625	1.172004	2.099972	0.359441	4.490046
6612	-6068.713	-6270.317	201.6036	1.154543	2.259322	0.4662922	3.857538
6618	-6059.082	-6261.053	201.9719	1.225117	1.82673	0.5203812	3.696779
6624	-6057.714	-6259.606	201.8917	1.16885	2.053617	0.5203812	3.696779
6630	-6063.314	-6263.606	200.2925	1.123916	2.053617	0.5203812	4.631583
6636	-6055.369	-6256.102	200.7332	1.013331	2.053617	0.5203812	4.446081
6642	-6057.839	-6258.272	200.4331	1.032031	2.019184	0.4277855	4.704554
6648	-6055.503	-6256.287	200.7842	1.147805	2.019184	0.4277855	4.442467
6654	-6064.858	-6265.759	200.9007	1.031278	2.019184	0.4277855	4.442467
6660	-6072.122	-6272.544	200.4223	1.03002	2.019184	0.6729547	4.497174
6666	-6077.657	-6277.994	200.3369	1.03002	1.928466	0.6218699	4.614834
6672	-6076.812	-6277.336	200.5232	1.131543	2.151436	0.4760605	4.508061
6678	-6075.247	-6275.795	200.5477	1.153593	2.151436	0.4310572	4.52669
6684	-6057.125	-6256.851	199.7253	1.104975	2.151436	0.4311668	5.013144
6690	-6072.291	-6271.891	199.5995	1.081424	2.151436	0.3681878	5.163323
6696	-6072.113	-6272.284	200.1714	1.035057	1.978581	0.379232	4.914147
6702	-6073.103	-6274.813	201.7096	1.158312	1.97598	0.458711	3.893473
6708	-6060.683	-6261.5	200.8171	1.081644	2.228723	0.458711	4.363737
6714	-6073.731	-6273.751	200.0205	1.069792	2.228723	0.4438145	4.832168
6720	-6064.989	-6265.015	200.0261	0.9942463	2.228723	0.4839287	4.832168
6726	-6073.205	-6273.505	200.3006	0.9748906	2.092154	0.4839287	4.731792
6732	-6055.574	-6255.803	200.2296	1.133193	1.817488	0.5686823	4.69913
6738	-6058.295	-6259.265	200.9695	1.158043	2.479618	0.5565979	4.069487
6744	-6065.105	-6265.815	200.7094	1.229334	1.983875	0.4117058	4.467218
6750	-6056.97	-6258.422	201.4521	1.184599	2.051329	0.508956	3.952042
6756	-6065.912	-6267.12	201.2083	1.13557	2.192442	0.4675091	4.113846
6762	-6070.664	-6269.398	198.7347	1.071516	2.19117	0.4227875	5.575057
6768	-6066.019	-6266.055	200.0364	1.013212	2.383141	0.4181368	4.835899
6774	-6068.581	-6267.626	199.0449	1.046515	1.933013	0.5180237	5.409074
6780	-6065.306	-6265.976	200.6706	1.096075	2.102199	0.5020815	4.435933
6786	-6069.862	-6270.663	200.8011	1.095342	1.870123	0.5684103	4.381036
6792	-6062.963	-6263.825	200.8623	1.122909	1.870123	0.5684103	4.330875
6798	-6066.867	-6267.075	200.2087	1.059463	2.004586	0.5684103	4.688658
6804	-6061.695	-6262.022	200.327	0.9862821	2.004586	0.537853	4.689737
6810	-6059.191	-6260.542	201.3508	1.295411	2.004586	0.3618415	4.115605
6816	-6064.282	-6265.173	200.8917	1.228634	2.184464	0.3643531	4.353124
6822	-6067.353	-6268.221	200.8684	1.132113	2.011043	0.4163179	4.418562
6828	-6070.668	-6269.523	198.8554	0.985767	2.262123	0.5068189	5.454316
6834	-6093.372	-6293.959	200.5872	1.132128	1.904195	0.4350677	4.59307
6840	-6079.899	-6281.083	201.1839	1.116212	1.865397	0.5068189	4.209055
6846	-6085.741	-6285.896	200.1552	1.116909	1.959763	0.4446545	4.814845
6852	-6079.915	-6280.308	200.3928	1.146551	1.969499	0.4265609	4.680657
6858	-6069.637	-6269.91	200.2729	1.098689	2.31103	0.4394601	4.654889
6864	-6055.996	-6255.602	199.6055	1.03968	2.327652	0.4519105	5.042602
6870	-6076.183	-6276.51	200.3271	0.9647452	2.024069	0.5146913	4.716057
6876	-6076.631	-6276.717	200.0853	1.046182	1.762155	0.4735127	4.933355
6882	-6083.496	-6283.137	199.6407	1.006865	2.002929	0.4519105	5.140621
6888	-6069.804	-6271.307	201.5033	1.096115	1.945793	0.5114182	4.006464
6894	-6061.694	-6262.695	201.0011	1.060092	2.125738	0.4322928	4.330578
6900	-6061.902	-6262.194	200.2918	1.079693	2.125738	0.4811637	4.670171
6906	-6065.568	-6266.074	200.506	1.103113	2.125738	0.4811637	4.536883
6912	-6068.147	-6267.791	199.6435	0.9951922	2.125738	0.5426732	5.022925
6918	-6059.129	-6259.499	200.3698	0.9984258	2.125738	0.528092	4.628795
6924	-6065.834	-6265.01	199.1754	0.9821547	2.125738	0.422825	5.401657
6930	-6058.87	-6257.848	198.9788	0.8984475	2.115826	0.4087516	5.573457
6936	-6071.83	-6270.31	198.4802	0.9903762	2.312989	0.5022355	5.64736
6942	-6061.762	-6261.624	199.8617	0.928208	2.098456	0.5022355	4.98343
6948	-6057.017	-6256.136	199.119	0.928208	2.098456	0.5022355	5.394425
6954	-6054.832	-6254.604	199.7721	1.081822	2.504721	0.3026549	5.044293
6960	-6057.362	-6257.406	200.0444	1.064128	2.21909	0.5219434	4.750906
6966	-6072.211	-6272.375	200.1636	1.073675	2.06853	0.543658	4.706499
6972	-6050.258	-6251.739	201.4807	1.204998	2.297574	0.5510474	3.807843
6978	-6053.248	-6254.87	201.6226	1.191142	1.915778	0.4580289	3.945871
6984	-6061.693	-6263.536	201.843	1.25212	1.915778	0.4580289	3.784251
6990	-6061.631	-6263.348	201.7166	1.177843	2.264539	0.4580289	3.785882
6996	-6063.483	-6263.922	200.4391	1.115319	2.189983	0.3917201	4.638979
7002	-6078.584	-6280.108	201.5246	1.273068	1.889948	0.5250154	3.899818
7008	-6075.965	-6276.388	200.4235	1.121985	2.171925	0.406849	4.63319
7014	-6056.475	-6255.921	199.4461	1.109755	2.189983	0.425492	5.159305
7020	-6054.423	-6254.317	199.8933	1.090376	2.158028	0.3774846	4.982994
7026	-6063.687	-6264.154	200.4671	1.070321	2.129613	0.4336289	4.622823
7032	-6068.174	-6268.502	200.3279	1.054725	1.967596	0.459236	4.736104
7038	-6078.185	-6279.234	201.0487	1.101081	1.967596	0.511198	4.255086
7044	-6077.18	-6277.434	200.2542	0.9644805	2.093078	0.4650165	4.781367
7050	-6074.724	-6274.444	199.7203	0.9095181	2.063398	0.4329235	5.150008
7056	-6082.966	-6282.494	199.5277	1.032236	2.2219	0.4230149	5.150008
7062	-6089.83	-6291.17	201.3393	1.070842	2.294953	0.5332303	3.982715
7068	-6067.883	-6268.663	200.78	1.118334	2.294953	0.4770638	4.326081
7074	-6079.952	-6279.547	199.5947	1.071578	1.841497	0.5518879	5.092871
7080	-6065.236	-6266.438	201.2015	1.142596	1.841497	0.461136	4.236352
7086	-6076.827	-6277.32	200.4927	1.103789	1.841497	0.5572754	4.569438
7092	-6065.59	-6264.616	199.026	0.9834658	1.841497	0.5525785	5.455124
7098	-6070.716	-6268.169	197.4527	0.8255897	2.390838	0.4212086	6.353178
7104	-6075.319	-6274.53	199.2104	0.9557571	2.049359	0.3979448	5.446733
7110	-6069.176	-6268.891	199.7148	1.037703	2.287294	0.5566582	4.898805
7116	-6066.369	-6267.085	200.7167	1.080881	1.99307	0.4618308	4.492391
7122	-6079.324	-6280.04	200.7156	1.053788	1.9976	0.5442726	4.430216
7128	-6067.76	-6266.894	199.1341	0.9665805	2.222344	0.5085596	5.32149
7134	-6071.848	-6271.499	199.6509	0.9490469	2.474515	0.5097959	4.971678
7140	-6076.058	-6275.482	199.4242	0.886849	2.104629	0.5145133	5.235827
7146	-6070.393	-6270.152	199.759	0.9276418	2.104629	0.5102791	5.031568
7152	-6074.863	-6276.211	201.3485	1.140053	2.623217	0.382906	3.996
7158	-6074.518	-6276.521	202.0032	1.305023	1.893131	0.4573932	3.669832
7164	-6088.571	-6289.909	201.338	1.115659	1.893131	0.4573932	4.159773
7170	-6068.477	-6269.615	201.138	1.092986	2.283187	0.4671184	4.15071
7176	-6075.927	-6275.685	199.7571	0.9754313	2.161553	0.4671184	5.028708
7182	-6081.187	-6281.617	200.4306	1.064958	2.543067	0.3900527	4.571982
7188	-6072.44	-6272.389	199.9484	1.057927	2.543067	0.3543057	4.885972
7194	-6062.88	-6263.489	200.6088	1.12883	2.183225	0.4178194	4.510186
7200	-6068.364	-6268.323	199.9596	1.065619	2.183225	0.4059919	4.921189
7206	-6068.068	-6267.935	199.8675	1.083044	2.137488	0.4059919	4.976749
7212	-6058.705	-6258.258	199.5534	1.057112	2.072204	0.4176287	5.173535
7218	-6072.172	-6272.067	199.8951	1.028766	2.072204	0.4210052	4.996291
7224	-6071.847	-6273.799	201.952	1.132691	2.183567	0.65347	3.526136
7230	-6073.833	-6275.505	201.6722	1.276637	2.310296	0.5032307	3.696183
7236	-6075.995	-6277.643	201.6479	1.182698	2.734278	0.4369507	3.710885
7242	-6077.542	-6279.277	201.7351	1.129906	2.372855	0.5192251	3.710885
7248	-6070.878	-6272.324	201.4458	1.20407	1.995465	0.4006154	4.072617
7254	-6084.975	-6285.065	200.0906	1.138887	2.222382	0.4006154	4.801207
7260	-6090.693	-6292.117	201.4242	1.170011	2.29477	0.4336639	3.97403
7266	-6085.494	-6286.986	201.4919	1.123152	2.076791	0.4336639	4.030284
7272	-6072.841	-6273.246	200.4042	1.004501	2.12533	0.4986987	4.632963
7278	-6065.895	-6265.868	199.9732	1.009564	2.197624	0.4986987	4.848758
7284	-6074.1	-6274.425	200.3245	0.99168	1.884723	0.582982	4.689797
7290	-6065.695	-6264.504	198.8088	0.9403952	2.043129	0.5584034	5.526775
7296	-6061.393	-6260.865	199.4727	0.9327658	2.155199	0.5847162	5.107738
7302	-6062.353	-6263.477	201.1236	1.162704	2.155199	0.5847162	4.0515
7308	-6068.193	-6269.66	201.4666	1.133703	2.266537	0.4251472	3.988019
7314	-6082.047	-6281.845	199.798	0.9878935	2.43835	0.4316547	4.953298
7320	-6072.442	-6273.159	200.717	1.125447	2.181725	0.4251472	4.443976
7326	-6073.865	-6275.419	201.5535	1.149136	2.181725	0.4274301	3.953276
7332	-6071.492	-6272.582	201.0905	1.112302	2.33397	0.5075878	4.112837
7338	-6064.456	-6264.719	200.2635	1.047944	2.550782	0.5423	4.524109
7344	-6061.436	-6261.288	199.8528	1.024976	2.446043	0.472533	4.859651
7350	-6063.378	-6263.959	200.5809	1.072573	2.393892	0.4931634	4.420051
7356	-6059.711	-6259.989	200.2778	1.037694	2.432944	0.526163	4.568797
7362	-6079.058	-6279.494	200.4354	1.045167	2.470636	0.4194344	4.568797
7368	-6063.705	-6263.996	200.2915	1.087626	2.470636	0.4762447	4.568797
7374	-6059.241	-6259.595	200.3536	1.152403	2.765493	0.3495838	4.553718
7380	-6068.096	-6267.94	199.8444	1.055562	2.355297	0.4415491	4.903337
7386	-6060.42	-6261.201	200.7816	1.12718	2.355297	0.442419	4.336759
7392	-6063.436	-6263.165	199.7292	1.186574	2.540407	0.4520852	4.832446
7398	-6069.434	-6270.062	200.628	1.093439	2.154694	0.3571288	4.595279
7404	-6073.658	-6274.163	200.5049	1.117403	1.966249	0.4664178	4.595279
7410	-6079.572	-6280.692	201.12	1.098998	1.904253	0.4433859	4.303089
7416	-6077.761	-6279.084	201.3237	1.098998	1.847871	0.5184618	4.134862
7422	-6074.371	-6275.264	200.893	1.182719	2.248216	0.4858367	4.231282
7428	-6069.065	-6270.056	200.991	1.153908	2.248216	0.4858367	4.192018
7434	-6070.039	-6271.853	201.8139	1.211096	2.118679	0.4372774	3.777874
7440	-6067.673	-6269.145	201.4715	1.211096	2.118679	0.546531	3.869464
7446	-6073.595	-6273.921	200.3263	1.03464	1.836845	0.546531	4.712341
7452	-6074.491	-6274.754	200.263	1.062543	2.603981	0.4585402	4.579726
7458	-6073.854	-6273.192	199.3379	0.9626696	1.815051	0.4605541	5.387119
7464	-6082.255	-6282.525	200.2695	1.166075	2.237463	0.4335132	4.646948
7470	-6066.922	-6266.505	199.5828	1.002245	1.985745	0.4335132	5.199145
7476	-6071.268	-6271.237	199.969	1.05016	1.985745	0.4139547	4.978536
7482	-6065.532	-6265.983	200.4507	1.134379	1.985745	0.4868931	4.590076
7488	-6071.54	-6271.888	200.348	1.023192	1.776306	0.4811013	4.78744
7494	-6065.056	-6264.902	199.8459	1.002729	2.001218	0.4657848	5.016146
7500	-6075.086	-6276.212	201.1257	1.157723	2.023115	0.4778549	4.192263
7506	-6078.615	-6279.834	201.2184	1.159949	2.023115	0.5103746	4.107501
7512	-6070.316	-6270.539	200.2237	1.040194	2.054368	0.4846007	4.749706
7518	-6068.932	-6268.339	199.4074	1.087799	2.306727	0.4846007	5.100469
7524	-6063.017	-6262.686	199.6692	0.956384	2.198716	0.4031387	5.141381
7530	-6070.897	-6272.16	201.2632	1.085142	1.694507	0.5248872	4.227475
7536	-6080.615	-6282.217	201.6022	1.037541	1.694507	0.5188024	4.067319
7542	-6070.726	-6271.357	200.6308	1.009804	2.200217	0.4740695	4.502872
7548	-6057.509	-6258.131	200.6213	1.052341	2.200217	0.4740695	4.484303
7554	-6058.35	-6258.124	199.7743	1.086754	2.200217	0.3425941	5.078301
7560	-6055.551	-6255.346	199.7957	1.025404	2.100454	0.3890835	5.078301
7566	-6052.004	-6252.04	200.0355	1.012246	2.248663	0.4026276	4.892488
7572	-6063.661	-6263.923	200.2622	1.073084	2.248663	0.3838484	4.752531
7578	-6063.786	-6264.005	200.2194	1.019235	2.248663	0.4347241	4.752531
7584	-6070.977	-6272.803	201.8259	1.123819	2.248663	0.4347241	3.782919
7590	-6062.918	-6264.364	201.4462	1.185653	2.345122	0.3613723	4.017621
7596	-6058.188	-6259.274	201.0861	1.173363	1.915128	0.3613723	4.365595
7602	-6060.975	-6261.855	200.8799	1.067073	2.067079	0.6076898	4.253482
7608	-6068.936	-6270.908	201.9724	1.224859	1.664322	0.6076898	3.681199
7614	-6068.132	-6269.781	201.649	1.137467	1.664322	0.6076898	3.917704
7620	-6087.448	-6289.457	202.0093	1.193475	1.664322	0.6095746	3.676411
7626	-6075.551	-6276.825	201.2735	1.163814	2.33088	0.5309644	3.958438
7632	-6080.121	-6282.396	202.2744	1.197589	2.33088	0.4374721	3.451778
7638	-6067.611	-6268.098	200.4868	1.138691	1.869408	0.4583568	4.634331
7644	-6075.432	-6274.897	199.4647	0.9552515	1.869408	0.5215798	5.246053
7650	-6073.943	-6274.75	200.8077	0.9686292	1.97528	0.5320964	4.444503
7656	-6080.694	-6280.567	199.8734	1.070375	2.497042	0.5320964	4.753863
7662	-6062.448	-6262.536	200.0879	1.015177	2.101439	0.5693014	4.749081
7668	-6065.846	-6265.587	199.7415	0.9557513	2.018407	0.5693014	5.001701
7674	-6074.333	-6274.081	199.7484	0.995102	2.410859	0.4150193	5.001701
7680	-6070.251	-6269.844	199.593	1.095935	2.51244	0.4150193	5.003934
7686	-6057.571	-6257.488	199.9164	1.037677	1.964372	0.4312329	5.003934
7692	-6065.877	-6266.599	200.7214	1.08187	1.942408	0.4037695	4.565763
7698	-6067.914	-6268.69	200.776	1.153692	1.998285	0.4622821	4.415806
7704	-6074.031	-6275.345	201.3145	1.108254	2.024321	0.4669041	4.123377
7710	-6068.837	-6269.823	200.9856	1.114714	2.024321	0.3659882	4.413475
7716	-6068.733	-6269.514	200.781	1.007906	2.347083	0.4976379	4.352956
7722	-6073.329	-6272.238	198.9092	0.9781873	1.635001	0.5512102	5.597786
7728	-6077.592	-6278.255	200.6628	1.044827	2.280339	0.4867017	4.428839
7734	-6082.009	-6280.408	198.3991	1.05947	1.81976	0.4402336	5.867388
7740	-6063.047	-6261.376	198.329	0.9609594	2.233844	0.4289481	5.839068
7746	-6064.587	-6262.505	197.9177	0.8595796	2.233844	0.5663889	5.99411
7752	-6074.145	-6272.599	198.4535	0.9335928	2.233844	0.5367595	5.685705
7758	-6076.619	-6275.658	199.039	0.9717019	1.724038	0.5367595	5.509472
7764	-6071.035	-6271.325	200.2906	1.107876	2.488419	0.4762903	4.552943
7770	-6066.288	-6266.26	199.9717	1.107876	2.48747	0.4762903	4.73189
7776	-6056.046	-6257.403	201.357	1.195153	2.48747	0.4003559	3.97764
7782	-6077.265	-6277.249	199.9847	0.957797	1.89113	0.5489328	4.924929
7788	-6074.117	-6274.17	200.0534	1.00331	1.869465	0.486451	4.924929
7794	-6082.947	-6283.33	200.3831	1.003918	1.869465	0.5722392	4.664404
7800	-6069.273	-6269.669	200.3965	1.036087	1.914615	0.5047273	4.682777
7806	-6082.344	-6282.272	199.9286	1.056471	2.0829	0.5920345	4.801937
7812	-6084.15	-6283.999	199.8487	1.158498	2.0829	0.5920345	4.789623
7818	-6079.798	-6279.99	200.1916	1.042541	2.010864	0.540431	4.729665
7824	-6070.278	-6271.321	201.0429	1.137124	2.239022	0.599596	4.073621
7830	-6069.866	-6269.644	199.7784	1.065339	2.558535	0.4860681	4.834939
7836	-6062.693	-6261.965	199.2726	1.000976	2.419652	0.4404487	5.233715
7842	-6068.435	-6268.199	199.7639	1.000976	2.031553	0.4404487	5.077757
7848	-6069.733	-6268.248	198.5149	1.088194	2.137394	0.4108034	5.715099
7854	-6074.32	-6275.009	200.6882	1.172945	1.880893	0.4108034	4.546742
7860	-6067.966	-6270.029	202.0632	1.172945	2.005736	0.4722215	3.657619
7866	-6060.246	-6262.018	201.7718	1.229764	2.249931	0.4029669	3.786819
7872	-6059.361	-6261.077	201.716	1.255233	2.307319	0.4029669	3.786819
7878	-6066.656	-6268.568	201.9119	1.086299	2.521771	0.5146986	3.594789
7884	-6058.263	-6260.716	202.4528	1.155446	1.87531	0.482882	3.476225
7890	-6067.376	-6268.874	201.4986	1.212357	2.584965	0.591097	3.67531
7896	-6071.403	-6272.656	201.253	1.152507	2.322927	0.5045956	4.003317
7902	-6070.857	-6271.188	200.3307	0.9760723	1.973185	0.4791744	4.757364
7908	-6056.219	-6256.047	199.8273	0.9303791	1.973185	0.4875203	5.055234
7914	-6067.644	-6267.406	199.7622	1.009273	1.973185	0.4793181	5.055234
7920	-6075.101	-6275.651	200.5501	1.061988	2.291457	0.4891572	4.47705
7926	-6072.387	-6272.821	200.4338	1.203226	2.064143	0.3671217	4.659598
7932	-6082.745	-6282.973	200.2278	1.158637	1.973185	0.4167106	4.775171
7938	-6071.056	-6271.075	200.0197	1.068851	2.076973	0.4384066	4.8854
7944	-6060.648	-6262.061	201.4135	1.153462	2.083076	0.4606363	4.028224
7950	-6066.756	-6267.587	200.8316	1.131076	2.514015	0.4606363	4.242819
7956	-6068.606	-6268.909	200.3022	1.144338	2.421203	0.531454	4.493722
7962	-6065.119	-6265.729	200.6102	0.9973318	2.079546	0.5015463	4.533211
7968	-6067.999	-6269.807	201.8085	1.107836	2.041899	0.5015463	3.801621
7974	-6067.13	-6267.552	200.4219	1.141687	1.862656	0.5015463	4.630151
7980	-6063.493	-6264.141	200.6483	1.090606	2.196601	0.4014119	4.522833
7986	-6061.578	-6263.617	202.0384	1.269479	2.196601	0.4014119	3.62818
7992	-6062.549	-6263.386	200.8373	1.084941	2.196601	0.538395	4.285561
7998	-6078.721	-6277.799	199.0785	1.052665	2.196601	0.4776622	5.340821
8004	-6081.199	-6281.259	200.0607	1.063798	2.196601	0.4776622	4.789705
8010	-6084.32	-6284.182	199.8614	1.034272	1.95818	0.4800426	4.990539
8016	-6088.771	-6289.179	200.408	1.117697	2.120874	0.4792198	4.587091
8022	-6076.848	-6277.289	200.4416	1.005391	1.954635	0.5370336	4.632129
8028	-6073.419	-6271.948	198.5292	0.9078196	2.39322	0.4556725	5.686567
8034	-6066.124	-6265.831	199.7076	1.087217	1.882896	0.3544299	5.202706
8040	-6075.706	-6276.163	200.4572	1.0655	1.99372	0.3949518	4.715461
8046	-6079.964	-6280.41	200.4459	0.9847067	1.792647	0.4657754	4.763142
8052	-6076.51	-6276.4	199.8898	1.066033	1.792647	0.4304656	5.062501
8058	-6069.691	-6270.159	200.4678	1.057876	2.311759	0.4525495	4.555106
8064	-6072.603	-6271.797	199.1942	1.061058	1.867235	0.4525495	5.401861
8070	-6069.844	-6269.848	200.0035	1.020601	1.867235	0.4310625	4.997923
8076	-6069.677	-6269.914	200.2373	1.077336	1.916844	0.4311972	4.819123
8082	-6067.714	-6268.536	200.8225	1.153208	2.070891	0.4450282	4.383351
8088	-6063.655	-6263.869	200.2137	1.031797	2.033091	0.4450282	4.805261
8094	-6076.058	-6276.588	200.5296	0.9730237	1.888275	0.4148861	4.740777
8100	-6080.842	-6281.677	200.8343	1.133687	1.888275	0.4831907	4.411187
8106	-6082.78	-6282.665	199.885	1.030347	1.888275	0.4831907	5.000184
8112	-6082.367	-6283.203	200.8362	1.059272	2.286663	0.5474777	4.265327
8118	-6074.895	-6274.513	199.6179	1.047832	2.363578	0.5129994	4.963322
8124	-6067.921	-6268.042	200.1204	1.016076	2.566125	0.4298921	4.724588
8130	-6049.711	-6249.735	200.0242	1.049055	2.042124	0.5332933	4.815655
8136	-6051.134	-6250.558	199.4235	1.028788	2.318662	0.4491977	5.154803
8142	-6066.715	-6266.878	200.1636	1.038655	2.318662	0.5183739	4.672085
8148	-6072.604	-6272.356	199.7524	0.9893129	2.318662	0.517007	4.930369
8154	-6070.613	-6271.156	200.5427	1.033016	2.338695	0.5624864	4.417628
8160	-6073.852	-6273.951	200.0987	0.9771042	1.937617	0.5147467	4.865135
8166	-6062.415	-6261.509	199.094	0.9816152	1.937617	0.4406413	5.488842
8172	-6066.269	-6267.847	201.5782	1.160064	1.989599	0.4770252	3.944952
8178	-6071.964	-6272.57	200.6053	1.117755	1.881099	0.4189627	4.615574
8184	-6066.354	-6267.134	200.7805	1.094218	2.239438	0.5533609	4.286146
8190	-6068.177	-6269.146	200.9695	1.200006	1.846964	0.4825977	4.312383
8196	-6068.236	-6269.385	201.1494	1.169783	2.36511	0.3958704	4.150522
8202	-6073.583	-6274.86	201.2777	1.17718	2.070886	0.4861497	4.071068
8208	-6063.889	-6264.141	200.2521	1.028665	2.025248	0.4861497	4.748195
8214	-6066.2	-6266.281	200.0806	1.052503	2.021958	0.400685	4.917439
8220	-6072.638	-6272.066	199.4273	1.002193	2.415748	0.4268291	5.162302
8226	-6077.658	-6277.733	200.0756	1.00731	2.171431	0.4268291	4.870874
8232	-6065.729	-6266.087	200.3578	1.040049	2.033914	0.4609426	4.704153
8238	-6069.943	-6270.193	200.2507	1.040049	2.301077	0.4383888	4.704153
8244	-6080.649	-6281.081	200.4324	0.9537639	1.835294	0.5403424	4.704153
8250	-6079.392	-6279.796	200.4042	1.101437	1.935059	0.3855951	4.754747
8256	-6066.178	-6266.923	200.745	1.147956	1.935059	0.3917405	4.530925
8262	-6066.757	-6268.038	201.2816	1.167904	2.236464	0.4508043	4.056745
8268	-6064.664	-6265.841	201.1773	1.166602	2.236464	0.4436374	4.124241
8274	-6057.61	-6258.469	200.8588	1.035909	2.038736	0.5478441	4.342839
8280	-6065.68	-6267.314	201.6338	1.137717	2.269891	0.456642	3.856324
8286	-6069.885	-6271.532	201.6468	1.300624	2.269891	0.4646072	3.747021
8292	-6075.55	-6276.311	200.7606	1.159845	2.269891	0.4184412	4.38019
8298	-6070.493	-6272.527	202.0337	1.308661	2.366057	0.4524219	3.501229
8004	-8477.61	-8673.633	196.0223	2.108011	1.75464	0.3081477	6.756762
8406	-1008750	-13796.32	-994953.3	127.1173	19.58936	1128.392	497515.7
8802	-1.440558e+08	-17625.49	-1.440382e+08	241.2429	66.0087	312337.1	7.201908e+07
8808	-1.371583e+08	-19043.75	-1.371393e+08	304.8844	71.31153	376360.1	6.856959e+07
9204	-2.328549e+10	-23651.77	-2.328546e+10	78.40888	2748.741	7.772689e+11	1.164273e+10
